DEBUG qtp1571971206-20 org.eclipse.jetty.http.HttpParser - parseNext s=START HeapByteBuffer@39f6e8ab[p=0,l=0,c=8192,r=0]={<<<>>>HTTP/1.1 302 Foun...\x00\x00\x00\x00\x00\x00\x00\x00\x00\x00\x00\x00\x00\x00\x00}
DEBUG qtp1571971206-20 org.eclipse.jetty.server.HttpConnection - HttpConnection@34b442[p=HttpParser{s=START,0 of -1},g=HttpGenerator@66394547{s=START}]=>HttpChannelOverHttp@a199547{r=12,c=false,a=IDLE,uri=null}<-SocketChannelEndPoint@606ab89d{/[0:0:0:0:0:0:0:1]:56053<->/[0:0:0:0:0:0:0:1]:4567,OPEN,fill=-,flush=-,to=6/3600000}{io=0/0,kio=0,kro=1}->HttpConnection@34b442[p=HttpParser{s=START,0 of -1},g=HttpGenerator@66394547{s=START}]=>HttpChannelOverHttp@a199547{r=12,c=false,a=IDLE,uri=null} parsed false HttpParser{s=START,0 of -1}
DEBUG qtp1571971206-20 org.eclipse.jetty.server.HttpConnection - releaseRequestBuffer HttpConnection@34b442[p=HttpParser{s=START,0 of -1},g=HttpGenerator@66394547{s=START}]=>HttpChannelOverHttp@a199547{r=12,c=false,a=IDLE,uri=null}<-SocketChannelEndPoint@606ab89d{/[0:0:0:0:0:0:0:1]:56053<->/[0:0:0:0:0:0:0:1]:4567,OPEN,fill=-,flush=-,to=6/3600000}{io=0/0,kio=0,kro=1}->HttpConnection@34b442[p=HttpParser{s=START,0 of -1},g=HttpGenerator@66394547{s=START}]=>HttpChannelOverHttp@a199547{r=12,c=false,a=IDLE,uri=null}
DEBUG qtp1571971206-20 org.eclipse.jetty.io.AbstractConnection - fillInterested HttpConnection@34b442[p=HttpParser{s=START,0 of -1},g=HttpGenerator@66394547{s=START}]=>HttpChannelOverHttp@a199547{r=12,c=false,a=IDLE,uri=null}<-SocketChannelEndPoint@606ab89d{/[0:0:0:0:0:0:0:1]:56053<->/[0:0:0:0:0:0:0:1]:4567,OPEN,fill=-,flush=-,to=7/3600000}{io=0/0,kio=0,kro=1}->HttpConnection@34b442[p=HttpParser{s=START,0 of -1},g=HttpGenerator@66394547{s=START}]=>HttpChannelOverHttp@a199547{r=12,c=false,a=IDLE,uri=null}
DEBUG qtp1571971206-20 org.eclipse.jetty.io.FillInterest - interested FillInterest@3ea3155d{AC.ReadCB@34b442{HttpConnection@34b442[p=HttpParser{s=START,0 of -1},g=HttpGenerator@66394547{s=START}]=>HttpChannelOverHttp@a199547{r=12,c=false,a=IDLE,uri=null}<-SocketChannelEndPoint@606ab89d{/[0:0:0:0:0:0:0:1]:56053<->/[0:0:0:0:0:0:0:1]:4567,OPEN,fill=FI,flush=-,to=0/3600000}{io=0/0,kio=0,kro=1}->HttpConnection@34b442[p=HttpParser{s=START,0 of -1},g=HttpGenerator@66394547{s=START}]=>HttpChannelOverHttp@a199547{r=12,c=false,a=IDLE,uri=null}}}
DEBUG qtp1571971206-20 org.eclipse.jetty.io.ChannelEndPoint - changeInterests p=false 0->1 for SocketChannelEndPoint@606ab89d{/[0:0:0:0:0:0:0:1]:56053<->/[0:0:0:0:0:0:0:1]:4567,OPEN,fill=FI,flush=-,to=0/3600000}{io=0/1,kio=0,kro=1}->HttpConnection@34b442[p=HttpParser{s=START,0 of -1},g=HttpGenerator@66394547{s=START}]=>HttpChannelOverHttp@a199547{r=12,c=false,a=IDLE,uri=null}
DEBUG qtp1571971206-20 org.eclipse.jetty.io.ManagedSelector - Queued change CEP:SocketChannelEndPoint@606ab89d{/[0:0:0:0:0:0:0:1]:56053<->/[0:0:0:0:0:0:0:1]:4567,OPEN,fill=FI,flush=-,to=1/3600000}{io=0/1,kio=0,kro=1}->HttpConnection@34b442[p=HttpParser{s=START,0 of -1},g=HttpGenerator@66394547{s=START}]=>HttpChannelOverHttp@a199547{r=12,c=false,a=IDLE,uri=null}:runUpdateKey:NON_BLOCKING on org.eclipse.jetty.io.ManagedSelector@555df741 id=1 keys=1 selected=0 actions=0
DEBUG qtp1571971206-20 org.eclipse.jetty.server.HttpConnection - HttpConnection@34b442[p=HttpParser{s=START,0 of -1},g=HttpGenerator@66394547{s=START}]=>HttpChannelOverHttp@a199547{r=12,c=false,a=IDLE,uri=null}<-SocketChannelEndPoint@606ab89d{/[0:0:0:0:0:0:0:1]:56053<->/[0:0:0:0:0:0:0:1]:4567,OPEN,fill=FI,flush=-,to=1/3600000}{io=0/1,kio=0,kro=1}->HttpConnection@34b442[p=HttpParser{s=START,0 of -1},g=HttpGenerator@66394547{s=START}]=>HttpChannelOverHttp@a199547{r=12,c=false,a=IDLE,uri=null} onFillable exit HttpChannelState@5d6664b6{s=IDLE a=NOT_ASYNC i=true r=IDLE w=false} null
DEBUG qtp1571971206-20 org.eclipse.jetty.util.thread.ReservedThreadExecutor - ReservedThreadExecutor@318a62ca{s=2/4,p=0}@SelectorManager@ServerConnector@653ccb0d{HTTP/1.1,[http/1.1]}{0.0.0.0:4567}@2814d592 waiting
DEBUG qtp1571971206-17 org.eclipse.jetty.io.ManagedSelector - Selector sun.nio.ch.KQueueSelectorImpl@1caac4c6 woken up from select, 0/1 selected
DEBUG qtp1571971206-17 org.eclipse.jetty.io.ManagedSelector - Selector sun.nio.ch.KQueueSelectorImpl@1caac4c6 processing 0 keys, 1 actions
DEBUG qtp1571971206-17 org.eclipse.jetty.io.ManagedSelector - action=CEP:SocketChannelEndPoint@606ab89d{/[0:0:0:0:0:0:0:1]:56053<->/[0:0:0:0:0:0:0:1]:4567,OPEN,fill=FI,flush=-,to=5/3600000}{io=0/1,kio=0,kro=1}->HttpConnection@34b442[p=HttpParser{s=START,0 of -1},g=HttpGenerator@66394547{s=START}]=>HttpChannelOverHttp@a199547{r=12,c=false,a=IDLE,uri=null}:runUpdateKey:NON_BLOCKING wakeup=false
DEBUG qtp1571971206-17 org.eclipse.jetty.util.thread.strategy.EatWhatYouKill - EatWhatYouKill@558e7c93/SelectorProducer@73de0512/PRODUCING/ReservedThreadExecutor@318a62ca{s=2/4,p=0}@SelectorManager@ServerConnector@653ccb0d{HTTP/1.1,[http/1.1]}{0.0.0.0:4567} t=CEP:SocketChannelEndPoint@606ab89d{/[0:0:0:0:0:0:0:1]:56053<->/[0:0:0:0:0:0:0:1]:4567,OPEN,fill=FI,flush=-,to=5/3600000}{io=0/1,kio=0,kro=1}->HttpConnection@34b442[p=HttpParser{s=START,0 of -1},g=HttpGenerator@66394547{s=START}]=>HttpChannelOverHttp@a199547{r=12,c=false,a=IDLE,uri=null}:runUpdateKey:NON_BLOCKING/NON_BLOCKING
DEBUG qtp1571971206-17 org.eclipse.jetty.util.thread.strategy.EatWhatYouKill - EatWhatYouKill@558e7c93/SelectorProducer@73de0512/PRODUCING/ReservedThreadExecutor@318a62ca{s=2/4,p=0}@SelectorManager@ServerConnector@653ccb0d{HTTP/1.1,[http/1.1]}{0.0.0.0:4567} PC t=CEP:SocketChannelEndPoint@606ab89d{/[0:0:0:0:0:0:0:1]:56053<->/[0:0:0:0:0:0:0:1]:4567,OPEN,fill=FI,flush=-,to=5/3600000}{io=0/1,kio=0,kro=1}->HttpConnection@34b442[p=HttpParser{s=START,0 of -1},g=HttpGenerator@66394547{s=START}]=>HttpChannelOverHttp@a199547{r=12,c=false,a=IDLE,uri=null}:runUpdateKey:NON_BLOCKING
DEBUG qtp1571971206-17 org.eclipse.jetty.io.ChannelEndPoint - Key interests updated 0 -> 1 on SocketChannelEndPoint@606ab89d{/[0:0:0:0:0:0:0:1]:56053<->/[0:0:0:0:0:0:0:1]:4567,OPEN,fill=FI,flush=-,to=6/3600000}{io=1/1,kio=1,kro=1}->HttpConnection@34b442[p=HttpParser{s=START,0 of -1},g=HttpGenerator@66394547{s=START}]=>HttpChannelOverHttp@a199547{r=12,c=false,a=IDLE,uri=null}
DEBUG qtp1571971206-17 org.eclipse.jetty.io.ManagedSelector - Forcing selection, actions=0
DEBUG qtp1571971206-17 org.eclipse.jetty.io.ManagedSelector - action=null wakeup=false
DEBUG qtp1571971206-17 org.eclipse.jetty.io.ManagedSelector - Selector sun.nio.ch.KQueueSelectorImpl@1caac4c6 waiting on select
DEBUG qtp1571971206-17 org.eclipse.jetty.io.ManagedSelector - Selector sun.nio.ch.KQueueSelectorImpl@1caac4c6 woken up from select, 1/1 selected
DEBUG qtp1571971206-17 org.eclipse.jetty.io.ManagedSelector - Selector sun.nio.ch.KQueueSelectorImpl@1caac4c6 processing 1 keys, 0 actions
DEBUG qtp1571971206-17 org.eclipse.jetty.io.ManagedSelector - selected channel=java.nio.channels.SocketChannel[connected local=/[0:0:0:0:0:0:0:1]:4567 remote=/[0:0:0:0:0:0:0:1]:56053], selector=sun.nio.ch.KQueueSelectorImpl@1caac4c6, interestOps=1, readyOps=1 SocketChannelEndPoint@606ab89d{/[0:0:0:0:0:0:0:1]:56053<->/[0:0:0:0:0:0:0:1]:4567,OPEN,fill=FI,flush=-,to=9/3600000}{io=1/1,kio=1,kro=1}->HttpConnection@34b442[p=HttpParser{s=START,0 of -1},g=HttpGenerator@66394547{s=START}]=>HttpChannelOverHttp@a199547{r=12,c=false,a=IDLE,uri=null} 
DEBUG qtp1571971206-17 org.eclipse.jetty.io.ChannelEndPoint - onSelected 1->0 r=true w=false for SocketChannelEndPoint@606ab89d{/[0:0:0:0:0:0:0:1]:56053<->/[0:0:0:0:0:0:0:1]:4567,OPEN,fill=FI,flush=-,to=10/3600000}{io=1/0,kio=1,kro=1}->HttpConnection@34b442[p=HttpParser{s=START,0 of -1},g=HttpGenerator@66394547{s=START}]=>HttpChannelOverHttp@a199547{r=12,c=false,a=IDLE,uri=null}
DEBUG qtp1571971206-17 org.eclipse.jetty.io.ChannelEndPoint - task CEP:SocketChannelEndPoint@606ab89d{/[0:0:0:0:0:0:0:1]:56053<->/[0:0:0:0:0:0:0:1]:4567,OPEN,fill=FI,flush=-,to=10/3600000}{io=1/0,kio=1,kro=1}->HttpConnection@34b442[p=HttpParser{s=START,0 of -1},g=HttpGenerator@66394547{s=START}]=>HttpChannelOverHttp@a199547{r=12,c=false,a=IDLE,uri=null}:runFillable:BLOCKING
DEBUG qtp1571971206-17 org.eclipse.jetty.util.thread.strategy.EatWhatYouKill - EatWhatYouKill@558e7c93/SelectorProducer@73de0512/PRODUCING/ReservedThreadExecutor@318a62ca{s=2/4,p=0}@SelectorManager@ServerConnector@653ccb0d{HTTP/1.1,[http/1.1]}{0.0.0.0:4567} t=CEP:SocketChannelEndPoint@606ab89d{/[0:0:0:0:0:0:0:1]:56053<->/[0:0:0:0:0:0:0:1]:4567,OPEN,fill=FI,flush=-,to=10/3600000}{io=1/0,kio=1,kro=1}->HttpConnection@34b442[p=HttpParser{s=START,0 of -1},g=HttpGenerator@66394547{s=START}]=>HttpChannelOverHttp@a199547{r=12,c=false,a=IDLE,uri=null}:runFillable:BLOCKING/BLOCKING
DEBUG qtp1571971206-17 org.eclipse.jetty.util.thread.ReservedThreadExecutor - ReservedThreadExecutor@318a62ca{s=2/4,p=0}@SelectorManager@ServerConnector@653ccb0d{HTTP/1.1,[http/1.1]}{0.0.0.0:4567} tryExecute EatWhatYouKill@558e7c93/SelectorProducer@73de0512/PRODUCING/ReservedThreadExecutor@318a62ca{s=2/4,p=0}@SelectorManager@ServerConnector@653ccb0d{HTTP/1.1,[http/1.1]}{0.0.0.0:4567}
DEBUG qtp1571971206-17 org.eclipse.jetty.util.thread.ReservedThreadExecutor - ReservedThreadExecutor@318a62ca{s=1/4,p=0}@SelectorManager@ServerConnector@653ccb0d{HTTP/1.1,[http/1.1]}{0.0.0.0:4567}@2814d592 offer EatWhatYouKill@558e7c93/SelectorProducer@73de0512/PRODUCING/ReservedThreadExecutor@318a62ca{s=1/4,p=0}@SelectorManager@ServerConnector@653ccb0d{HTTP/1.1,[http/1.1]}{0.0.0.0:4567}
DEBUG qtp1571971206-17 org.eclipse.jetty.util.thread.strategy.EatWhatYouKill - EatWhatYouKill@558e7c93/SelectorProducer@73de0512/IDLE/ReservedThreadExecutor@318a62ca{s=1/4,p=0}@SelectorManager@ServerConnector@653ccb0d{HTTP/1.1,[http/1.1]}{0.0.0.0:4567} EPC t=CEP:SocketChannelEndPoint@606ab89d{/[0:0:0:0:0:0:0:1]:56053<->/[0:0:0:0:0:0:0:1]:4567,OPEN,fill=FI,flush=-,to=11/3600000}{io=1/0,kio=1,kro=1}->HttpConnection@34b442[p=HttpParser{s=START,0 of -1},g=HttpGenerator@66394547{s=START}]=>HttpChannelOverHttp@a199547{r=12,c=false,a=IDLE,uri=null}:runFillable:BLOCKING
DEBUG qtp1571971206-17 org.eclipse.jetty.io.FillInterest - fillable FillInterest@3ea3155d{AC.ReadCB@34b442{HttpConnection@34b442[p=HttpParser{s=START,0 of -1},g=HttpGenerator@66394547{s=START}]=>HttpChannelOverHttp@a199547{r=12,c=false,a=IDLE,uri=null}<-SocketChannelEndPoint@606ab89d{/[0:0:0:0:0:0:0:1]:56053<->/[0:0:0:0:0:0:0:1]:4567,OPEN,fill=FI,flush=-,to=11/3600000}{io=1/0,kio=1,kro=1}->HttpConnection@34b442[p=HttpParser{s=START,0 of -1},g=HttpGenerator@66394547{s=START}]=>HttpChannelOverHttp@a199547{r=12,c=false,a=IDLE,uri=null}}}
DEBUG qtp1571971206-17 org.eclipse.jetty.server.HttpConnection - HttpConnection@34b442[p=HttpParser{s=START,0 of -1},g=HttpGenerator@66394547{s=START}]=>HttpChannelOverHttp@a199547{r=12,c=false,a=IDLE,uri=null}<-SocketChannelEndPoint@606ab89d{/[0:0:0:0:0:0:0:1]:56053<->/[0:0:0:0:0:0:0:1]:4567,OPEN,fill=-,flush=-,to=12/3600000}{io=1/0,kio=1,kro=1}->HttpConnection@34b442[p=HttpParser{s=START,0 of -1},g=HttpGenerator@66394547{s=START}]=>HttpChannelOverHttp@a199547{r=12,c=false,a=IDLE,uri=null} onFillable enter HttpChannelState@5d6664b6{s=IDLE a=NOT_ASYNC i=true r=IDLE w=false} null
DEBUG qtp1571971206-17 org.eclipse.jetty.io.ChannelEndPoint - filled 1113 SocketChannelEndPoint@606ab89d{/[0:0:0:0:0:0:0:1]:56053<->/[0:0:0:0:0:0:0:1]:4567,OPEN,fill=-,flush=-,to=12/3600000}{io=1/0,kio=1,kro=1}->HttpConnection@34b442[p=HttpParser{s=START,0 of -1},g=HttpGenerator@66394547{s=START}]=>HttpChannelOverHttp@a199547{r=12,c=false,a=IDLE,uri=null}
DEBUG qtp1571971206-17 org.eclipse.jetty.server.HttpConnection - HttpConnection@34b442[p=HttpParser{s=START,0 of -1},g=HttpGenerator@66394547{s=START}]=>HttpChannelOverHttp@a199547{r=12,c=false,a=IDLE,uri=null}<-SocketChannelEndPoint@606ab89d{/[0:0:0:0:0:0:0:1]:56053<->/[0:0:0:0:0:0:0:1]:4567,OPEN,fill=-,flush=-,to=0/3600000}{io=1/0,kio=1,kro=1}->HttpConnection@34b442[p=HttpParser{s=START,0 of -1},g=HttpGenerator@66394547{s=START}]=>HttpChannelOverHttp@a199547{r=12,c=false,a=IDLE,uri=null} filled 1113 HeapByteBuffer@39f6e8ab[p=0,l=1113,c=8192,r=1113]={<<<GET /schedule HTT...8vt10.node0\r\n\r\n>>>EY%3D--ec6db0d0aa...\x00\x00\x00\x00\x00\x00\x00\x00\x00\x00\x00\x00\x00\x00\x00}
DEBUG qtp1571971206-17 org.eclipse.jetty.server.HttpConnection - HttpConnection@34b442[p=HttpParser{s=START,0 of -1},g=HttpGenerator@66394547{s=START}]=>HttpChannelOverHttp@a199547{r=12,c=false,a=IDLE,uri=null}<-SocketChannelEndPoint@606ab89d{/[0:0:0:0:0:0:0:1]:56053<->/[0:0:0:0:0:0:0:1]:4567,OPEN,fill=-,flush=-,to=1/3600000}{io=1/0,kio=1,kro=1}->HttpConnection@34b442[p=HttpParser{s=START,0 of -1},g=HttpGenerator@66394547{s=START}]=>HttpChannelOverHttp@a199547{r=12,c=false,a=IDLE,uri=null} parse HeapByteBuffer@39f6e8ab[p=0,l=1113,c=8192,r=1113]={<<<GET /schedule HTT...8vt10.node0\r\n\r\n>>>EY%3D--ec6db0d0aa...\x00\x00\x00\x00\x00\x00\x00\x00\x00\x00\x00\x00\x00\x00\x00} {}
DEBUG qtp1571971206-17 org.eclipse.jetty.http.HttpParser - parseNext s=START HeapByteBuffer@39f6e8ab[p=0,l=1113,c=8192,r=1113]={<<<GET /schedule HTT...8vt10.node0\r\n\r\n>>>EY%3D--ec6db0d0aa...\x00\x00\x00\x00\x00\x00\x00\x00\x00\x00\x00\x00\x00\x00\x00}
DEBUG qtp1571971206-17 org.eclipse.jetty.http.HttpParser - START --> SPACE1
DEBUG qtp1571971206-17 org.eclipse.jetty.http.HttpParser - SPACE1 --> URI
DEBUG qtp1571971206-17 org.eclipse.jetty.http.HttpParser - URI --> SPACE2
DEBUG qtp1571971206-17 org.eclipse.jetty.http.HttpParser - SPACE2 --> REQUEST_VERSION
DEBUG qtp1571971206-17 org.eclipse.jetty.http.HttpParser - REQUEST_VERSION --> HEADER
DEBUG qtp1571971206-17 org.eclipse.jetty.http.HttpParser - HEADER:Host: localhost:4567 --> IN_VALUE
DEBUG qtp1571971206-17 org.eclipse.jetty.http.HttpParser - HEADER:Host: localhost:4567 --> FIELD
DEBUG qtp1571971206-17 org.eclipse.jetty.http.HttpParser - HEADER:Connection: keep-alive --> IN_VALUE
DEBUG qtp1571971206-17 org.eclipse.jetty.http.HttpParser - HEADER:Connection: keep-alive --> FIELD
DEBUG qtp1571971206-17 org.eclipse.jetty.http.HttpParser - HEADER:Cache-Control: max-age=0 --> IN_VALUE
DEBUG qtp1571971206-17 org.eclipse.jetty.http.HttpParser - HEADER:Cache-Control: max-age=0 --> FIELD
DEBUG qtp1571971206-17 org.eclipse.jetty.http.HttpParser - HEADER:null --> IN_NAME
DEBUG qtp1571971206-17 org.eclipse.jetty.http.HttpParser - HEADER:null --> VALUE
DEBUG qtp1571971206-17 org.eclipse.jetty.http.HttpParser - HEADER:null --> IN_VALUE
DEBUG qtp1571971206-17 org.eclipse.jetty.http.HttpParser - HEADER:null --> FIELD
DEBUG qtp1571971206-17 org.eclipse.jetty.http.HttpParser - HEADER:User-Agent: Mozilla/5.0 (Macintosh; Intel Mac OS X 10_14_6) AppleWebKit/537.36 (KHTML, like Gecko) Chrome/80.0.3987.122 Safari/537.36 --> IN_VALUE
DEBUG qtp1571971206-17 org.eclipse.jetty.http.HttpParser - HEADER:User-Agent: Mozilla/5.0 (Macintosh; Intel Mac OS X 10_14_6) AppleWebKit/537.36 (KHTML, like Gecko) Chrome/80.0.3987.122 Safari/537.36 --> FIELD
DEBUG qtp1571971206-17 org.eclipse.jetty.http.HttpParser - HEADER:null --> IN_NAME
DEBUG qtp1571971206-17 org.eclipse.jetty.http.HttpParser - HEADER:null --> VALUE
DEBUG qtp1571971206-17 org.eclipse.jetty.http.HttpParser - HEADER:null --> IN_VALUE
DEBUG qtp1571971206-17 org.eclipse.jetty.http.HttpParser - HEADER:null --> FIELD
DEBUG qtp1571971206-17 org.eclipse.jetty.http.HttpParser - HEADER:Accept: text/html,application/xhtml+xml,application/xml;q=0.9,image/webp,image/apng,*/*;q=0.8,application/signed-exchange;v=b3;q=0.9 --> IN_VALUE
DEBUG qtp1571971206-17 org.eclipse.jetty.http.HttpParser - HEADER:Accept: text/html,application/xhtml+xml,application/xml;q=0.9,image/webp,image/apng,*/*;q=0.8,application/signed-exchange;v=b3;q=0.9 --> FIELD
DEBUG qtp1571971206-17 org.eclipse.jetty.http.HttpParser - HEADER:null --> IN_NAME
DEBUG qtp1571971206-17 org.eclipse.jetty.http.HttpParser - HEADER:null --> VALUE
DEBUG qtp1571971206-17 org.eclipse.jetty.http.HttpParser - HEADER:null --> IN_VALUE
DEBUG qtp1571971206-17 org.eclipse.jetty.http.HttpParser - HEADER:null --> FIELD
DEBUG qtp1571971206-20 org.eclipse.jetty.util.thread.ReservedThreadExecutor - ReservedThreadExecutor@318a62ca{s=1/4,p=0}@SelectorManager@ServerConnector@653ccb0d{HTTP/1.1,[http/1.1]}{0.0.0.0:4567}@2814d592 task=EatWhatYouKill@558e7c93/SelectorProducer@73de0512/IDLE/ReservedThreadExecutor@318a62ca{s=1/4,p=0}@SelectorManager@ServerConnector@653ccb0d{HTTP/1.1,[http/1.1]}{0.0.0.0:4567}
DEBUG qtp1571971206-20 org.eclipse.jetty.util.thread.strategy.EatWhatYouKill - EatWhatYouKill@558e7c93/SelectorProducer@73de0512/IDLE/ReservedThreadExecutor@318a62ca{s=1/4,p=0}@SelectorManager@ServerConnector@653ccb0d{HTTP/1.1,[http/1.1]}{0.0.0.0:4567} run
DEBUG qtp1571971206-20 org.eclipse.jetty.util.thread.strategy.EatWhatYouKill - EatWhatYouKill@558e7c93/SelectorProducer@73de0512/IDLE/ReservedThreadExecutor@318a62ca{s=1/4,p=0}@SelectorManager@ServerConnector@653ccb0d{HTTP/1.1,[http/1.1]}{0.0.0.0:4567} produce
DEBUG qtp1571971206-20 org.eclipse.jetty.io.ManagedSelector - action=null wakeup=false
DEBUG qtp1571971206-20 org.eclipse.jetty.io.ChannelEndPoint - Key interests updated 1 -> 0 on SocketChannelEndPoint@606ab89d{/[0:0:0:0:0:0:0:1]:56053<->/[0:0:0:0:0:0:0:1]:4567,OPEN,fill=-,flush=-,to=7/3600000}{io=0/0,kio=0,kro=1}->HttpConnection@34b442[p=HttpParser{s=HEADER,0 of -1},g=HttpGenerator@66394547{s=START}]=>HttpChannelOverHttp@a199547{r=12,c=false,a=IDLE,uri=null}
DEBUG qtp1571971206-20 org.eclipse.jetty.io.ManagedSelector - Selector sun.nio.ch.KQueueSelectorImpl@1caac4c6 waiting on select
DEBUG qtp1571971206-17 org.eclipse.jetty.http.HttpParser - HEADER:null --> IN_NAME
DEBUG qtp1571971206-17 org.eclipse.jetty.http.HttpParser - HEADER:null --> VALUE
DEBUG qtp1571971206-17 org.eclipse.jetty.http.HttpParser - HEADER:null --> IN_VALUE
DEBUG qtp1571971206-17 org.eclipse.jetty.http.HttpParser - HEADER:null --> FIELD
DEBUG qtp1571971206-17 org.eclipse.jetty.http.HttpParser - HEADER:null --> IN_NAME
DEBUG qtp1571971206-17 org.eclipse.jetty.http.HttpParser - HEADER:null --> VALUE
DEBUG qtp1571971206-17 org.eclipse.jetty.http.HttpParser - HEADER:null --> IN_VALUE
DEBUG qtp1571971206-17 org.eclipse.jetty.http.HttpParser - HEADER:null --> FIELD
DEBUG qtp1571971206-17 org.eclipse.jetty.http.HttpParser - HEADER:null --> VALUE
DEBUG qtp1571971206-17 org.eclipse.jetty.http.HttpParser - HEADER:null --> IN_VALUE
DEBUG qtp1571971206-17 org.eclipse.jetty.http.HttpParser - HEADER:null --> FIELD
DEBUG qtp1571971206-17 org.eclipse.jetty.http.HttpParser - HEADER:Accept-Encoding: gzip, deflate, br --> IN_VALUE
DEBUG qtp1571971206-17 org.eclipse.jetty.http.HttpParser - HEADER:Accept-Encoding: gzip, deflate, br --> FIELD
DEBUG qtp1571971206-17 org.eclipse.jetty.http.HttpParser - HEADER:Accept-Language: en-GB,en-US;q=0.9,en;q=0.8 --> IN_VALUE
DEBUG qtp1571971206-17 org.eclipse.jetty.http.HttpParser - HEADER:Accept-Language: en-GB,en-US;q=0.9,en;q=0.8 --> FIELD
DEBUG qtp1571971206-17 org.eclipse.jetty.http.HttpParser - HEADER:null --> VALUE
DEBUG qtp1571971206-17 org.eclipse.jetty.http.HttpParser - HEADER:null --> IN_VALUE
DEBUG qtp1571971206-17 org.eclipse.jetty.http.HttpParser - HEADER:null --> FIELD
DEBUG qtp1571971206-17 org.eclipse.jetty.http.HttpParser - HEADER --> END
DEBUG qtp1571971206-17 org.eclipse.jetty.server.HttpChannel - REQUEST for //localhost:4567/schedule on HttpChannelOverHttp@a199547{r=13,c=false,a=IDLE,uri=//localhost:4567/schedule}
GET //localhost:4567/schedule HTTP/1.1
Host: localhost:4567
Connection: keep-alive
Cache-Control: max-age=0
Upgrade-Insecure-Requests: 1
User-Agent: Mozilla/5.0 (Macintosh; Intel Mac OS X 10_14_6) AppleWebKit/537.36 (KHTML, like Gecko) Chrome/80.0.3987.122 Safari/537.36
Sec-Fetch-Dest: document
Accept: text/html,application/xhtml+xml,application/xml;q=0.9,image/webp,image/apng,*/*;q=0.8,application/signed-exchange;v=b3;q=0.9
Sec-Fetch-Site: same-origin
Sec-Fetch-Mode: navigate
Sec-Fetch-User: ?1
Referer: http://localhost:4567/schedule
Accept-Encoding: gzip, deflate, br
Accept-Language: en-GB,en-US;q=0.9,en;q=0.8
Cookie: rack.session=BAh7CEkiD3Nlc3Npb25faWQGOgZFVG86HVJhY2s6OlNlc3Npb246OlNlc3Npb25JZAY6D0BwdWJsaWNfaWRJIkVmMDA4Y2ZhNjM0YzIxNTIyMTJiNmMxNmE2NjQwMWZhODIyZGY0Y2RmNDMwZWQ1ZmJlZDQ3OGJjMzZmYmExNzI2BjsARkkiCWNzcmYGOwBGSSIxb09Db0hRQlFWSGQ4VTdDeFhYKzJaSUtCMkYvem9qdDRXMVJvbitHQ0ovMD0GOwBGSSINdHJhY2tpbmcGOwBGewZJIhRIVFRQX1VTRVJfQUdFTlQGOwBUSSItOGJhYmNmZmM1NWE5ZjRlYjJjZWUzODU5YWIwMzEzMzU5MTg4MzMyZgY7AEY%3D--ec6db0d0aa0e36466c48874a079fb977f89da024; JSESSIONID=node0iu21xa52e04015egwekwa8vt10.node0


DEBUG qtp1571971206-17 org.eclipse.jetty.server.HttpChannel - HttpChannelOverHttp@a199547{r=13,c=false,a=IDLE,uri=//localhost:4567/schedule} onContentComplete
DEBUG qtp1571971206-17 org.eclipse.jetty.server.HttpChannel - HttpChannelOverHttp@a199547{r=13,c=false,a=IDLE,uri=//localhost:4567/schedule} onRequestComplete
DEBUG qtp1571971206-17 org.eclipse.jetty.server.HttpInput - HttpInputOverHTTP@5533c9ed[c=0,q=0,[0]=null,s=STREAM] addContent EOF
DEBUG qtp1571971206-17 org.eclipse.jetty.server.HttpConnection - HttpConnection@34b442[p=HttpParser{s=END,0 of -1},g=HttpGenerator@66394547{s=START}]=>HttpChannelOverHttp@a199547{r=13,c=false,a=IDLE,uri=//localhost:4567/schedule}<-SocketChannelEndPoint@606ab89d{/[0:0:0:0:0:0:0:1]:56053<->/[0:0:0:0:0:0:0:1]:4567,OPEN,fill=-,flush=-,to=14/3600000}{io=0/0,kio=0,kro=1}->HttpConnection@34b442[p=HttpParser{s=END,0 of -1},g=HttpGenerator@66394547{s=START}]=>HttpChannelOverHttp@a199547{r=13,c=false,a=IDLE,uri=//localhost:4567/schedule} parsed true HttpParser{s=END,0 of -1}
DEBUG qtp1571971206-17 org.eclipse.jetty.server.HttpConnection - releaseRequestBuffer HttpConnection@34b442[p=HttpParser{s=END,0 of -1},g=HttpGenerator@66394547{s=START}]=>HttpChannelOverHttp@a199547{r=13,c=false,a=IDLE,uri=//localhost:4567/schedule}<-SocketChannelEndPoint@606ab89d{/[0:0:0:0:0:0:0:1]:56053<->/[0:0:0:0:0:0:0:1]:4567,OPEN,fill=-,flush=-,to=14/3600000}{io=0/0,kio=0,kro=1}->HttpConnection@34b442[p=HttpParser{s=END,0 of -1},g=HttpGenerator@66394547{s=START}]=>HttpChannelOverHttp@a199547{r=13,c=false,a=IDLE,uri=//localhost:4567/schedule}
DEBUG qtp1571971206-17 org.eclipse.jetty.server.HttpChannel - HttpChannelOverHttp@a199547{r=13,c=false,a=IDLE,uri=//localhost:4567/schedule} handle //localhost:4567/schedule 
DEBUG qtp1571971206-17 org.eclipse.jetty.server.HttpChannelState - handling HttpChannelState@5d6664b6{s=IDLE a=NOT_ASYNC i=true r=IDLE w=false}
DEBUG qtp1571971206-17 org.eclipse.jetty.server.HttpChannel - HttpChannelOverHttp@a199547{r=13,c=false,a=DISPATCHED,uri=//localhost:4567/schedule} action DISPATCH
DEBUG qtp1571971206-17 org.eclipse.jetty.server.Server - REQUEST GET /schedule on HttpChannelOverHttp@a199547{r=13,c=false,a=DISPATCHED,uri=//localhost:4567/schedule}
DEBUG qtp1571971206-17 org.eclipse.jetty.server.session - Got Session ID node0iu21xa52e04015egwekwa8vt10.node0 from cookie
DEBUG qtp1571971206-17 org.eclipse.jetty.server.session - Testing expiry on session node0iu21xa52e04015egwekwa8vt10: expires at 0 now 1587453231596 maxIdle -1
DEBUG qtp1571971206-17 org.eclipse.jetty.server.session - Testing expiry on session node0iu21xa52e04015egwekwa8vt10: expires at 0 now 1587453231596 maxIdle -1
DEBUG qtp1571971206-17 org.eclipse.jetty.server.session - sessionHandler=spark.embeddedserver.jetty.JettyHandler2062489509==dftMaxIdleSec=-1
DEBUG qtp1571971206-17 org.eclipse.jetty.server.session - session=org.eclipse.jetty.server.session.Session@5fab6918
DEBUG qtp1571971206-17 org.sql2o.Query - total: 2 ms, execution: 2 ms, reading and parsing: 0 ms; executed [null]
DEBUG qtp1571971206-17 org.sql2o.Query - total: 2 ms, execution: 2 ms, reading and parsing: 0 ms; executed [null]
DEBUG qtp1571971206-17 org.eclipse.jetty.server.HttpChannel - sendResponse info=null content=DirectByteBuffer@2b651cba[p=0,l=5549,c=32768,r=5549]={<<<<!DOCTYPE html>\n\n.../body>\n\n</html>>>>\x00\x00\x00\x00\x00\x00\x00\x00\x00\x00\x00\x00\x00\x00\x00\x00\x00...\x00\x00\x00\x00\x00\x00\x00\x00\x00\x00\x00\x00\x00\x00\x00} complete=false committing=true callback=Blocker@3c896805{null}
DEBUG qtp1571971206-17 org.eclipse.jetty.server.HttpChannel - COMMIT for /schedule on HttpChannelOverHttp@a199547{r=13,c=true,a=DISPATCHED,uri=//localhost:4567/schedule}
200 null HTTP/1.1
Date: Tue, 21 Apr 2020 07:13:51 GMT
Content-Type: text/html;charset=utf-8


DEBUG qtp1571971206-17 org.eclipse.jetty.server.HttpConnection - org.eclipse.jetty.server.HttpConnection$SendCallback@2bcae94c[PROCESSING][i=HTTP/1.1{s=200,h=2,cl=-1},cb=org.eclipse.jetty.server.HttpChannel$CommitCallback@1b28ef0a] generate: NEED_HEADER (null,[p=0,l=5549,c=32768,r=5549],false)@START
DEBUG qtp1571971206-17 org.eclipse.jetty.http.HttpGenerator - generateHeaders HTTP/1.1{s=200,h=2,cl=-1} last=false content=DirectByteBuffer@2b651cba[p=0,l=5549,c=32768,r=5549]={<<<<!DOCTYPE html>\n\n.../body>\n\n</html>>>>\x00\x00\x00\x00\x00\x00\x00\x00\x00\x00\x00\x00\x00\x00\x00\x00\x00...\x00\x00\x00\x00\x00\x00\x00\x00\x00\x00\x00\x00\x00\x00\x00}
DEBUG qtp1571971206-17 org.eclipse.jetty.http.HttpGenerator - Date: Tue, 21 Apr 2020 07:13:51 GMT
Content-Type: text/html;charset=utf-8


DEBUG qtp1571971206-17 org.eclipse.jetty.http.HttpGenerator - CHUNKED_CONTENT
DEBUG qtp1571971206-17 org.eclipse.jetty.server.HttpConnection - org.eclipse.jetty.server.HttpConnection$SendCallback@2bcae94c[PROCESSING][i=HTTP/1.1{s=200,h=2,cl=-1},cb=org.eclipse.jetty.server.HttpChannel$CommitCallback@1b28ef0a] generate: FLUSH ([p=0,l=161,c=8192,r=161],[p=0,l=5549,c=32768,r=5549],false)@COMMITTED
DEBUG qtp1571971206-17 org.eclipse.jetty.io.WriteFlusher - write: WriteFlusher@1b212a32{IDLE}->null [HeapByteBuffer@39f6e8ab[p=0,l=161,c=8192,r=161]={<<<HTTP/1.1 200 OK\r\n...1121)\r\n\r\n15AD\r\n>>> Intel Mac OS X 1...\x00\x00\x00\x00\x00\x00\x00\x00\x00\x00\x00\x00\x00\x00\x00},DirectByteBuffer@2b651cba[p=0,l=5549,c=32768,r=5549]={<<<<!DOCTYPE html>\n\n.../body>\n\n</html>>>>\x00\x00\x00\x00\x00\x00\x00\x00\x00\x00\x00\x00\x00\x00\x00\x00\x00...\x00\x00\x00\x00\x00\x00\x00\x00\x00\x00\x00\x00\x00\x00\x00}]
DEBUG qtp1571971206-17 org.eclipse.jetty.io.WriteFlusher - update WriteFlusher@1b212a32{WRITING}->null:IDLE-->WRITING
DEBUG qtp1571971206-17 org.eclipse.jetty.io.ChannelEndPoint - flushed 5710 SocketChannelEndPoint@606ab89d{/[0:0:0:0:0:0:0:1]:56053<->/[0:0:0:0:0:0:0:1]:4567,OPEN,fill=-,flush=W,to=52/3600000}{io=0/0,kio=0,kro=1}->HttpConnection@34b442[p=HttpParser{s=END,0 of -1},g=HttpGenerator@66394547{s=COMMITTED}]=>HttpChannelOverHttp@a199547{r=13,c=true,a=DISPATCHED,uri=//localhost:4567/schedule}
DEBUG qtp1571971206-17 org.eclipse.jetty.io.WriteFlusher - Flushed=true 161/161+1 WriteFlusher@1b212a32{WRITING}->null
DEBUG qtp1571971206-17 org.eclipse.jetty.io.WriteFlusher - update WriteFlusher@1b212a32{IDLE}->null:WRITING-->IDLE
DEBUG qtp1571971206-17 org.eclipse.jetty.server.HttpConnection - org.eclipse.jetty.server.HttpConnection$SendCallback@2bcae94c[PROCESSING][i=HTTP/1.1{s=200,h=2,cl=-1},cb=org.eclipse.jetty.server.HttpChannel$CommitCallback@1b28ef0a] generate: DONE ([p=161,l=161,c=8192,r=0],[p=5549,l=5549,c=32768,r=0],false)@COMMITTED
DEBUG qtp1571971206-17 org.eclipse.jetty.server.HttpChannel - sendResponse info=null content=HeapByteBuffer@38c7591e[p=0,l=0,c=0,r=0]={<<<>>>} complete=true committing=false callback=Blocker@3c896805{null}
DEBUG qtp1571971206-17 org.eclipse.jetty.server.HttpConnection - org.eclipse.jetty.server.HttpConnection$SendCallback@2bcae94c[PROCESSING][i=null,cb=org.eclipse.jetty.server.HttpChannel$ContentCallback@3891b812] generate: CONTINUE (null,[p=0,l=0,c=0,r=0],true)@COMPLETING
DEBUG qtp1571971206-17 org.eclipse.jetty.server.HttpConnection - org.eclipse.jetty.server.HttpConnection$SendCallback@2bcae94c[PROCESSING][i=null,cb=org.eclipse.jetty.server.HttpChannel$ContentCallback@3891b812] generate: NEED_CHUNK (null,[p=0,l=0,c=0,r=0],true)@COMPLETING
DEBUG qtp1571971206-17 org.eclipse.jetty.server.HttpConnection - org.eclipse.jetty.server.HttpConnection$SendCallback@2bcae94c[PROCESSING][i=null,cb=org.eclipse.jetty.server.HttpChannel$ContentCallback@3891b812] generate: FLUSH (null,[p=0,l=0,c=0,r=0],true)@COMPLETING
DEBUG qtp1571971206-17 org.eclipse.jetty.io.WriteFlusher - write: WriteFlusher@1b212a32{IDLE}->null [HeapByteBuffer@1bb04a07[p=0,l=7,c=1024,r=7]={<<<\r\n0\r\n\r\n>>>\x00\x00\x00\x00\x00\x00\x00\x00\x00\x00\x00\x00\x00\x00\x00\x00\x00...\x00\x00\x00\x00\x00\x00\x00\x00\x00\x00\x00\x00\x00\x00\x00}]
DEBUG qtp1571971206-17 org.eclipse.jetty.io.WriteFlusher - update WriteFlusher@1b212a32{WRITING}->null:IDLE-->WRITING
DEBUG qtp1571971206-17 org.eclipse.jetty.io.ChannelEndPoint - flushed 7 SocketChannelEndPoint@606ab89d{/[0:0:0:0:0:0:0:1]:56053<->/[0:0:0:0:0:0:0:1]:4567,OPEN,fill=-,flush=W,to=2/3600000}{io=0/0,kio=0,kro=1}->HttpConnection@34b442[p=HttpParser{s=END,0 of -1},g=HttpGenerator@66394547{s=COMPLETING}]=>HttpChannelOverHttp@a199547{r=13,c=true,a=DISPATCHED,uri=//localhost:4567/schedule}
DEBUG qtp1571971206-17 org.eclipse.jetty.io.WriteFlusher - Flushed=true 7/7+0 WriteFlusher@1b212a32{WRITING}->null
DEBUG qtp1571971206-17 org.eclipse.jetty.io.WriteFlusher - update WriteFlusher@1b212a32{IDLE}->null:WRITING-->IDLE
DEBUG qtp1571971206-17 org.eclipse.jetty.server.HttpConnection - org.eclipse.jetty.server.HttpConnection$SendCallback@2bcae94c[PROCESSING][i=null,cb=org.eclipse.jetty.server.HttpChannel$ContentCallback@3891b812] generate: DONE (null,[p=0,l=0,c=0,r=0],true)@END
DEBUG qtp1571971206-17 org.eclipse.jetty.server.session - FinalSession=org.eclipse.jetty.server.session.Session@5fab6918 old_session_manager=null this=spark.embeddedserver.jetty.JettyHandler2062489509==dftMaxIdleSec=-1
DEBUG qtp1571971206-17 org.eclipse.jetty.server.session - Store: id=node0iu21xa52e04015egwekwa8vt10, dirty=false, lsave=1587453231562, period=0, elapsed=73
DEBUG qtp1571971206-17 org.eclipse.jetty.server.session - Non passivating SessionDataStore, session in SessionCache only id=node0iu21xa52e04015egwekwa8vt10
DEBUG qtp1571971206-17 org.eclipse.jetty.server.Server - handled=true async=false committed=true on HttpChannelOverHttp@a199547{r=13,c=true,a=DISPATCHED,uri=//localhost:4567/schedule}
DEBUG qtp1571971206-17 org.eclipse.jetty.server.HttpChannelState - unhandle HttpChannelState@5d6664b6{s=DISPATCHED a=NOT_ASYNC i=true r=IDLE w=false}
DEBUG qtp1571971206-17 org.eclipse.jetty.server.HttpChannel - HttpChannelOverHttp@a199547{r=13,c=true,a=COMPLETING,uri=//localhost:4567/schedule} action COMPLETE
DEBUG qtp1571971206-17 org.eclipse.jetty.server.HttpChannelState - onComplete HttpChannelState@5d6664b6{s=COMPLETING a=NOT_ASYNC i=false r=IDLE w=false}
DEBUG qtp1571971206-17 org.eclipse.jetty.server.HttpChannel - COMPLETE for /schedule written=5549
DEBUG qtp1571971206-17 org.eclipse.jetty.server.HttpChannelState - recycle HttpChannelState@5d6664b6{s=COMPLETED a=NOT_ASYNC i=false r=IDLE w=false}
DEBUG qtp1571971206-17 org.eclipse.jetty.http.HttpParser - reset HttpParser{s=END,0 of -1}
DEBUG qtp1571971206-17 org.eclipse.jetty.http.HttpParser - END --> START
DEBUG qtp1571971206-17 org.eclipse.jetty.server.HttpChannel - HttpChannelOverHttp@a199547{r=13,c=false,a=IDLE,uri=null} handle exit, result COMPLETE
DEBUG qtp1571971206-17 org.eclipse.jetty.io.ChannelEndPoint - filled 0 SocketChannelEndPoint@606ab89d{/[0:0:0:0:0:0:0:1]:56053<->/[0:0:0:0:0:0:0:1]:4567,OPEN,fill=-,flush=-,to=2/3600000}{io=0/0,kio=0,kro=1}->HttpConnection@34b442[p=HttpParser{s=START,0 of -1},g=HttpGenerator@66394547{s=START}]=>HttpChannelOverHttp@a199547{r=13,c=false,a=IDLE,uri=null}
DEBUG qtp1571971206-17 org.eclipse.jetty.io.ChannelEndPoint - filled 0 SocketChannelEndPoint@606ab89d{/[0:0:0:0:0:0:0:1]:56053<->/[0:0:0:0:0:0:0:1]:4567,OPEN,fill=-,flush=-,to=2/3600000}{io=0/0,kio=0,kro=1}->HttpConnection@34b442[p=HttpParser{s=START,0 of -1},g=HttpGenerator@66394547{s=START}]=>HttpChannelOverHttp@a199547{r=13,c=false,a=IDLE,uri=null}
DEBUG qtp1571971206-17 org.eclipse.jetty.server.HttpConnection - HttpConnection@34b442[p=HttpParser{s=START,0 of -1},g=HttpGenerator@66394547{s=START}]=>HttpChannelOverHttp@a199547{r=13,c=false,a=IDLE,uri=null}<-SocketChannelEndPoint@606ab89d{/[0:0:0:0:0:0:0:1]:56053<->/[0:0:0:0:0:0:0:1]:4567,OPEN,fill=-,flush=-,to=2/3600000}{io=0/0,kio=0,kro=1}->HttpConnection@34b442[p=HttpParser{s=START,0 of -1},g=HttpGenerator@66394547{s=START}]=>HttpChannelOverHttp@a199547{r=13,c=false,a=IDLE,uri=null} filled 0 HeapByteBuffer@39f6e8ab[p=0,l=0,c=8192,r=0]={<<<>>>HTTP/1.1 200 OK\r\n...\x00\x00\x00\x00\x00\x00\x00\x00\x00\x00\x00\x00\x00\x00\x00}
DEBUG qtp1571971206-17 org.eclipse.jetty.server.HttpConnection - HttpConnection@34b442[p=HttpParser{s=START,0 of -1},g=HttpGenerator@66394547{s=START}]=>HttpChannelOverHttp@a199547{r=13,c=false,a=IDLE,uri=null}<-SocketChannelEndPoint@606ab89d{/[0:0:0:0:0:0:0:1]:56053<->/[0:0:0:0:0:0:0:1]:4567,OPEN,fill=-,flush=-,to=2/3600000}{io=0/0,kio=0,kro=1}->HttpConnection@34b442[p=HttpParser{s=START,0 of -1},g=HttpGenerator@66394547{s=START}]=>HttpChannelOverHttp@a199547{r=13,c=false,a=IDLE,uri=null} parse HeapByteBuffer@39f6e8ab[p=0,l=0,c=8192,r=0]={<<<>>>HTTP/1.1 200 OK\r\n...\x00\x00\x00\x00\x00\x00\x00\x00\x00\x00\x00\x00\x00\x00\x00} {}
DEBUG qtp1571971206-17 org.eclipse.jetty.http.HttpParser - parseNext s=START HeapByteBuffer@39f6e8ab[p=0,l=0,c=8192,r=0]={<<<>>>HTTP/1.1 200 OK\r\n...\x00\x00\x00\x00\x00\x00\x00\x00\x00\x00\x00\x00\x00\x00\x00}
DEBUG qtp1571971206-17 org.eclipse.jetty.server.HttpConnection - HttpConnection@34b442[p=HttpParser{s=START,0 of -1},g=HttpGenerator@66394547{s=START}]=>HttpChannelOverHttp@a199547{r=13,c=false,a=IDLE,uri=null}<-SocketChannelEndPoint@606ab89d{/[0:0:0:0:0:0:0:1]:56053<->/[0:0:0:0:0:0:0:1]:4567,OPEN,fill=-,flush=-,to=3/3600000}{io=0/0,kio=0,kro=1}->HttpConnection@34b442[p=HttpParser{s=START,0 of -1},g=HttpGenerator@66394547{s=START}]=>HttpChannelOverHttp@a199547{r=13,c=false,a=IDLE,uri=null} parsed false HttpParser{s=START,0 of -1}
DEBUG qtp1571971206-17 org.eclipse.jetty.server.HttpConnection - releaseRequestBuffer HttpConnection@34b442[p=HttpParser{s=START,0 of -1},g=HttpGenerator@66394547{s=START}]=>HttpChannelOverHttp@a199547{r=13,c=false,a=IDLE,uri=null}<-SocketChannelEndPoint@606ab89d{/[0:0:0:0:0:0:0:1]:56053<->/[0:0:0:0:0:0:0:1]:4567,OPEN,fill=-,flush=-,to=3/3600000}{io=0/0,kio=0,kro=1}->HttpConnection@34b442[p=HttpParser{s=START,0 of -1},g=HttpGenerator@66394547{s=START}]=>HttpChannelOverHttp@a199547{r=13,c=false,a=IDLE,uri=null}
DEBUG qtp1571971206-17 org.eclipse.jetty.io.AbstractConnection - fillInterested HttpConnection@34b442[p=HttpParser{s=START,0 of -1},g=HttpGenerator@66394547{s=START}]=>HttpChannelOverHttp@a199547{r=13,c=false,a=IDLE,uri=null}<-SocketChannelEndPoint@606ab89d{/[0:0:0:0:0:0:0:1]:56053<->/[0:0:0:0:0:0:0:1]:4567,OPEN,fill=-,flush=-,to=3/3600000}{io=0/0,kio=0,kro=1}->HttpConnection@34b442[p=HttpParser{s=START,0 of -1},g=HttpGenerator@66394547{s=START}]=>HttpChannelOverHttp@a199547{r=13,c=false,a=IDLE,uri=null}
DEBUG qtp1571971206-17 org.eclipse.jetty.io.FillInterest - interested FillInterest@3ea3155d{AC.ReadCB@34b442{HttpConnection@34b442[p=HttpParser{s=START,0 of -1},g=HttpGenerator@66394547{s=START}]=>HttpChannelOverHttp@a199547{r=13,c=false,a=IDLE,uri=null}<-SocketChannelEndPoint@606ab89d{/[0:0:0:0:0:0:0:1]:56053<->/[0:0:0:0:0:0:0:1]:4567,OPEN,fill=FI,flush=-,to=0/3600000}{io=0/0,kio=0,kro=1}->HttpConnection@34b442[p=HttpParser{s=START,0 of -1},g=HttpGenerator@66394547{s=START}]=>HttpChannelOverHttp@a199547{r=13,c=false,a=IDLE,uri=null}}}
DEBUG qtp1571971206-17 org.eclipse.jetty.io.ChannelEndPoint - changeInterests p=false 0->1 for SocketChannelEndPoint@606ab89d{/[0:0:0:0:0:0:0:1]:56053<->/[0:0:0:0:0:0:0:1]:4567,OPEN,fill=FI,flush=-,to=1/3600000}{io=0/1,kio=0,kro=1}->HttpConnection@34b442[p=HttpParser{s=START,0 of -1},g=HttpGenerator@66394547{s=START}]=>HttpChannelOverHttp@a199547{r=13,c=false,a=IDLE,uri=null}
DEBUG qtp1571971206-17 org.eclipse.jetty.io.ManagedSelector - Queued change CEP:SocketChannelEndPoint@606ab89d{/[0:0:0:0:0:0:0:1]:56053<->/[0:0:0:0:0:0:0:1]:4567,OPEN,fill=FI,flush=-,to=1/3600000}{io=0/1,kio=0,kro=1}->HttpConnection@34b442[p=HttpParser{s=START,0 of -1},g=HttpGenerator@66394547{s=START}]=>HttpChannelOverHttp@a199547{r=13,c=false,a=IDLE,uri=null}:runUpdateKey:NON_BLOCKING on org.eclipse.jetty.io.ManagedSelector@555df741 id=1 keys=1 selected=0 actions=0
DEBUG qtp1571971206-17 org.eclipse.jetty.server.HttpConnection - HttpConnection@34b442[p=HttpParser{s=START,0 of -1},g=HttpGenerator@66394547{s=START}]=>HttpChannelOverHttp@a199547{r=13,c=false,a=IDLE,uri=null}<-SocketChannelEndPoint@606ab89d{/[0:0:0:0:0:0:0:1]:56053<->/[0:0:0:0:0:0:0:1]:4567,OPEN,fill=FI,flush=-,to=2/3600000}{io=0/1,kio=0,kro=1}->HttpConnection@34b442[p=HttpParser{s=START,0 of -1},g=HttpGenerator@66394547{s=START}]=>HttpChannelOverHttp@a199547{r=13,c=false,a=IDLE,uri=null} onFillable exit HttpChannelState@5d6664b6{s=IDLE a=NOT_ASYNC i=true r=IDLE w=false} null
DEBUG qtp1571971206-20 org.eclipse.jetty.io.ManagedSelector - Selector sun.nio.ch.KQueueSelectorImpl@1caac4c6 woken up from select, 0/1 selected
DEBUG qtp1571971206-20 org.eclipse.jetty.io.ManagedSelector - Selector sun.nio.ch.KQueueSelectorImpl@1caac4c6 processing 0 keys, 1 actions
DEBUG qtp1571971206-20 org.eclipse.jetty.io.ManagedSelector - action=CEP:SocketChannelEndPoint@606ab89d{/[0:0:0:0:0:0:0:1]:56053<->/[0:0:0:0:0:0:0:1]:4567,OPEN,fill=FI,flush=-,to=2/3600000}{io=0/1,kio=0,kro=1}->HttpConnection@34b442[p=HttpParser{s=START,0 of -1},g=HttpGenerator@66394547{s=START}]=>HttpChannelOverHttp@a199547{r=13,c=false,a=IDLE,uri=null}:runUpdateKey:NON_BLOCKING wakeup=false
DEBUG qtp1571971206-17 org.eclipse.jetty.util.thread.ReservedThreadExecutor - ReservedThreadExecutor@318a62ca{s=2/4,p=0}@SelectorManager@ServerConnector@653ccb0d{HTTP/1.1,[http/1.1]}{0.0.0.0:4567}@3db831b2 waiting
DEBUG qtp1571971206-20 org.eclipse.jetty.util.thread.strategy.EatWhatYouKill - EatWhatYouKill@558e7c93/SelectorProducer@73de0512/PRODUCING/ReservedThreadExecutor@318a62ca{s=2/4,p=0}@SelectorManager@ServerConnector@653ccb0d{HTTP/1.1,[http/1.1]}{0.0.0.0:4567} t=CEP:SocketChannelEndPoint@606ab89d{/[0:0:0:0:0:0:0:1]:56053<->/[0:0:0:0:0:0:0:1]:4567,OPEN,fill=FI,flush=-,to=3/3600000}{io=0/1,kio=0,kro=1}->HttpConnection@34b442[p=HttpParser{s=START,0 of -1},g=HttpGenerator@66394547{s=START}]=>HttpChannelOverHttp@a199547{r=13,c=false,a=IDLE,uri=null}:runUpdateKey:NON_BLOCKING/NON_BLOCKING
DEBUG qtp1571971206-20 org.eclipse.jetty.util.thread.strategy.EatWhatYouKill - EatWhatYouKill@558e7c93/SelectorProducer@73de0512/PRODUCING/ReservedThreadExecutor@318a62ca{s=2/4,p=0}@SelectorManager@ServerConnector@653ccb0d{HTTP/1.1,[http/1.1]}{0.0.0.0:4567} PC t=CEP:SocketChannelEndPoint@606ab89d{/[0:0:0:0:0:0:0:1]:56053<->/[0:0:0:0:0:0:0:1]:4567,OPEN,fill=FI,flush=-,to=3/3600000}{io=0/1,kio=0,kro=1}->HttpConnection@34b442[p=HttpParser{s=START,0 of -1},g=HttpGenerator@66394547{s=START}]=>HttpChannelOverHttp@a199547{r=13,c=false,a=IDLE,uri=null}:runUpdateKey:NON_BLOCKING
DEBUG qtp1571971206-20 org.eclipse.jetty.io.ChannelEndPoint - Key interests updated 0 -> 1 on SocketChannelEndPoint@606ab89d{/[0:0:0:0:0:0:0:1]:56053<->/[0:0:0:0:0:0:0:1]:4567,OPEN,fill=FI,flush=-,to=3/3600000}{io=1/1,kio=1,kro=1}->HttpConnection@34b442[p=HttpParser{s=START,0 of -1},g=HttpGenerator@66394547{s=START}]=>HttpChannelOverHttp@a199547{r=13,c=false,a=IDLE,uri=null}
DEBUG qtp1571971206-20 org.eclipse.jetty.io.ManagedSelector - Forcing selection, actions=0
DEBUG qtp1571971206-20 org.eclipse.jetty.io.ManagedSelector - action=null wakeup=false
DEBUG qtp1571971206-20 org.eclipse.jetty.io.ManagedSelector - Selector sun.nio.ch.KQueueSelectorImpl@1caac4c6 waiting on select
DEBUG qtp1571971206-22 org.eclipse.jetty.util.thread.ReservedThreadExecutor - ReservedThreadExecutor@318a62ca{s=2/4,p=0}@SelectorManager@ServerConnector@653ccb0d{HTTP/1.1,[http/1.1]}{0.0.0.0:4567}@3735cf3b IDLE
DEBUG qtp1571971206-22 org.eclipse.jetty.util.thread.ReservedThreadExecutor - ReservedThreadExecutor@318a62ca{s=2/4,p=0}@SelectorManager@ServerConnector@653ccb0d{HTTP/1.1,[http/1.1]}{0.0.0.0:4567} tryExecute STOP!
DEBUG qtp1571971206-22 org.eclipse.jetty.util.thread.ReservedThreadExecutor - ReservedThreadExecutor@318a62ca{s=1/4,p=0}@SelectorManager@ServerConnector@653ccb0d{HTTP/1.1,[http/1.1]}{0.0.0.0:4567}@3db831b2 offer STOP!
DEBUG qtp1571971206-17 org.eclipse.jetty.util.thread.ReservedThreadExecutor - ReservedThreadExecutor@318a62ca{s=1/4,p=0}@SelectorManager@ServerConnector@653ccb0d{HTTP/1.1,[http/1.1]}{0.0.0.0:4567}@3db831b2 task=STOP!
DEBUG qtp1571971206-17 org.eclipse.jetty.util.thread.ReservedThreadExecutor - ReservedThreadExecutor@318a62ca{s=1/4,p=0}@SelectorManager@ServerConnector@653ccb0d{HTTP/1.1,[http/1.1]}{0.0.0.0:4567}@3db831b2 Exited
DEBUG qtp1571971206-17 org.eclipse.jetty.util.thread.QueuedThreadPool - ran ReservedThreadExecutor@318a62ca{s=1/4,p=0}@SelectorManager@ServerConnector@653ccb0d{HTTP/1.1,[http/1.1]}{0.0.0.0:4567}@3db831b2
DEBUG qtp1571971206-15 org.eclipse.jetty.io.ManagedSelector - Selector sun.nio.ch.KQueueSelectorImpl@67de07e0 woken up from select, 1/1 selected
DEBUG qtp1571971206-15 org.eclipse.jetty.io.ManagedSelector - Selector sun.nio.ch.KQueueSelectorImpl@67de07e0 processing 1 keys, 0 actions
DEBUG qtp1571971206-15 org.eclipse.jetty.io.ManagedSelector - selected channel=java.nio.channels.SocketChannel[connected local=/[0:0:0:0:0:0:0:1]:4567 remote=/[0:0:0:0:0:0:0:1]:56054], selector=sun.nio.ch.KQueueSelectorImpl@67de07e0, interestOps=1, readyOps=1 SocketChannelEndPoint@1ad06ff3{/[0:0:0:0:0:0:0:1]:56054<->/[0:0:0:0:0:0:0:1]:4567,OPEN,fill=FI,flush=-,to=77836/3600000}{io=1/1,kio=1,kro=1}->HttpConnection@2c4f1f4d[p=HttpParser{s=START,0 of -1},g=HttpGenerator@3dc4f743{s=START}]=>HttpChannelOverHttp@788c8008{r=0,c=false,a=IDLE,uri=null} 
DEBUG qtp1571971206-15 org.eclipse.jetty.io.ChannelEndPoint - onSelected 1->0 r=true w=false for SocketChannelEndPoint@1ad06ff3{/[0:0:0:0:0:0:0:1]:56054<->/[0:0:0:0:0:0:0:1]:4567,OPEN,fill=FI,flush=-,to=77836/3600000}{io=1/0,kio=1,kro=1}->HttpConnection@2c4f1f4d[p=HttpParser{s=START,0 of -1},g=HttpGenerator@3dc4f743{s=START}]=>HttpChannelOverHttp@788c8008{r=0,c=false,a=IDLE,uri=null}
DEBUG qtp1571971206-15 org.eclipse.jetty.io.ChannelEndPoint - task CEP:SocketChannelEndPoint@1ad06ff3{/[0:0:0:0:0:0:0:1]:56054<->/[0:0:0:0:0:0:0:1]:4567,OPEN,fill=FI,flush=-,to=77836/3600000}{io=1/0,kio=1,kro=1}->HttpConnection@2c4f1f4d[p=HttpParser{s=START,0 of -1},g=HttpGenerator@3dc4f743{s=START}]=>HttpChannelOverHttp@788c8008{r=0,c=false,a=IDLE,uri=null}:runFillable:BLOCKING
DEBUG qtp1571971206-15 org.eclipse.jetty.util.thread.strategy.EatWhatYouKill - EatWhatYouKill@7f9b2db5/SelectorProducer@702ac1e1/PRODUCING/ReservedThreadExecutor@318a62ca{s=1/4,p=0}@SelectorManager@ServerConnector@653ccb0d{HTTP/1.1,[http/1.1]}{0.0.0.0:4567} t=CEP:SocketChannelEndPoint@1ad06ff3{/[0:0:0:0:0:0:0:1]:56054<->/[0:0:0:0:0:0:0:1]:4567,OPEN,fill=FI,flush=-,to=77836/3600000}{io=1/0,kio=1,kro=1}->HttpConnection@2c4f1f4d[p=HttpParser{s=START,0 of -1},g=HttpGenerator@3dc4f743{s=START}]=>HttpChannelOverHttp@788c8008{r=0,c=false,a=IDLE,uri=null}:runFillable:BLOCKING/BLOCKING
DEBUG qtp1571971206-15 org.eclipse.jetty.util.thread.ReservedThreadExecutor - ReservedThreadExecutor@318a62ca{s=1/4,p=0}@SelectorManager@ServerConnector@653ccb0d{HTTP/1.1,[http/1.1]}{0.0.0.0:4567} tryExecute EatWhatYouKill@7f9b2db5/SelectorProducer@702ac1e1/PRODUCING/ReservedThreadExecutor@318a62ca{s=1/4,p=0}@SelectorManager@ServerConnector@653ccb0d{HTTP/1.1,[http/1.1]}{0.0.0.0:4567}
DEBUG qtp1571971206-15 org.eclipse.jetty.util.thread.ReservedThreadExecutor - ReservedThreadExecutor@318a62ca{s=0/4,p=0}@SelectorManager@ServerConnector@653ccb0d{HTTP/1.1,[http/1.1]}{0.0.0.0:4567}@3735cf3b offer EatWhatYouKill@7f9b2db5/SelectorProducer@702ac1e1/PRODUCING/ReservedThreadExecutor@318a62ca{s=0/4,p=0}@SelectorManager@ServerConnector@653ccb0d{HTTP/1.1,[http/1.1]}{0.0.0.0:4567}
DEBUG qtp1571971206-15 org.eclipse.jetty.util.thread.ReservedThreadExecutor - ReservedThreadExecutor@318a62ca{s=0/4,p=1}@SelectorManager@ServerConnector@653ccb0d{HTTP/1.1,[http/1.1]}{0.0.0.0:4567} startReservedThread p=1
DEBUG qtp1571971206-15 org.eclipse.jetty.util.thread.QueuedThreadPool - queue ReservedThreadExecutor@318a62ca{s=0/4,p=1}@SelectorManager@ServerConnector@653ccb0d{HTTP/1.1,[http/1.1]}{0.0.0.0:4567}@53df2ed9
DEBUG qtp1571971206-22 org.eclipse.jetty.util.thread.ReservedThreadExecutor - ReservedThreadExecutor@318a62ca{s=0/4,p=1}@SelectorManager@ServerConnector@653ccb0d{HTTP/1.1,[http/1.1]}{0.0.0.0:4567}@3735cf3b task=EatWhatYouKill@7f9b2db5/SelectorProducer@702ac1e1/IDLE/ReservedThreadExecutor@318a62ca{s=0/4,p=1}@SelectorManager@ServerConnector@653ccb0d{HTTP/1.1,[http/1.1]}{0.0.0.0:4567}
DEBUG qtp1571971206-19 org.eclipse.jetty.util.thread.QueuedThreadPool - run ReservedThreadExecutor@318a62ca{s=0/4,p=1}@SelectorManager@ServerConnector@653ccb0d{HTTP/1.1,[http/1.1]}{0.0.0.0:4567}@53df2ed9
DEBUG qtp1571971206-22 org.eclipse.jetty.util.thread.strategy.EatWhatYouKill - EatWhatYouKill@7f9b2db5/SelectorProducer@702ac1e1/IDLE/ReservedThreadExecutor@318a62ca{s=0/4,p=1}@SelectorManager@ServerConnector@653ccb0d{HTTP/1.1,[http/1.1]}{0.0.0.0:4567} run
DEBUG qtp1571971206-19 org.eclipse.jetty.util.thread.ReservedThreadExecutor - ReservedThreadExecutor@318a62ca{s=1/4,p=1}@SelectorManager@ServerConnector@653ccb0d{HTTP/1.1,[http/1.1]}{0.0.0.0:4567}@53df2ed9 started
DEBUG qtp1571971206-15 org.eclipse.jetty.util.thread.strategy.EatWhatYouKill - EatWhatYouKill@7f9b2db5/SelectorProducer@702ac1e1/IDLE/ReservedThreadExecutor@318a62ca{s=0/4,p=1}@SelectorManager@ServerConnector@653ccb0d{HTTP/1.1,[http/1.1]}{0.0.0.0:4567} EPC t=CEP:SocketChannelEndPoint@1ad06ff3{/[0:0:0:0:0:0:0:1]:56054<->/[0:0:0:0:0:0:0:1]:4567,OPEN,fill=FI,flush=-,to=77838/3600000}{io=1/0,kio=1,kro=1}->HttpConnection@2c4f1f4d[p=HttpParser{s=START,0 of -1},g=HttpGenerator@3dc4f743{s=START}]=>HttpChannelOverHttp@788c8008{r=0,c=false,a=IDLE,uri=null}:runFillable:BLOCKING
DEBUG qtp1571971206-19 org.eclipse.jetty.util.thread.ReservedThreadExecutor - ReservedThreadExecutor@318a62ca{s=1/4,p=0}@SelectorManager@ServerConnector@653ccb0d{HTTP/1.1,[http/1.1]}{0.0.0.0:4567}@53df2ed9 waiting
DEBUG qtp1571971206-22 org.eclipse.jetty.util.thread.strategy.EatWhatYouKill - EatWhatYouKill@7f9b2db5/SelectorProducer@702ac1e1/IDLE/ReservedThreadExecutor@318a62ca{s=1/4,p=1}@SelectorManager@ServerConnector@653ccb0d{HTTP/1.1,[http/1.1]}{0.0.0.0:4567} produce
DEBUG qtp1571971206-22 org.eclipse.jetty.io.ManagedSelector - action=null wakeup=false
DEBUG qtp1571971206-15 org.eclipse.jetty.io.FillInterest - fillable FillInterest@21d4ac33{AC.ReadCB@2c4f1f4d{HttpConnection@2c4f1f4d[p=HttpParser{s=START,0 of -1},g=HttpGenerator@3dc4f743{s=START}]=>HttpChannelOverHttp@788c8008{r=0,c=false,a=IDLE,uri=null}<-SocketChannelEndPoint@1ad06ff3{/[0:0:0:0:0:0:0:1]:56054<->/[0:0:0:0:0:0:0:1]:4567,OPEN,fill=FI,flush=-,to=77838/3600000}{io=1/0,kio=1,kro=1}->HttpConnection@2c4f1f4d[p=HttpParser{s=START,0 of -1},g=HttpGenerator@3dc4f743{s=START}]=>HttpChannelOverHttp@788c8008{r=0,c=false,a=IDLE,uri=null}}}
DEBUG qtp1571971206-22 org.eclipse.jetty.io.ChannelEndPoint - Key interests updated 1 -> 0 on SocketChannelEndPoint@1ad06ff3{/[0:0:0:0:0:0:0:1]:56054<->/[0:0:0:0:0:0:0:1]:4567,OPEN,fill=FI,flush=-,to=77838/3600000}{io=0/0,kio=0,kro=1}->HttpConnection@2c4f1f4d[p=HttpParser{s=START,0 of -1},g=HttpGenerator@3dc4f743{s=START}]=>HttpChannelOverHttp@788c8008{r=0,c=false,a=IDLE,uri=null}
DEBUG qtp1571971206-22 org.eclipse.jetty.io.ManagedSelector - Selector sun.nio.ch.KQueueSelectorImpl@67de07e0 waiting on select
DEBUG qtp1571971206-15 org.eclipse.jetty.server.HttpConnection - HttpConnection@2c4f1f4d[p=HttpParser{s=START,0 of -1},g=HttpGenerator@3dc4f743{s=START}]=>HttpChannelOverHttp@788c8008{r=0,c=false,a=IDLE,uri=null}<-SocketChannelEndPoint@1ad06ff3{/[0:0:0:0:0:0:0:1]:56054<->/[0:0:0:0:0:0:0:1]:4567,OPEN,fill=-,flush=-,to=77839/3600000}{io=0/0,kio=0,kro=1}->HttpConnection@2c4f1f4d[p=HttpParser{s=START,0 of -1},g=HttpGenerator@3dc4f743{s=START}]=>HttpChannelOverHttp@788c8008{r=0,c=false,a=IDLE,uri=null} onFillable enter HttpChannelState@4e0c4d79{s=IDLE a=NOT_ASYNC i=true r=IDLE w=false} null
DEBUG qtp1571971206-15 org.eclipse.jetty.io.ChannelEndPoint - filled -1 SocketChannelEndPoint@1ad06ff3{/[0:0:0:0:0:0:0:1]:56054<->/[0:0:0:0:0:0:0:1]:4567,OPEN,fill=-,flush=-,to=77839/3600000}{io=0/0,kio=0,kro=1}->HttpConnection@2c4f1f4d[p=HttpParser{s=START,0 of -1},g=HttpGenerator@3dc4f743{s=START}]=>HttpChannelOverHttp@788c8008{r=0,c=false,a=IDLE,uri=null}
DEBUG qtp1571971206-15 org.eclipse.jetty.http.HttpParser - atEOF HttpParser{s=START,0 of -1}
DEBUG qtp1571971206-15 org.eclipse.jetty.server.HttpConnection - HttpConnection@2c4f1f4d[p=HttpParser{s=START,0 of -1},g=HttpGenerator@3dc4f743{s=START}]=>HttpChannelOverHttp@788c8008{r=0,c=false,a=IDLE,uri=null}<-SocketChannelEndPoint@1ad06ff3{/[0:0:0:0:0:0:0:1]:56054<->/[0:0:0:0:0:0:0:1]:4567,ISHUT,fill=-,flush=-,to=77840/3600000}{io=0/0,kio=0,kro=1}->HttpConnection@2c4f1f4d[p=HttpParser{s=START,0 of -1},g=HttpGenerator@3dc4f743{s=START}]=>HttpChannelOverHttp@788c8008{r=0,c=false,a=IDLE,uri=null} filled -1 HeapByteBuffer@39f6e8ab[p=0,l=0,c=8192,r=0]={<<<>>>HTTP/1.1 200 OK\r\n...\x00\x00\x00\x00\x00\x00\x00\x00\x00\x00\x00\x00\x00\x00\x00}
DEBUG qtp1571971206-15 org.eclipse.jetty.server.HttpConnection - HttpConnection@2c4f1f4d[p=HttpParser{s=START,0 of -1},g=HttpGenerator@3dc4f743{s=START}]=>HttpChannelOverHttp@788c8008{r=0,c=false,a=IDLE,uri=null}<-SocketChannelEndPoint@1ad06ff3{/[0:0:0:0:0:0:0:1]:56054<->/[0:0:0:0:0:0:0:1]:4567,ISHUT,fill=-,flush=-,to=77840/3600000}{io=0/0,kio=0,kro=1}->HttpConnection@2c4f1f4d[p=HttpParser{s=START,0 of -1},g=HttpGenerator@3dc4f743{s=START}]=>HttpChannelOverHttp@788c8008{r=0,c=false,a=IDLE,uri=null} parse HeapByteBuffer@39f6e8ab[p=0,l=0,c=8192,r=0]={<<<>>>HTTP/1.1 200 OK\r\n...\x00\x00\x00\x00\x00\x00\x00\x00\x00\x00\x00\x00\x00\x00\x00} {}
DEBUG qtp1571971206-15 org.eclipse.jetty.http.HttpParser - parseNext s=START HeapByteBuffer@39f6e8ab[p=0,l=0,c=8192,r=0]={<<<>>>HTTP/1.1 200 OK\r\n...\x00\x00\x00\x00\x00\x00\x00\x00\x00\x00\x00\x00\x00\x00\x00}
DEBUG qtp1571971206-15 org.eclipse.jetty.http.HttpParser - START --> CLOSED
DEBUG qtp1571971206-15 org.eclipse.jetty.io.ChannelEndPoint - doClose SocketChannelEndPoint@1ad06ff3{/[0:0:0:0:0:0:0:1]:56054<->/[0:0:0:0:0:0:0:1]:4567,CLOSED,fill=-,flush=-,to=77841/3600000}{io=0/0,kio=0,kro=1}->HttpConnection@2c4f1f4d[p=HttpParser{s=CLOSED,0 of -1},g=HttpGenerator@3dc4f743{s=START}]=>HttpChannelOverHttp@788c8008{r=0,c=false,a=IDLE,uri=null}
DEBUG qtp1571971206-15 org.eclipse.jetty.io.WriteFlusher - ignored: WriteFlusher@31031435{IDLE}->null
java.nio.channels.ClosedChannelException
	at org.eclipse.jetty.io.WriteFlusher.onClose(WriteFlusher.java:507)
	at org.eclipse.jetty.io.AbstractEndPoint.onClose(AbstractEndPoint.java:345)
	at org.eclipse.jetty.io.ChannelEndPoint.onClose(ChannelEndPoint.java:222)
	at org.eclipse.jetty.io.AbstractEndPoint.doOnClose(AbstractEndPoint.java:217)
	at org.eclipse.jetty.io.AbstractEndPoint.close(AbstractEndPoint.java:184)
	at org.eclipse.jetty.io.AbstractEndPoint.close(AbstractEndPoint.java:169)
	at org.eclipse.jetty.io.AbstractConnection.close(AbstractConnection.java:222)
	at org.eclipse.jetty.server.HttpChannelOverHttp.earlyEOF(HttpChannelOverHttp.java:235)
	at org.eclipse.jetty.http.HttpParser.parseNext(HttpParser.java:1416)
	at org.eclipse.jetty.server.HttpConnection.parseRequestBuffer(HttpConnection.java:356)
	at org.eclipse.jetty.server.HttpConnection.onFillable(HttpConnection.java:239)
	at org.eclipse.jetty.io.AbstractConnection$ReadCallback.succeeded(AbstractConnection.java:279)
	at org.eclipse.jetty.io.FillInterest.fillable(FillInterest.java:102)
	at org.eclipse.jetty.io.ChannelEndPoint$2.run(ChannelEndPoint.java:124)
	at org.eclipse.jetty.util.thread.strategy.EatWhatYouKill.doProduce(EatWhatYouKill.java:247)
	at org.eclipse.jetty.util.thread.strategy.EatWhatYouKill.produce(EatWhatYouKill.java:140)
	at org.eclipse.jetty.util.thread.QueuedThreadPool.runJob(QueuedThreadPool.java:708)
	at org.eclipse.jetty.util.thread.QueuedThreadPool$2.run(QueuedThreadPool.java:626)
	at java.base/java.lang.Thread.run(Thread.java:832)
DEBUG qtp1571971206-15 org.eclipse.jetty.io.FillInterest - onClose FillInterest@21d4ac33{null}
DEBUG qtp1571971206-15 org.eclipse.jetty.io.ManagedSelector - Queued change org.eclipse.jetty.io.ManagedSelector$DestroyEndPoint@26cf97aa on org.eclipse.jetty.io.ManagedSelector@349d9362 id=0 keys=1 selected=0 actions=0
DEBUG qtp1571971206-22 org.eclipse.jetty.io.ManagedSelector - Selector sun.nio.ch.KQueueSelectorImpl@67de07e0 woken up from select, 0/0 selected
DEBUG qtp1571971206-15 org.eclipse.jetty.server.HttpConnection - HttpConnection@2c4f1f4d[p=HttpParser{s=CLOSED,0 of -1},g=HttpGenerator@3dc4f743{s=START}]=>HttpChannelOverHttp@788c8008{r=0,c=false,a=IDLE,uri=null}<-SocketChannelEndPoint@1ad06ff3{/[0:0:0:0:0:0:0:1]:56054<->/[0:0:0:0:0:0:0:1]:4567,CLOSED,fill=-,flush=-,to=77847/3600000}{io=0/0,kio=-1,kro=-1}->HttpConnection@2c4f1f4d[p=HttpParser{s=CLOSED,0 of -1},g=HttpGenerator@3dc4f743{s=START}]=>HttpChannelOverHttp@788c8008{r=0,c=false,a=IDLE,uri=null} parsed false HttpParser{s=CLOSED,0 of -1}
DEBUG qtp1571971206-22 org.eclipse.jetty.io.ManagedSelector - Selector sun.nio.ch.KQueueSelectorImpl@67de07e0 processing 0 keys, 1 actions
DEBUG qtp1571971206-22 org.eclipse.jetty.io.ManagedSelector - action=org.eclipse.jetty.io.ManagedSelector$DestroyEndPoint@26cf97aa wakeup=false
DEBUG qtp1571971206-15 org.eclipse.jetty.server.HttpConnection - releaseRequestBuffer HttpConnection@2c4f1f4d[p=HttpParser{s=CLOSED,0 of -1},g=HttpGenerator@3dc4f743{s=START}]=>HttpChannelOverHttp@788c8008{r=0,c=false,a=IDLE,uri=null}<-SocketChannelEndPoint@1ad06ff3{/[0:0:0:0:0:0:0:1]:56054<->/[0:0:0:0:0:0:0:1]:4567,CLOSED,fill=-,flush=-,to=77847/3600000}{io=0/0,kio=-1,kro=-1}->HttpConnection@2c4f1f4d[p=HttpParser{s=CLOSED,0 of -1},g=HttpGenerator@3dc4f743{s=START}]=>HttpChannelOverHttp@788c8008{r=0,c=false,a=IDLE,uri=null}
DEBUG qtp1571971206-22 org.eclipse.jetty.util.thread.strategy.EatWhatYouKill - EatWhatYouKill@7f9b2db5/SelectorProducer@702ac1e1/PRODUCING/ReservedThreadExecutor@318a62ca{s=1/4,p=0}@SelectorManager@ServerConnector@653ccb0d{HTTP/1.1,[http/1.1]}{0.0.0.0:4567} t=org.eclipse.jetty.io.ManagedSelector$DestroyEndPoint@26cf97aa/BLOCKING
DEBUG qtp1571971206-22 org.eclipse.jetty.util.thread.ReservedThreadExecutor - ReservedThreadExecutor@318a62ca{s=1/4,p=0}@SelectorManager@ServerConnector@653ccb0d{HTTP/1.1,[http/1.1]}{0.0.0.0:4567} tryExecute EatWhatYouKill@7f9b2db5/SelectorProducer@702ac1e1/PRODUCING/ReservedThreadExecutor@318a62ca{s=1/4,p=0}@SelectorManager@ServerConnector@653ccb0d{HTTP/1.1,[http/1.1]}{0.0.0.0:4567}
DEBUG qtp1571971206-15 org.eclipse.jetty.server.HttpConnection - HttpConnection@2c4f1f4d[p=HttpParser{s=CLOSED,0 of -1},g=HttpGenerator@3dc4f743{s=START}]=>HttpChannelOverHttp@788c8008{r=0,c=false,a=IDLE,uri=null}<-SocketChannelEndPoint@1ad06ff3{/[0:0:0:0:0:0:0:1]:56054<->/[0:0:0:0:0:0:0:1]:4567,CLOSED,fill=-,flush=-,to=77848/3600000}{io=0/0,kio=-1,kro=-1}->HttpConnection@2c4f1f4d[p=HttpParser{s=CLOSED,0 of -1},g=HttpGenerator@3dc4f743{s=START}]=>HttpChannelOverHttp@788c8008{r=0,c=false,a=IDLE,uri=null} onFillable exit HttpChannelState@4e0c4d79{s=IDLE a=NOT_ASYNC i=true r=IDLE w=false} null
DEBUG qtp1571971206-15 org.eclipse.jetty.util.thread.QueuedThreadPool - ran org.eclipse.jetty.io.ManagedSelector$$Lambda$94/0x0000000800c09840@10b402ee
DEBUG qtp1571971206-22 org.eclipse.jetty.util.thread.ReservedThreadExecutor - ReservedThreadExecutor@318a62ca{s=0/4,p=0}@SelectorManager@ServerConnector@653ccb0d{HTTP/1.1,[http/1.1]}{0.0.0.0:4567}@53df2ed9 offer EatWhatYouKill@7f9b2db5/SelectorProducer@702ac1e1/PRODUCING/ReservedThreadExecutor@318a62ca{s=0/4,p=0}@SelectorManager@ServerConnector@653ccb0d{HTTP/1.1,[http/1.1]}{0.0.0.0:4567}
DEBUG qtp1571971206-22 org.eclipse.jetty.util.thread.ReservedThreadExecutor - ReservedThreadExecutor@318a62ca{s=0/4,p=1}@SelectorManager@ServerConnector@653ccb0d{HTTP/1.1,[http/1.1]}{0.0.0.0:4567} startReservedThread p=1
DEBUG qtp1571971206-22 org.eclipse.jetty.util.thread.QueuedThreadPool - queue ReservedThreadExecutor@318a62ca{s=0/4,p=1}@SelectorManager@ServerConnector@653ccb0d{HTTP/1.1,[http/1.1]}{0.0.0.0:4567}@7cdf4da3
DEBUG qtp1571971206-22 org.eclipse.jetty.util.thread.strategy.EatWhatYouKill - EatWhatYouKill@7f9b2db5/SelectorProducer@702ac1e1/IDLE/ReservedThreadExecutor@318a62ca{s=0/4,p=1}@SelectorManager@ServerConnector@653ccb0d{HTTP/1.1,[http/1.1]}{0.0.0.0:4567} EPC t=org.eclipse.jetty.io.ManagedSelector$DestroyEndPoint@26cf97aa
DEBUG qtp1571971206-22 org.eclipse.jetty.io.ManagedSelector - Destroyed SocketChannelEndPoint@1ad06ff3{/[0:0:0:0:0:0:0:1]:56054<->/[0:0:0:0:0:0:0:1]:4567,CLOSED,fill=-,flush=-,to=77849/3600000}{io=0/0,kio=-1,kro=-1}->HttpConnection@2c4f1f4d[p=HttpParser{s=CLOSED,0 of -1},g=HttpGenerator@3dc4f743{s=START}]=>HttpChannelOverHttp@788c8008{r=0,c=false,a=IDLE,uri=null}
DEBUG qtp1571971206-21 org.eclipse.jetty.util.thread.QueuedThreadPool - run ReservedThreadExecutor@318a62ca{s=0/4,p=1}@SelectorManager@ServerConnector@653ccb0d{HTTP/1.1,[http/1.1]}{0.0.0.0:4567}@7cdf4da3
DEBUG qtp1571971206-21 org.eclipse.jetty.util.thread.ReservedThreadExecutor - ReservedThreadExecutor@318a62ca{s=1/4,p=1}@SelectorManager@ServerConnector@653ccb0d{HTTP/1.1,[http/1.1]}{0.0.0.0:4567}@7cdf4da3 started
DEBUG qtp1571971206-19 org.eclipse.jetty.util.thread.ReservedThreadExecutor - ReservedThreadExecutor@318a62ca{s=0/4,p=1}@SelectorManager@ServerConnector@653ccb0d{HTTP/1.1,[http/1.1]}{0.0.0.0:4567}@53df2ed9 task=EatWhatYouKill@7f9b2db5/SelectorProducer@702ac1e1/IDLE/ReservedThreadExecutor@318a62ca{s=1/4,p=1}@SelectorManager@ServerConnector@653ccb0d{HTTP/1.1,[http/1.1]}{0.0.0.0:4567}
DEBUG qtp1571971206-22 org.eclipse.jetty.io.AbstractConnection - onClose HttpConnection@2c4f1f4d[p=HttpParser{s=CLOSED,0 of -1},g=HttpGenerator@3dc4f743{s=START}]=>HttpChannelOverHttp@788c8008{r=0,c=false,a=IDLE,uri=null}<-SocketChannelEndPoint@1ad06ff3{/[0:0:0:0:0:0:0:1]:56054<->/[0:0:0:0:0:0:0:1]:4567,CLOSED,fill=-,flush=-,to=77849/3600000}{io=0/0,kio=-1,kro=-1}->HttpConnection@2c4f1f4d[p=HttpParser{s=CLOSED,0 of -1},g=HttpGenerator@3dc4f743{s=START}]=>HttpChannelOverHttp@788c8008{r=0,c=false,a=IDLE,uri=null}
DEBUG qtp1571971206-19 org.eclipse.jetty.util.thread.strategy.EatWhatYouKill - EatWhatYouKill@7f9b2db5/SelectorProducer@702ac1e1/IDLE/ReservedThreadExecutor@318a62ca{s=1/4,p=0}@SelectorManager@ServerConnector@653ccb0d{HTTP/1.1,[http/1.1]}{0.0.0.0:4567} run
DEBUG qtp1571971206-21 org.eclipse.jetty.util.thread.ReservedThreadExecutor - ReservedThreadExecutor@318a62ca{s=1/4,p=0}@SelectorManager@ServerConnector@653ccb0d{HTTP/1.1,[http/1.1]}{0.0.0.0:4567}@7cdf4da3 waiting
DEBUG qtp1571971206-19 org.eclipse.jetty.util.thread.strategy.EatWhatYouKill - EatWhatYouKill@7f9b2db5/SelectorProducer@702ac1e1/IDLE/ReservedThreadExecutor@318a62ca{s=2/4,p=0}@SelectorManager@ServerConnector@653ccb0d{HTTP/1.1,[http/1.1]}{0.0.0.0:4567} produce
DEBUG qtp1571971206-22 org.eclipse.jetty.util.thread.ReservedThreadExecutor - ReservedThreadExecutor@318a62ca{s=2/4,p=0}@SelectorManager@ServerConnector@653ccb0d{HTTP/1.1,[http/1.1]}{0.0.0.0:4567}@3735cf3b waiting
DEBUG qtp1571971206-19 org.eclipse.jetty.io.ManagedSelector - Forcing selection, actions=0
DEBUG qtp1571971206-19 org.eclipse.jetty.io.ManagedSelector - action=null wakeup=false
DEBUG qtp1571971206-19 org.eclipse.jetty.io.ManagedSelector - Selector sun.nio.ch.KQueueSelectorImpl@67de07e0 waiting on select
DEBUG qtp1571971206-18-acceptor-0@2f1652e3-ServerConnector@653ccb0d{HTTP/1.1,[http/1.1]}{0.0.0.0:4567} org.eclipse.jetty.io.ManagedSelector - Queued change org.eclipse.jetty.io.ManagedSelector$Accept@3a4a10ed on org.eclipse.jetty.io.ManagedSelector@555df741 id=1 keys=1 selected=0 actions=0
DEBUG qtp1571971206-20 org.eclipse.jetty.io.ManagedSelector - Selector sun.nio.ch.KQueueSelectorImpl@1caac4c6 woken up from select, 0/1 selected
DEBUG qtp1571971206-20 org.eclipse.jetty.io.ManagedSelector - Selector sun.nio.ch.KQueueSelectorImpl@1caac4c6 processing 0 keys, 1 actions
DEBUG qtp1571971206-20 org.eclipse.jetty.io.ManagedSelector - action=org.eclipse.jetty.io.ManagedSelector$Accept@3a4a10ed wakeup=false
DEBUG qtp1571971206-20 org.eclipse.jetty.util.thread.strategy.EatWhatYouKill - EatWhatYouKill@558e7c93/SelectorProducer@73de0512/PRODUCING/ReservedThreadExecutor@318a62ca{s=2/4,p=0}@SelectorManager@ServerConnector@653ccb0d{HTTP/1.1,[http/1.1]}{0.0.0.0:4567} t=org.eclipse.jetty.io.ManagedSelector$Accept@3a4a10ed/NON_BLOCKING
DEBUG qtp1571971206-20 org.eclipse.jetty.util.thread.strategy.EatWhatYouKill - EatWhatYouKill@558e7c93/SelectorProducer@73de0512/PRODUCING/ReservedThreadExecutor@318a62ca{s=2/4,p=0}@SelectorManager@ServerConnector@653ccb0d{HTTP/1.1,[http/1.1]}{0.0.0.0:4567} PC t=org.eclipse.jetty.io.ManagedSelector$Accept@3a4a10ed
DEBUG qtp1571971206-20 org.eclipse.jetty.io.ManagedSelector - Queued change org.eclipse.jetty.io.ManagedSelector$CreateEndPoint@38685753 on org.eclipse.jetty.io.ManagedSelector@555df741 id=1 keys=2 selected=0 actions=0
DEBUG qtp1571971206-20 org.eclipse.jetty.io.ManagedSelector - Forcing selection, actions=1
DEBUG qtp1571971206-20 org.eclipse.jetty.io.ManagedSelector - action=null wakeup=true
DEBUG qtp1571971206-20 org.eclipse.jetty.io.ManagedSelector - Selector sun.nio.ch.KQueueSelectorImpl@1caac4c6 waiting on select
DEBUG qtp1571971206-20 org.eclipse.jetty.io.ManagedSelector - Selector sun.nio.ch.KQueueSelectorImpl@1caac4c6 woken up from select, 0/2 selected
DEBUG qtp1571971206-20 org.eclipse.jetty.io.ManagedSelector - Selector sun.nio.ch.KQueueSelectorImpl@1caac4c6 processing 0 keys, 1 actions
DEBUG qtp1571971206-20 org.eclipse.jetty.io.ManagedSelector - action=org.eclipse.jetty.io.ManagedSelector$CreateEndPoint@38685753 wakeup=false
DEBUG qtp1571971206-20 org.eclipse.jetty.util.thread.strategy.EatWhatYouKill - EatWhatYouKill@558e7c93/SelectorProducer@73de0512/PRODUCING/ReservedThreadExecutor@318a62ca{s=2/4,p=0}@SelectorManager@ServerConnector@653ccb0d{HTTP/1.1,[http/1.1]}{0.0.0.0:4567} t=org.eclipse.jetty.io.ManagedSelector$CreateEndPoint@38685753/BLOCKING
DEBUG qtp1571971206-20 org.eclipse.jetty.util.thread.ReservedThreadExecutor - ReservedThreadExecutor@318a62ca{s=2/4,p=0}@SelectorManager@ServerConnector@653ccb0d{HTTP/1.1,[http/1.1]}{0.0.0.0:4567} tryExecute EatWhatYouKill@558e7c93/SelectorProducer@73de0512/PRODUCING/ReservedThreadExecutor@318a62ca{s=2/4,p=0}@SelectorManager@ServerConnector@653ccb0d{HTTP/1.1,[http/1.1]}{0.0.0.0:4567}
DEBUG qtp1571971206-20 org.eclipse.jetty.util.thread.ReservedThreadExecutor - ReservedThreadExecutor@318a62ca{s=1/4,p=0}@SelectorManager@ServerConnector@653ccb0d{HTTP/1.1,[http/1.1]}{0.0.0.0:4567}@3735cf3b offer EatWhatYouKill@558e7c93/SelectorProducer@73de0512/PRODUCING/ReservedThreadExecutor@318a62ca{s=1/4,p=0}@SelectorManager@ServerConnector@653ccb0d{HTTP/1.1,[http/1.1]}{0.0.0.0:4567}
DEBUG qtp1571971206-20 org.eclipse.jetty.util.thread.strategy.EatWhatYouKill - EatWhatYouKill@558e7c93/SelectorProducer@73de0512/IDLE/ReservedThreadExecutor@318a62ca{s=1/4,p=0}@SelectorManager@ServerConnector@653ccb0d{HTTP/1.1,[http/1.1]}{0.0.0.0:4567} EPC t=org.eclipse.jetty.io.ManagedSelector$CreateEndPoint@38685753
DEBUG qtp1571971206-22 org.eclipse.jetty.util.thread.ReservedThreadExecutor - ReservedThreadExecutor@318a62ca{s=1/4,p=0}@SelectorManager@ServerConnector@653ccb0d{HTTP/1.1,[http/1.1]}{0.0.0.0:4567}@3735cf3b task=EatWhatYouKill@558e7c93/SelectorProducer@73de0512/IDLE/ReservedThreadExecutor@318a62ca{s=1/4,p=0}@SelectorManager@ServerConnector@653ccb0d{HTTP/1.1,[http/1.1]}{0.0.0.0:4567}
DEBUG qtp1571971206-20 org.eclipse.jetty.io.IdleTimeout - SocketChannelEndPoint@ad581e3{/[0:0:0:0:0:0:0:1]:56536<->/[0:0:0:0:0:0:0:1]:4567,OPEN,fill=-,flush=-,to=0/3600000}{io=0/0,kio=0,kro=0}-><null> idle timeout check, elapsed: 0 ms, remaining: 3600000 ms
DEBUG qtp1571971206-22 org.eclipse.jetty.util.thread.strategy.EatWhatYouKill - EatWhatYouKill@558e7c93/SelectorProducer@73de0512/IDLE/ReservedThreadExecutor@318a62ca{s=1/4,p=0}@SelectorManager@ServerConnector@653ccb0d{HTTP/1.1,[http/1.1]}{0.0.0.0:4567} run
DEBUG qtp1571971206-22 org.eclipse.jetty.util.thread.strategy.EatWhatYouKill - EatWhatYouKill@558e7c93/SelectorProducer@73de0512/IDLE/ReservedThreadExecutor@318a62ca{s=1/4,p=0}@SelectorManager@ServerConnector@653ccb0d{HTTP/1.1,[http/1.1]}{0.0.0.0:4567} produce
DEBUG qtp1571971206-20 org.eclipse.jetty.server.HttpChannel - new HttpChannelOverHttp@1a406a8b{r=0,c=false,a=IDLE,uri=null} -> SocketChannelEndPoint@ad581e3{/[0:0:0:0:0:0:0:1]:56536<->/[0:0:0:0:0:0:0:1]:4567,OPEN,fill=-,flush=-,to=0/3600000}{io=0/0,kio=0,kro=0}-><null>,null,HttpChannelState@55acf815{s=IDLE a=NOT_ASYNC i=true r=IDLE w=false}
DEBUG qtp1571971206-22 org.eclipse.jetty.io.ManagedSelector - Forcing selection, actions=0
DEBUG qtp1571971206-22 org.eclipse.jetty.io.ManagedSelector - action=null wakeup=false
DEBUG qtp1571971206-20 org.eclipse.jetty.server.HttpConnection - New HTTP Connection HttpConnection@2f04ff3c[p=HttpParser{s=START,0 of -1},g=HttpGenerator@978a9a6{s=START}]=>HttpChannelOverHttp@1a406a8b{r=0,c=false,a=IDLE,uri=null}<-SocketChannelEndPoint@ad581e3{/[0:0:0:0:0:0:0:1]:56536<->/[0:0:0:0:0:0:0:1]:4567,OPEN,fill=-,flush=-,to=1/3600000}{io=0/0,kio=0,kro=0}-><null>
DEBUG qtp1571971206-22 org.eclipse.jetty.io.ManagedSelector - Selector sun.nio.ch.KQueueSelectorImpl@1caac4c6 waiting on select
DEBUG qtp1571971206-20 org.eclipse.jetty.io.AbstractEndPoint - onOpen SocketChannelEndPoint@ad581e3{/[0:0:0:0:0:0:0:1]:56536<->/[0:0:0:0:0:0:0:1]:4567,OPEN,fill=-,flush=-,to=1/3600000}{io=0/0,kio=0,kro=0}->HttpConnection@2f04ff3c[p=HttpParser{s=START,0 of -1},g=HttpGenerator@978a9a6{s=START}]=>HttpChannelOverHttp@1a406a8b{r=0,c=false,a=IDLE,uri=null}
DEBUG qtp1571971206-20 org.eclipse.jetty.io.AbstractConnection - onOpen HttpConnection@2f04ff3c[p=HttpParser{s=START,0 of -1},g=HttpGenerator@978a9a6{s=START}]=>HttpChannelOverHttp@1a406a8b{r=0,c=false,a=IDLE,uri=null}<-SocketChannelEndPoint@ad581e3{/[0:0:0:0:0:0:0:1]:56536<->/[0:0:0:0:0:0:0:1]:4567,OPEN,fill=-,flush=-,to=1/3600000}{io=0/0,kio=0,kro=0}->HttpConnection@2f04ff3c[p=HttpParser{s=START,0 of -1},g=HttpGenerator@978a9a6{s=START}]=>HttpChannelOverHttp@1a406a8b{r=0,c=false,a=IDLE,uri=null}
DEBUG qtp1571971206-20 org.eclipse.jetty.io.AbstractConnection - fillInterested HttpConnection@2f04ff3c[p=HttpParser{s=START,0 of -1},g=HttpGenerator@978a9a6{s=START}]=>HttpChannelOverHttp@1a406a8b{r=0,c=false,a=IDLE,uri=null}<-SocketChannelEndPoint@ad581e3{/[0:0:0:0:0:0:0:1]:56536<->/[0:0:0:0:0:0:0:1]:4567,OPEN,fill=-,flush=-,to=2/3600000}{io=0/0,kio=0,kro=0}->HttpConnection@2f04ff3c[p=HttpParser{s=START,0 of -1},g=HttpGenerator@978a9a6{s=START}]=>HttpChannelOverHttp@1a406a8b{r=0,c=false,a=IDLE,uri=null}
DEBUG qtp1571971206-20 org.eclipse.jetty.io.FillInterest - interested FillInterest@10758e30{AC.ReadCB@2f04ff3c{HttpConnection@2f04ff3c[p=HttpParser{s=START,0 of -1},g=HttpGenerator@978a9a6{s=START}]=>HttpChannelOverHttp@1a406a8b{r=0,c=false,a=IDLE,uri=null}<-SocketChannelEndPoint@ad581e3{/[0:0:0:0:0:0:0:1]:56536<->/[0:0:0:0:0:0:0:1]:4567,OPEN,fill=FI,flush=-,to=0/3600000}{io=0/0,kio=0,kro=0}->HttpConnection@2f04ff3c[p=HttpParser{s=START,0 of -1},g=HttpGenerator@978a9a6{s=START}]=>HttpChannelOverHttp@1a406a8b{r=0,c=false,a=IDLE,uri=null}}}
DEBUG qtp1571971206-20 org.eclipse.jetty.io.ChannelEndPoint - changeInterests p=false 0->1 for SocketChannelEndPoint@ad581e3{/[0:0:0:0:0:0:0:1]:56536<->/[0:0:0:0:0:0:0:1]:4567,OPEN,fill=FI,flush=-,to=0/3600000}{io=0/1,kio=0,kro=0}->HttpConnection@2f04ff3c[p=HttpParser{s=START,0 of -1},g=HttpGenerator@978a9a6{s=START}]=>HttpChannelOverHttp@1a406a8b{r=0,c=false,a=IDLE,uri=null}
DEBUG qtp1571971206-20 org.eclipse.jetty.io.ManagedSelector - Queued change CEP:SocketChannelEndPoint@ad581e3{/[0:0:0:0:0:0:0:1]:56536<->/[0:0:0:0:0:0:0:1]:4567,OPEN,fill=FI,flush=-,to=1/3600000}{io=0/1,kio=0,kro=0}->HttpConnection@2f04ff3c[p=HttpParser{s=START,0 of -1},g=HttpGenerator@978a9a6{s=START}]=>HttpChannelOverHttp@1a406a8b{r=0,c=false,a=IDLE,uri=null}:runUpdateKey:NON_BLOCKING on org.eclipse.jetty.io.ManagedSelector@555df741 id=1 keys=2 selected=0 actions=0
DEBUG qtp1571971206-20 org.eclipse.jetty.io.ManagedSelector - Created SocketChannelEndPoint@ad581e3{/[0:0:0:0:0:0:0:1]:56536<->/[0:0:0:0:0:0:0:1]:4567,OPEN,fill=FI,flush=-,to=1/3600000}{io=0/1,kio=0,kro=0}->HttpConnection@2f04ff3c[p=HttpParser{s=START,0 of -1},g=HttpGenerator@978a9a6{s=START}]=>HttpChannelOverHttp@1a406a8b{r=0,c=false,a=IDLE,uri=null}
DEBUG qtp1571971206-20 org.eclipse.jetty.util.thread.ReservedThreadExecutor - ReservedThreadExecutor@318a62ca{s=2/4,p=0}@SelectorManager@ServerConnector@653ccb0d{HTTP/1.1,[http/1.1]}{0.0.0.0:4567}@2814d592 waiting
DEBUG qtp1571971206-22 org.eclipse.jetty.io.ManagedSelector - Selector sun.nio.ch.KQueueSelectorImpl@1caac4c6 woken up from select, 0/2 selected
DEBUG qtp1571971206-22 org.eclipse.jetty.io.ManagedSelector - Selector sun.nio.ch.KQueueSelectorImpl@1caac4c6 processing 0 keys, 1 actions
DEBUG qtp1571971206-22 org.eclipse.jetty.io.ManagedSelector - action=CEP:SocketChannelEndPoint@ad581e3{/[0:0:0:0:0:0:0:1]:56536<->/[0:0:0:0:0:0:0:1]:4567,OPEN,fill=FI,flush=-,to=8/3600000}{io=0/1,kio=0,kro=0}->HttpConnection@2f04ff3c[p=HttpParser{s=START,0 of -1},g=HttpGenerator@978a9a6{s=START}]=>HttpChannelOverHttp@1a406a8b{r=0,c=false,a=IDLE,uri=null}:runUpdateKey:NON_BLOCKING wakeup=false
DEBUG qtp1571971206-22 org.eclipse.jetty.util.thread.strategy.EatWhatYouKill - EatWhatYouKill@558e7c93/SelectorProducer@73de0512/PRODUCING/ReservedThreadExecutor@318a62ca{s=2/4,p=0}@SelectorManager@ServerConnector@653ccb0d{HTTP/1.1,[http/1.1]}{0.0.0.0:4567} t=CEP:SocketChannelEndPoint@ad581e3{/[0:0:0:0:0:0:0:1]:56536<->/[0:0:0:0:0:0:0:1]:4567,OPEN,fill=FI,flush=-,to=8/3600000}{io=0/1,kio=0,kro=0}->HttpConnection@2f04ff3c[p=HttpParser{s=START,0 of -1},g=HttpGenerator@978a9a6{s=START}]=>HttpChannelOverHttp@1a406a8b{r=0,c=false,a=IDLE,uri=null}:runUpdateKey:NON_BLOCKING/NON_BLOCKING
DEBUG qtp1571971206-22 org.eclipse.jetty.util.thread.strategy.EatWhatYouKill - EatWhatYouKill@558e7c93/SelectorProducer@73de0512/PRODUCING/ReservedThreadExecutor@318a62ca{s=2/4,p=0}@SelectorManager@ServerConnector@653ccb0d{HTTP/1.1,[http/1.1]}{0.0.0.0:4567} PC t=CEP:SocketChannelEndPoint@ad581e3{/[0:0:0:0:0:0:0:1]:56536<->/[0:0:0:0:0:0:0:1]:4567,OPEN,fill=FI,flush=-,to=8/3600000}{io=0/1,kio=0,kro=0}->HttpConnection@2f04ff3c[p=HttpParser{s=START,0 of -1},g=HttpGenerator@978a9a6{s=START}]=>HttpChannelOverHttp@1a406a8b{r=0,c=false,a=IDLE,uri=null}:runUpdateKey:NON_BLOCKING
DEBUG qtp1571971206-22 org.eclipse.jetty.io.ChannelEndPoint - Key interests updated 0 -> 1 on SocketChannelEndPoint@ad581e3{/[0:0:0:0:0:0:0:1]:56536<->/[0:0:0:0:0:0:0:1]:4567,OPEN,fill=FI,flush=-,to=9/3600000}{io=1/1,kio=1,kro=0}->HttpConnection@2f04ff3c[p=HttpParser{s=START,0 of -1},g=HttpGenerator@978a9a6{s=START}]=>HttpChannelOverHttp@1a406a8b{r=0,c=false,a=IDLE,uri=null}
DEBUG qtp1571971206-22 org.eclipse.jetty.io.ManagedSelector - Forcing selection, actions=0
DEBUG qtp1571971206-22 org.eclipse.jetty.io.ManagedSelector - action=null wakeup=false
DEBUG qtp1571971206-22 org.eclipse.jetty.io.ManagedSelector - Selector sun.nio.ch.KQueueSelectorImpl@1caac4c6 waiting on select
DEBUG qtp1571971206-21 org.eclipse.jetty.util.thread.ReservedThreadExecutor - ReservedThreadExecutor@318a62ca{s=2/4,p=0}@SelectorManager@ServerConnector@653ccb0d{HTTP/1.1,[http/1.1]}{0.0.0.0:4567}@7cdf4da3 IDLE
DEBUG qtp1571971206-21 org.eclipse.jetty.util.thread.ReservedThreadExecutor - ReservedThreadExecutor@318a62ca{s=2/4,p=0}@SelectorManager@ServerConnector@653ccb0d{HTTP/1.1,[http/1.1]}{0.0.0.0:4567} tryExecute STOP!
DEBUG qtp1571971206-21 org.eclipse.jetty.util.thread.ReservedThreadExecutor - ReservedThreadExecutor@318a62ca{s=1/4,p=0}@SelectorManager@ServerConnector@653ccb0d{HTTP/1.1,[http/1.1]}{0.0.0.0:4567}@2814d592 offer STOP!
DEBUG qtp1571971206-20 org.eclipse.jetty.util.thread.ReservedThreadExecutor - ReservedThreadExecutor@318a62ca{s=1/4,p=0}@SelectorManager@ServerConnector@653ccb0d{HTTP/1.1,[http/1.1]}{0.0.0.0:4567}@2814d592 task=STOP!
DEBUG qtp1571971206-20 org.eclipse.jetty.util.thread.ReservedThreadExecutor - ReservedThreadExecutor@318a62ca{s=1/4,p=0}@SelectorManager@ServerConnector@653ccb0d{HTTP/1.1,[http/1.1]}{0.0.0.0:4567}@2814d592 Exited
DEBUG qtp1571971206-20 org.eclipse.jetty.util.thread.QueuedThreadPool - ran ReservedThreadExecutor@318a62ca{s=1/4,p=0}@SelectorManager@ServerConnector@653ccb0d{HTTP/1.1,[http/1.1]}{0.0.0.0:4567}@2814d592
