2020-04-23 12:07:22,821 - Initializing Velocity, Calling init()...
2020-04-23 12:07:22,821 - Starting Apache Velocity v1.7 (compiled: 2010-11-19 12:14:37)
2020-04-23 12:07:22,821 - Default Properties File: org/apache/velocity/runtime/defaults/velocity.properties
2020-04-23 12:07:22,821 - Trying to use logger class org.apache.velocity.runtime.log.AvalonLogChute
2020-04-23 12:07:22,821 - Target log system for org.apache.velocity.runtime.log.AvalonLogChute is not available (java.lang.NoClassDefFoundError: org/apache/log/format/Formatter).  Falling back to next log system...
2020-04-23 12:07:22,821 - Trying to use logger class org.apache.velocity.runtime.log.Log4JLogChute
2020-04-23 12:07:22,821 - Using logger class org.apache.velocity.runtime.log.Log4JLogChute
2020-04-23 12:07:22,825 - ResourceLoader instantiated: org.apache.velocity.runtime.resource.loader.ClasspathResourceLoader
2020-04-23 12:07:22,834 - ResourceCache: initialized (class org.apache.velocity.runtime.resource.ResourceCacheImpl) with class java.util.Collections$SynchronizedMap cache map.
2020-04-23 12:07:22,836 - Loaded System Directive: org.apache.velocity.runtime.directive.Stop
2020-04-23 12:07:22,836 - Loaded System Directive: org.apache.velocity.runtime.directive.Define
2020-04-23 12:07:22,837 - Loaded System Directive: org.apache.velocity.runtime.directive.Break
2020-04-23 12:07:22,838 - Loaded System Directive: org.apache.velocity.runtime.directive.Evaluate
2020-04-23 12:07:22,839 - Loaded System Directive: org.apache.velocity.runtime.directive.Literal
2020-04-23 12:07:22,840 - Loaded System Directive: org.apache.velocity.runtime.directive.Macro
2020-04-23 12:07:22,841 - Loaded System Directive: org.apache.velocity.runtime.directive.Parse
2020-04-23 12:07:22,842 - Loaded System Directive: org.apache.velocity.runtime.directive.Include
2020-04-23 12:07:22,843 - Loaded System Directive: org.apache.velocity.runtime.directive.Foreach
2020-04-23 12:07:22,868 - Created '20' parsers.
2020-04-23 12:07:22,871 - Velocimacro : "velocimacro.library" is not set.  Trying default library: VM_global_library.vm
2020-04-23 12:07:22,872 - Could not load resource 'VM_global_library.vm' from ResourceLoader org.apache.velocity.runtime.resource.loader.ClasspathResourceLoader: ClasspathResourceLoader Error: cannot find resource VM_global_library.vm
2020-04-23 12:07:22,872 - Velocimacro : Default library not found.
2020-04-23 12:07:22,872 - Velocimacro : allowInline = true : VMs can be defined inline in templates
2020-04-23 12:07:22,872 - Velocimacro : allowInlineToOverride = false : VMs defined inline may NOT replace previous VM definitions
2020-04-23 12:07:22,872 - Velocimacro : allowInlineLocal = false : VMs defined inline will be global in scope if allowed.
2020-04-23 12:07:22,872 - Velocimacro : autoload off : VM system will not automatically reload global library macros
2020-04-23 12:07:22,882 - ResourceManager : found templates/homepage.vtl with loader org.apache.velocity.runtime.resource.loader.ClasspathResourceLoader
2020-04-23 12:07:28,426 - Log4JLogChute initialized using file 'velocity.log'
2020-04-23 12:07:28,426 - Initializing Velocity, Calling init()...
2020-04-23 12:07:28,426 - Starting Apache Velocity v1.7 (compiled: 2010-11-19 12:14:37)
2020-04-23 12:07:28,426 - Default Properties File: org/apache/velocity/runtime/defaults/velocity.properties
2020-04-23 12:07:28,426 - Trying to use logger class org.apache.velocity.runtime.log.AvalonLogChute
2020-04-23 12:07:28,426 - Target log system for org.apache.velocity.runtime.log.AvalonLogChute is not available (java.lang.NoClassDefFoundError: org/apache/log/format/Formatter).  Falling back to next log system...
2020-04-23 12:07:28,426 - Trying to use logger class org.apache.velocity.runtime.log.Log4JLogChute
2020-04-23 12:07:28,426 - Using logger class org.apache.velocity.runtime.log.Log4JLogChute
2020-04-23 12:07:28,426 - ResourceLoader instantiated: org.apache.velocity.runtime.resource.loader.ClasspathResourceLoader
2020-04-23 12:07:28,427 - ResourceCache: initialized (class org.apache.velocity.runtime.resource.ResourceCacheImpl) with class java.util.Collections$SynchronizedMap cache map.
2020-04-23 12:07:28,427 - Loaded System Directive: org.apache.velocity.runtime.directive.Stop
2020-04-23 12:07:28,427 - Loaded System Directive: org.apache.velocity.runtime.directive.Define
2020-04-23 12:07:28,427 - Loaded System Directive: org.apache.velocity.runtime.directive.Break
2020-04-23 12:07:28,427 - Loaded System Directive: org.apache.velocity.runtime.directive.Evaluate
2020-04-23 12:07:28,427 - Loaded System Directive: org.apache.velocity.runtime.directive.Literal
2020-04-23 12:07:28,427 - Loaded System Directive: org.apache.velocity.runtime.directive.Macro
2020-04-23 12:07:28,427 - Loaded System Directive: org.apache.velocity.runtime.directive.Parse
2020-04-23 12:07:28,427 - Loaded System Directive: org.apache.velocity.runtime.directive.Include
2020-04-23 12:07:28,427 - Loaded System Directive: org.apache.velocity.runtime.directive.Foreach
2020-04-23 12:07:28,428 - Created '20' parsers.
2020-04-23 12:07:28,428 - Velocimacro : "velocimacro.library" is not set.  Trying default library: VM_global_library.vm
2020-04-23 12:07:28,428 - Could not load resource 'VM_global_library.vm' from ResourceLoader org.apache.velocity.runtime.resource.loader.ClasspathResourceLoader: ClasspathResourceLoader Error: cannot find resource VM_global_library.vm
2020-04-23 12:07:28,428 - Velocimacro : Default library not found.
2020-04-23 12:07:28,428 - Velocimacro : allowInline = true : VMs can be defined inline in templates
2020-04-23 12:07:28,428 - Velocimacro : allowInlineToOverride = false : VMs defined inline may NOT replace previous VM definitions
2020-04-23 12:07:28,428 - Velocimacro : allowInlineLocal = false : VMs defined inline will be global in scope if allowed.
2020-04-23 12:07:28,428 - Velocimacro : autoload off : VM system will not automatically reload global library macros
2020-04-23 12:07:28,430 - ResourceManager : found templates/login.vtl with loader org.apache.velocity.runtime.resource.loader.ClasspathResourceLoader
2020-04-23 12:07:32,149 - Log4JLogChute initialized using file 'velocity.log'
2020-04-23 12:07:32,149 - Initializing Velocity, Calling init()...
2020-04-23 12:07:32,149 - Starting Apache Velocity v1.7 (compiled: 2010-11-19 12:14:37)
2020-04-23 12:07:32,149 - Default Properties File: org/apache/velocity/runtime/defaults/velocity.properties
2020-04-23 12:07:32,149 - Trying to use logger class org.apache.velocity.runtime.log.AvalonLogChute
2020-04-23 12:07:32,149 - Target log system for org.apache.velocity.runtime.log.AvalonLogChute is not available (java.lang.NoClassDefFoundError: org/apache/log/format/Formatter).  Falling back to next log system...
2020-04-23 12:07:32,149 - Trying to use logger class org.apache.velocity.runtime.log.Log4JLogChute
2020-04-23 12:07:32,149 - Using logger class org.apache.velocity.runtime.log.Log4JLogChute
2020-04-23 12:07:32,149 - ResourceLoader instantiated: org.apache.velocity.runtime.resource.loader.ClasspathResourceLoader
2020-04-23 12:07:32,149 - ResourceCache: initialized (class org.apache.velocity.runtime.resource.ResourceCacheImpl) with class java.util.Collections$SynchronizedMap cache map.
2020-04-23 12:07:32,149 - Loaded System Directive: org.apache.velocity.runtime.directive.Stop
2020-04-23 12:07:32,150 - Loaded System Directive: org.apache.velocity.runtime.directive.Define
2020-04-23 12:07:32,150 - Loaded System Directive: org.apache.velocity.runtime.directive.Break
2020-04-23 12:07:32,150 - Loaded System Directive: org.apache.velocity.runtime.directive.Evaluate
2020-04-23 12:07:32,150 - Loaded System Directive: org.apache.velocity.runtime.directive.Literal
2020-04-23 12:07:32,150 - Loaded System Directive: org.apache.velocity.runtime.directive.Macro
2020-04-23 12:07:32,150 - Loaded System Directive: org.apache.velocity.runtime.directive.Parse
2020-04-23 12:07:32,150 - Loaded System Directive: org.apache.velocity.runtime.directive.Include
2020-04-23 12:07:32,150 - Loaded System Directive: org.apache.velocity.runtime.directive.Foreach
2020-04-23 12:07:32,151 - Created '20' parsers.
2020-04-23 12:07:32,151 - Velocimacro : "velocimacro.library" is not set.  Trying default library: VM_global_library.vm
2020-04-23 12:07:32,151 - Could not load resource 'VM_global_library.vm' from ResourceLoader org.apache.velocity.runtime.resource.loader.ClasspathResourceLoader: ClasspathResourceLoader Error: cannot find resource VM_global_library.vm
2020-04-23 12:07:32,151 - Velocimacro : Default library not found.
2020-04-23 12:07:32,151 - Velocimacro : allowInline = true : VMs can be defined inline in templates
2020-04-23 12:07:32,151 - Velocimacro : allowInlineToOverride = false : VMs defined inline may NOT replace previous VM definitions
2020-04-23 12:07:32,151 - Velocimacro : allowInlineLocal = false : VMs defined inline will be global in scope if allowed.
2020-04-23 12:07:32,151 - Velocimacro : autoload off : VM system will not automatically reload global library macros
2020-04-23 12:07:32,155 - ResourceManager : found templates/dashboard.vtl with loader org.apache.velocity.runtime.resource.loader.ClasspathResourceLoader
2020-04-23 12:07:33,183 - Log4JLogChute initialized using file 'velocity.log'
2020-04-23 12:07:33,183 - Initializing Velocity, Calling init()...
2020-04-23 12:07:33,184 - Starting Apache Velocity v1.7 (compiled: 2010-11-19 12:14:37)
2020-04-23 12:07:33,184 - Default Properties File: org/apache/velocity/runtime/defaults/velocity.properties
2020-04-23 12:07:33,184 - Trying to use logger class org.apache.velocity.runtime.log.AvalonLogChute
2020-04-23 12:07:33,184 - Target log system for org.apache.velocity.runtime.log.AvalonLogChute is not available (java.lang.NoClassDefFoundError: org/apache/log/format/Formatter).  Falling back to next log system...
2020-04-23 12:07:33,184 - Trying to use logger class org.apache.velocity.runtime.log.Log4JLogChute
2020-04-23 12:07:33,184 - Using logger class org.apache.velocity.runtime.log.Log4JLogChute
2020-04-23 12:07:33,184 - ResourceLoader instantiated: org.apache.velocity.runtime.resource.loader.ClasspathResourceLoader
2020-04-23 12:07:33,184 - ResourceCache: initialized (class org.apache.velocity.runtime.resource.ResourceCacheImpl) with class java.util.Collections$SynchronizedMap cache map.
2020-04-23 12:07:33,184 - Loaded System Directive: org.apache.velocity.runtime.directive.Stop
2020-04-23 12:07:33,184 - Loaded System Directive: org.apache.velocity.runtime.directive.Define
2020-04-23 12:07:33,185 - Loaded System Directive: org.apache.velocity.runtime.directive.Break
2020-04-23 12:07:33,185 - Loaded System Directive: org.apache.velocity.runtime.directive.Evaluate
2020-04-23 12:07:33,185 - Loaded System Directive: org.apache.velocity.runtime.directive.Literal
2020-04-23 12:07:33,185 - Loaded System Directive: org.apache.velocity.runtime.directive.Macro
2020-04-23 12:07:33,185 - Loaded System Directive: org.apache.velocity.runtime.directive.Parse
2020-04-23 12:07:33,185 - Loaded System Directive: org.apache.velocity.runtime.directive.Include
2020-04-23 12:07:33,185 - Loaded System Directive: org.apache.velocity.runtime.directive.Foreach
2020-04-23 12:07:33,187 - Created '20' parsers.
2020-04-23 12:07:33,188 - Velocimacro : "velocimacro.library" is not set.  Trying default library: VM_global_library.vm
2020-04-23 12:07:33,188 - Could not load resource 'VM_global_library.vm' from ResourceLoader org.apache.velocity.runtime.resource.loader.ClasspathResourceLoader: ClasspathResourceLoader Error: cannot find resource VM_global_library.vm
2020-04-23 12:07:33,188 - Velocimacro : Default library not found.
2020-04-23 12:07:33,188 - Velocimacro : allowInline = true : VMs can be defined inline in templates
2020-04-23 12:07:33,188 - Velocimacro : allowInlineToOverride = false : VMs defined inline may NOT replace previous VM definitions
2020-04-23 12:07:33,188 - Velocimacro : allowInlineLocal = false : VMs defined inline will be global in scope if allowed.
2020-04-23 12:07:33,188 - Velocimacro : autoload off : VM system will not automatically reload global library macros
2020-04-23 12:07:33,190 - ResourceManager : found templates/newtrip.vtl with loader org.apache.velocity.runtime.resource.loader.ClasspathResourceLoader
2020-04-23 12:07:37,876 - Log4JLogChute initialized using file 'velocity.log'
2020-04-23 12:07:37,876 - Initializing Velocity, Calling init()...
2020-04-23 12:07:37,876 - Starting Apache Velocity v1.7 (compiled: 2010-11-19 12:14:37)
2020-04-23 12:07:37,876 - Default Properties File: org/apache/velocity/runtime/defaults/velocity.properties
2020-04-23 12:07:37,876 - Trying to use logger class org.apache.velocity.runtime.log.AvalonLogChute
2020-04-23 12:07:37,877 - Target log system for org.apache.velocity.runtime.log.AvalonLogChute is not available (java.lang.NoClassDefFoundError: org/apache/log/format/Formatter).  Falling back to next log system...
2020-04-23 12:07:37,877 - Trying to use logger class org.apache.velocity.runtime.log.Log4JLogChute
2020-04-23 12:07:37,877 - Using logger class org.apache.velocity.runtime.log.Log4JLogChute
2020-04-23 12:07:37,877 - ResourceLoader instantiated: org.apache.velocity.runtime.resource.loader.ClasspathResourceLoader
2020-04-23 12:07:37,877 - ResourceCache: initialized (class org.apache.velocity.runtime.resource.ResourceCacheImpl) with class java.util.Collections$SynchronizedMap cache map.
2020-04-23 12:07:37,878 - Loaded System Directive: org.apache.velocity.runtime.directive.Stop
2020-04-23 12:07:37,878 - Loaded System Directive: org.apache.velocity.runtime.directive.Define
2020-04-23 12:07:37,878 - Loaded System Directive: org.apache.velocity.runtime.directive.Break
2020-04-23 12:07:37,878 - Loaded System Directive: org.apache.velocity.runtime.directive.Evaluate
2020-04-23 12:07:37,878 - Loaded System Directive: org.apache.velocity.runtime.directive.Literal
2020-04-23 12:07:37,878 - Loaded System Directive: org.apache.velocity.runtime.directive.Macro
2020-04-23 12:07:37,878 - Loaded System Directive: org.apache.velocity.runtime.directive.Parse
2020-04-23 12:07:37,879 - Loaded System Directive: org.apache.velocity.runtime.directive.Include
2020-04-23 12:07:37,879 - Loaded System Directive: org.apache.velocity.runtime.directive.Foreach
2020-04-23 12:07:37,881 - Created '20' parsers.
2020-04-23 12:07:37,881 - Velocimacro : "velocimacro.library" is not set.  Trying default library: VM_global_library.vm
2020-04-23 12:07:37,881 - Could not load resource 'VM_global_library.vm' from ResourceLoader org.apache.velocity.runtime.resource.loader.ClasspathResourceLoader: ClasspathResourceLoader Error: cannot find resource VM_global_library.vm
2020-04-23 12:07:37,881 - Velocimacro : Default library not found.
2020-04-23 12:07:37,881 - Velocimacro : allowInline = true : VMs can be defined inline in templates
2020-04-23 12:07:37,881 - Velocimacro : allowInlineToOverride = false : VMs defined inline may NOT replace previous VM definitions
2020-04-23 12:07:37,881 - Velocimacro : allowInlineLocal = false : VMs defined inline will be global in scope if allowed.
2020-04-23 12:07:37,881 - Velocimacro : autoload off : VM system will not automatically reload global library macros
2020-04-23 12:07:37,885 - ResourceManager : found templates/pickhotel.vtl with loader org.apache.velocity.runtime.resource.loader.ClasspathResourceLoader
2020-04-23 12:07:40,089 - Log4JLogChute initialized using file 'velocity.log'
2020-04-23 12:07:40,090 - Initializing Velocity, Calling init()...
2020-04-23 12:07:40,090 - Starting Apache Velocity v1.7 (compiled: 2010-11-19 12:14:37)
2020-04-23 12:07:40,090 - Default Properties File: org/apache/velocity/runtime/defaults/velocity.properties
2020-04-23 12:07:40,090 - Trying to use logger class org.apache.velocity.runtime.log.AvalonLogChute
2020-04-23 12:07:40,090 - Target log system for org.apache.velocity.runtime.log.AvalonLogChute is not available (java.lang.NoClassDefFoundError: org/apache/log/format/Formatter).  Falling back to next log system...
2020-04-23 12:07:40,090 - Trying to use logger class org.apache.velocity.runtime.log.Log4JLogChute
2020-04-23 12:07:40,090 - Using logger class org.apache.velocity.runtime.log.Log4JLogChute
2020-04-23 12:07:40,090 - ResourceLoader instantiated: org.apache.velocity.runtime.resource.loader.ClasspathResourceLoader
2020-04-23 12:07:40,090 - ResourceCache: initialized (class org.apache.velocity.runtime.resource.ResourceCacheImpl) with class java.util.Collections$SynchronizedMap cache map.
2020-04-23 12:07:40,091 - Loaded System Directive: org.apache.velocity.runtime.directive.Stop
2020-04-23 12:07:40,091 - Loaded System Directive: org.apache.velocity.runtime.directive.Define
2020-04-23 12:07:40,091 - Loaded System Directive: org.apache.velocity.runtime.directive.Break
2020-04-23 12:07:40,091 - Loaded System Directive: org.apache.velocity.runtime.directive.Evaluate
2020-04-23 12:07:40,091 - Loaded System Directive: org.apache.velocity.runtime.directive.Literal
2020-04-23 12:07:40,091 - Loaded System Directive: org.apache.velocity.runtime.directive.Macro
2020-04-23 12:07:40,091 - Loaded System Directive: org.apache.velocity.runtime.directive.Parse
2020-04-23 12:07:40,091 - Loaded System Directive: org.apache.velocity.runtime.directive.Include
2020-04-23 12:07:40,092 - Loaded System Directive: org.apache.velocity.runtime.directive.Foreach
2020-04-23 12:07:40,093 - Created '20' parsers.
2020-04-23 12:07:40,094 - Velocimacro : "velocimacro.library" is not set.  Trying default library: VM_global_library.vm
2020-04-23 12:07:40,094 - Could not load resource 'VM_global_library.vm' from ResourceLoader org.apache.velocity.runtime.resource.loader.ClasspathResourceLoader: ClasspathResourceLoader Error: cannot find resource VM_global_library.vm
2020-04-23 12:07:40,094 - Velocimacro : Default library not found.
2020-04-23 12:07:40,094 - Velocimacro : allowInline = true : VMs can be defined inline in templates
2020-04-23 12:07:40,094 - Velocimacro : allowInlineToOverride = false : VMs defined inline may NOT replace previous VM definitions
2020-04-23 12:07:40,094 - Velocimacro : allowInlineLocal = false : VMs defined inline will be global in scope if allowed.
2020-04-23 12:07:40,095 - Velocimacro : autoload off : VM system will not automatically reload global library macros
2020-04-23 12:07:40,099 - ResourceManager : found templates/entertainment.vtl with loader org.apache.velocity.runtime.resource.loader.ClasspathResourceLoader
2020-04-23 12:07:44,000 - Log4JLogChute initialized using file 'velocity.log'
2020-04-23 12:07:44,000 - Initializing Velocity, Calling init()...
2020-04-23 12:07:44,000 - Starting Apache Velocity v1.7 (compiled: 2010-11-19 12:14:37)
2020-04-23 12:07:44,000 - Default Properties File: org/apache/velocity/runtime/defaults/velocity.properties
2020-04-23 12:07:44,000 - Trying to use logger class org.apache.velocity.runtime.log.AvalonLogChute
2020-04-23 12:07:44,000 - Target log system for org.apache.velocity.runtime.log.AvalonLogChute is not available (java.lang.NoClassDefFoundError: org/apache/log/format/Formatter).  Falling back to next log system...
2020-04-23 12:07:44,000 - Trying to use logger class org.apache.velocity.runtime.log.Log4JLogChute
2020-04-23 12:07:44,001 - Using logger class org.apache.velocity.runtime.log.Log4JLogChute
2020-04-23 12:07:44,001 - ResourceLoader instantiated: org.apache.velocity.runtime.resource.loader.ClasspathResourceLoader
2020-04-23 12:07:44,001 - ResourceCache: initialized (class org.apache.velocity.runtime.resource.ResourceCacheImpl) with class java.util.Collections$SynchronizedMap cache map.
2020-04-23 12:07:44,001 - Loaded System Directive: org.apache.velocity.runtime.directive.Stop
2020-04-23 12:07:44,001 - Loaded System Directive: org.apache.velocity.runtime.directive.Define
2020-04-23 12:07:44,002 - Loaded System Directive: org.apache.velocity.runtime.directive.Break
2020-04-23 12:07:44,002 - Loaded System Directive: org.apache.velocity.runtime.directive.Evaluate
2020-04-23 12:07:44,002 - Loaded System Directive: org.apache.velocity.runtime.directive.Literal
2020-04-23 12:07:44,002 - Loaded System Directive: org.apache.velocity.runtime.directive.Macro
2020-04-23 12:07:44,002 - Loaded System Directive: org.apache.velocity.runtime.directive.Parse
2020-04-23 12:07:44,002 - Loaded System Directive: org.apache.velocity.runtime.directive.Include
2020-04-23 12:07:44,002 - Loaded System Directive: org.apache.velocity.runtime.directive.Foreach
2020-04-23 12:07:44,004 - Created '20' parsers.
2020-04-23 12:07:44,004 - Velocimacro : "velocimacro.library" is not set.  Trying default library: VM_global_library.vm
2020-04-23 12:07:44,005 - Could not load resource 'VM_global_library.vm' from ResourceLoader org.apache.velocity.runtime.resource.loader.ClasspathResourceLoader: ClasspathResourceLoader Error: cannot find resource VM_global_library.vm
2020-04-23 12:07:44,005 - Velocimacro : Default library not found.
2020-04-23 12:07:44,005 - Velocimacro : allowInline = true : VMs can be defined inline in templates
2020-04-23 12:07:44,005 - Velocimacro : allowInlineToOverride = false : VMs defined inline may NOT replace previous VM definitions
2020-04-23 12:07:44,005 - Velocimacro : allowInlineLocal = false : VMs defined inline will be global in scope if allowed.
2020-04-23 12:07:44,005 - Velocimacro : autoload off : VM system will not automatically reload global library macros
2020-04-23 12:07:44,010 - ResourceManager : found templates/schedule.vtl with loader org.apache.velocity.runtime.resource.loader.ClasspathResourceLoader
2020-04-23 12:07:45,968 - ResourceManager : found templates/dashboard.vtl with loader org.apache.velocity.runtime.resource.loader.ClasspathResourceLoader
2020-04-23 12:07:47,292 - Log4JLogChute initialized using file 'velocity.log'
2020-04-23 12:07:47,292 - Initializing Velocity, Calling init()...
2020-04-23 12:07:47,293 - Starting Apache Velocity v1.7 (compiled: 2010-11-19 12:14:37)
2020-04-23 12:07:47,293 - Default Properties File: org/apache/velocity/runtime/defaults/velocity.properties
2020-04-23 12:07:47,293 - Trying to use logger class org.apache.velocity.runtime.log.AvalonLogChute
2020-04-23 12:07:47,293 - Target log system for org.apache.velocity.runtime.log.AvalonLogChute is not available (java.lang.NoClassDefFoundError: org/apache/log/format/Formatter).  Falling back to next log system...
2020-04-23 12:07:47,293 - Trying to use logger class org.apache.velocity.runtime.log.Log4JLogChute
2020-04-23 12:07:47,293 - Using logger class org.apache.velocity.runtime.log.Log4JLogChute
2020-04-23 12:07:47,294 - ResourceLoader instantiated: org.apache.velocity.runtime.resource.loader.ClasspathResourceLoader
2020-04-23 12:07:47,294 - ResourceCache: initialized (class org.apache.velocity.runtime.resource.ResourceCacheImpl) with class java.util.Collections$SynchronizedMap cache map.
2020-04-23 12:07:47,294 - Loaded System Directive: org.apache.velocity.runtime.directive.Stop
2020-04-23 12:07:47,295 - Loaded System Directive: org.apache.velocity.runtime.directive.Define
2020-04-23 12:07:47,295 - Loaded System Directive: org.apache.velocity.runtime.directive.Break
2020-04-23 12:07:47,295 - Loaded System Directive: org.apache.velocity.runtime.directive.Evaluate
2020-04-23 12:07:47,295 - Loaded System Directive: org.apache.velocity.runtime.directive.Literal
2020-04-23 12:07:47,295 - Loaded System Directive: org.apache.velocity.runtime.directive.Macro
2020-04-23 12:07:47,295 - Loaded System Directive: org.apache.velocity.runtime.directive.Parse
2020-04-23 12:07:47,295 - Loaded System Directive: org.apache.velocity.runtime.directive.Include
2020-04-23 12:07:47,295 - Loaded System Directive: org.apache.velocity.runtime.directive.Foreach
2020-04-23 12:07:47,298 - Created '20' parsers.
2020-04-23 12:07:47,298 - Velocimacro : "velocimacro.library" is not set.  Trying default library: VM_global_library.vm
2020-04-23 12:07:47,299 - Could not load resource 'VM_global_library.vm' from ResourceLoader org.apache.velocity.runtime.resource.loader.ClasspathResourceLoader: ClasspathResourceLoader Error: cannot find resource VM_global_library.vm
2020-04-23 12:07:47,299 - Velocimacro : Default library not found.
2020-04-23 12:07:47,299 - Velocimacro : allowInline = true : VMs can be defined inline in templates
2020-04-23 12:07:47,299 - Velocimacro : allowInlineToOverride = false : VMs defined inline may NOT replace previous VM definitions
2020-04-23 12:07:47,299 - Velocimacro : allowInlineLocal = false : VMs defined inline will be global in scope if allowed.
2020-04-23 12:07:47,300 - Velocimacro : autoload off : VM system will not automatically reload global library macros
2020-04-23 12:07:47,304 - ResourceManager : found templates/yourtrips.vtl with loader org.apache.velocity.runtime.resource.loader.ClasspathResourceLoader
3 12:07:37,877 - Using logger class org.apache.velocity.runtime.log.Log4JLogChute
2020-04-23 12:07:37,877 - Using logger class org.apache.velocity.runtime.log.Log4JLogChute
2020-04-23 12:07:37,877 - Using logger class org.apache.velocity.runtime.log.Log4JLogChute
2020-04-23 12:07:37,877 - Using logger class org.apache.velocity.runtime.log.Log4JLogChute
2020-04-23 12:07:37,877 - ResourceLoader instantiated: org.apache.velocity.runtime.resource.loader.ClasspathResourceLoader
2020-04-23 12:07:37,877 - ResourceLoader instantiated: org.apache.velocity.runtime.resource.loader.ClasspathResourceLoader
2020-04-23 12:07:37,877 - ResourceLoader instantiated: org.apache.velocity.runtime.resource.loader.ClasspathResourceLoader
2020-04-23 12:07:37,877 - ResourceLoader instantiated: org.apache.velocity.runtime.resource.loader.ClasspathResourceLoader
2020-04-23 12:07:37,877 - ResourceCache: initialized (class org.apache.velocity.runtime.resource.ResourceCacheImpl) with class java.util.Collections$SynchronizedMap cache map.
2020-04-23 12:07:37,877 - ResourceCache: initialized (class org.apache.velocity.runtime.resource.ResourceCacheImpl) with class java.util.Collections$SynchronizedMap cache map.
2020-04-23 12:07:37,877 - ResourceCache: initialized (class org.apache.velocity.runtime.resource.ResourceCacheImpl) with class java.util.Collections$SynchronizedMap cache map.
2020-04-23 12:07:37,877 - ResourceCache: initialized (class org.apache.velocity.runtime.resource.ResourceCacheImpl) with class java.util.Collections$SynchronizedMap cache map.
2020-04-23 12:07:37,878 - Loaded System Directive: org.apache.velocity.runtime.directive.Stop
2020-04-23 12:07:37,878 - Loaded System Directive: org.apache.velocity.runtime.directive.Stop
2020-04-23 12:07:37,878 - Loaded System Directive: org.apache.velocity.runtime.directive.Stop
2020-04-23 12:07:37,878 - Loaded System Directive: org.apache.velocity.runtime.directive.Stop
2020-04-23 12:07:37,878 - Loaded System Directive: org.apache.velocity.runtime.directive.Define
2020-04-23 12:07:37,878 - Loaded System Directive: org.apache.velocity.runtime.directive.Define
2020-04-23 12:07:37,878 - Loaded System Directive: org.apache.velocity.runtime.directive.Define
2020-04-23 12:07:37,878 - Loaded System Directive: org.apache.velocity.runtime.directive.Define
2020-04-23 12:07:37,878 - Loaded System Directive: org.apache.velocity.runtime.directive.Break
2020-04-23 12:07:37,878 - Loaded System Directive: org.apache.velocity.runtime.directive.Break
2020-04-23 12:07:37,878 - Loaded System Directive: org.apache.velocity.runtime.directive.Break
2020-04-23 12:07:37,878 - Loaded System Directive: org.apache.velocity.runtime.directive.Break
2020-04-23 12:07:37,878 - Loaded System Directive: org.apache.velocity.runtime.directive.Evaluate
2020-04-23 12:07:37,878 - Loaded System Directive: org.apache.velocity.runtime.directive.Evaluate
2020-04-23 12:07:37,878 - Loaded System Directive: org.apache.velocity.runtime.directive.Evaluate
2020-04-23 12:07:37,878 - Loaded System Directive: org.apache.velocity.runtime.directive.Evaluate
2020-04-23 12:07:37,878 - Loaded System Directive: org.apache.velocity.runtime.directive.Literal
2020-04-23 12:07:37,878 - Loaded System Directive: org.apache.velocity.runtime.directive.Literal
2020-04-23 12:07:37,878 - Loaded System Directive: org.apache.velocity.runtime.directive.Literal
2020-04-23 12:07:37,878 - Loaded System Directive: org.apache.velocity.runtime.directive.Literal
2020-04-23 12:07:37,878 - Loaded System Directive: org.apache.velocity.runtime.directive.Macro
2020-04-23 12:07:37,878 - Loaded System Directive: org.apache.velocity.runtime.directive.Macro
2020-04-23 12:07:37,878 - Loaded System Directive: org.apache.velocity.runtime.directive.Macro
2020-04-23 12:07:37,878 - Loaded System Directive: org.apache.velocity.runtime.directive.Macro
2020-04-23 12:07:37,878 - Loaded System Directive: org.apache.velocity.runtime.directive.Parse
2020-04-23 12:07:37,878 - Loaded System Directive: org.apache.velocity.runtime.directive.Parse
2020-04-23 12:07:37,878 - Loaded System Directive: org.apache.velocity.runtime.directive.Parse
2020-04-23 12:07:37,878 - Loaded System Directive: org.apache.velocity.runtime.directive.Parse
2020-04-23 12:07:37,879 - Loaded System Directive: org.apache.velocity.runtime.directive.Include
2020-04-23 12:07:37,879 - Loaded System Directive: org.apache.velocity.runtime.directive.Include
2020-04-23 12:07:37,879 - Loaded System Directive: org.apache.velocity.runtime.directive.Include
2020-04-23 12:07:37,879 - Loaded System Directive: org.apache.velocity.runtime.directive.Include
2020-04-23 12:07:37,879 - Loaded System Directive: org.apache.velocity.runtime.directive.Foreach
2020-04-23 12:07:37,879 - Loaded System Directive: org.apache.velocity.runtime.directive.Foreach
2020-04-23 12:07:37,879 - Loaded System Directive: org.apache.velocity.runtime.directive.Foreach
2020-04-23 12:07:37,879 - Loaded System Directive: org.apache.velocity.runtime.directive.Foreach
2020-04-23 12:07:37,881 - Created '20' parsers.
2020-04-23 12:07:37,881 - Created '20' parsers.
2020-04-23 12:07:37,881 - Created '20' parsers.
2020-04-23 12:07:37,881 - Created '20' parsers.
2020-04-23 12:07:37,881 - Velocimacro : "velocimacro.library" is not set.  Trying default library: VM_global_library.vm
2020-04-23 12:07:37,881 - Velocimacro : "velocimacro.library" is not set.  Trying default library: VM_global_library.vm
2020-04-23 12:07:37,881 - Velocimacro : "velocimacro.library" is not set.  Trying default library: VM_global_library.vm
2020-04-23 12:07:37,881 - Velocimacro : "velocimacro.library" is not set.  Trying default library: VM_global_library.vm
2020-04-23 12:07:37,881 - Could not load resource 'VM_global_library.vm' from ResourceLoader org.apache.velocity.runtime.resource.loader.ClasspathResourceLoader: ClasspathResourceLoader Error: cannot find resource VM_global_library.vm
2020-04-23 12:07:37,881 - Could not load resource 'VM_global_library.vm' from ResourceLoader org.apache.velocity.runtime.resource.loader.ClasspathResourceLoader: ClasspathResourceLoader Error: cannot find resource VM_global_library.vm
2020-04-23 12:07:37,881 - Could not load resource 'VM_global_library.vm' from ResourceLoader org.apache.velocity.runtime.resource.loader.ClasspathResourceLoader: ClasspathResourceLoader Error: cannot find resource VM_global_library.vm
2020-04-23 12:07:37,881 - Could not load resource 'VM_global_library.vm' from ResourceLoader org.apache.velocity.runtime.resource.loader.ClasspathResourceLoader: ClasspathResourceLoader Error: cannot find resource VM_global_library.vm
2020-04-23 12:07:37,881 - Velocimacro : Default library not found.
2020-04-23 12:07:37,881 - Velocimacro : Default library not found.
2020-04-23 12:07:37,881 - Velocimacro : Default library not found.
2020-04-23 12:07:37,881 - Velocimacro : Default library not found.
2020-04-23 12:07:37,881 - Velocimacro : allowInline = true : VMs can be defined inline in templates
2020-04-23 12:07:37,881 - Velocimacro : allowInline = true : VMs can be defined inline in templates
2020-04-23 12:07:37,881 - Velocimacro : allowInline = true : VMs can be defined inline in templates
2020-04-23 12:07:37,881 - Velocimacro : allowInline = true : VMs can be defined inline in templates
2020-04-23 12:07:37,881 - Velocimacro : allowInlineToOverride = false : VMs defined inline may NOT replace previous VM definitions
2020-04-23 12:07:37,881 - Velocimacro : allowInlineToOverride = false : VMs defined inline may NOT replace previous VM definitions
2020-04-23 12:07:37,881 - Velocimacro : allowInlineToOverride = false : VMs defined inline may NOT replace previous VM definitions
2020-04-23 12:07:37,881 - Velocimacro : allowInlineToOverride = false : VMs defined inline may NOT replace previous VM definitions
2020-04-23 12:07:37,881 - Velocimacro : allowInlineLocal = false : VMs defined inline will be global in scope if allowed.
2020-04-23 12:07:37,881 - Velocimacro : allowInlineLocal = false : VMs defined inline will be global in scope if allowed.
2020-04-23 12:07:37,881 - Velocimacro : allowInlineLocal = false : VMs defined inline will be global in scope if allowed.
2020-04-23 12:07:37,881 - Velocimacro : allowInlineLocal = false : VMs defined inline will be global in scope if allowed.
2020-04-23 12:07:37,881 - Velocimacro : autoload off : VM system will not automatically reload global library macros
2020-04-23 12:07:37,881 - Velocimacro : autoload off : VM system will not automatically reload global library macros
2020-04-23 12:07:37,881 - Velocimacro : autoload off : VM system will not automatically reload global library macros
2020-04-23 12:07:37,881 - Velocimacro : autoload off : VM system will not automatically reload global library macros
2020-04-23 12:07:37,885 - ResourceManager : found templates/pickhotel.vtl with loader org.apache.velocity.runtime.resource.loader.ClasspathResourceLoader
2020-04-23 12:07:37,885 - ResourceManager : found templates/pickhotel.vtl with loader org.apache.velocity.runtime.resource.loader.ClasspathResourceLoader
2020-04-23 12:07:37,885 - ResourceManager : found templates/pickhotel.vtl with loader org.apache.velocity.runtime.resource.loader.ClasspathResourceLoader
2020-04-23 12:07:37,885 - ResourceManager : found templates/pickhotel.vtl with loader org.apache.velocity.runtime.resource.loader.ClasspathResourceLoader
2020-04-23 12:07:40,089 - Log4JLogChute initialized using file 'velocity.log'
2020-04-23 12:07:40,089 - Log4JLogChute initialized using file 'velocity.log'
2020-04-23 12:07:40,089 - Log4JLogChute initialized using file 'velocity.log'
2020-04-23 12:07:40,089 - Log4JLogChute initialized using file 'velocity.log'
2020-04-23 12:07:40,089 - Log4JLogChute initialized using file 'velocity.log'
2020-04-23 12:07:40,090 - Initializing Velocity, Calling init()...
2020-04-23 12:07:40,090 - Initializing Velocity, Calling init()...
2020-04-23 12:07:40,090 - Initializing Velocity, Calling init()...
2020-04-23 12:07:40,090 - Initializing Velocity, Calling init()...
2020-04-23 12:07:40,090 - Initializing Velocity, Calling init()...
2020-04-23 12:07:40,090 - Starting Apache Velocity v1.7 (compiled: 2010-11-19 12:14:37)
2020-04-23 12:07:40,090 - Starting Apache Velocity v1.7 (compiled: 2010-11-19 12:14:37)
2020-04-23 12:07:40,090 - Starting Apache Velocity v1.7 (compiled: 2010-11-19 12:14:37)
2020-04-23 12:07:40,090 - Starting Apache Velocity v1.7 (compiled: 2010-11-19 12:14:37)
2020-04-23 12:07:40,090 - Starting Apache Velocity v1.7 (compiled: 2010-11-19 12:14:37)
2020-04-23 12:07:40,090 - Default Properties File: org/apache/velocity/runtime/defaults/velocity.properties
2020-04-23 12:07:40,090 - Default Properties File: org/apache/velocity/runtime/defaults/velocity.properties
2020-04-23 12:07:40,090 - Default Properties File: org/apache/velocity/runtime/defaults/velocity.properties
2020-04-23 12:07:40,090 - Default Properties File: org/apache/velocity/runtime/defaults/velocity.properties
2020-04-23 12:07:40,090 - Default Properties File: org/apache/velocity/runtime/defaults/velocity.properties
2020-04-23 12:07:40,090 - Trying to use logger class org.apache.velocity.runtime.log.AvalonLogChute
2020-04-23 12:07:40,090 - Trying to use logger class org.apache.velocity.runtime.log.AvalonLogChute
2020-04-23 12:07:40,090 - Trying to use logger class org.apache.velocity.runtime.log.AvalonLogChute
2020-04-23 12:07:40,090 - Trying to use logger class org.apache.velocity.runtime.log.AvalonLogChute
2020-04-23 12:07:40,090 - Trying to use logger class org.apache.velocity.runtime.log.AvalonLogChute
2020-04-23 12:07:40,090 - Target log system for org.apache.velocity.runtime.log.AvalonLogChute is not available (java.lang.NoClassDefFoundError: org/apache/log/format/Formatter).  Falling back to next log system...
2020-04-23 12:07:40,090 - Target log system for org.apache.velocity.runtime.log.AvalonLogChute is not available (java.lang.NoClassDefFoundError: org/apache/log/format/Formatter).  Falling back to next log system...
2020-04-23 12:07:40,090 - Target log system for org.apache.velocity.runtime.log.AvalonLogChute is not available (java.lang.NoClassDefFoundError: org/apache/log/format/Formatter).  Falling back to next log system...
2020-04-23 12:07:40,090 - Target log system for org.apache.velocity.runtime.log.AvalonLogChute is not available (java.lang.NoClassDefFoundError: org/apache/log/format/Formatter).  Falling back to next log system...
2020-04-23 12:07:40,090 - Target log system for org.apache.velocity.runtime.log.AvalonLogChute is not available (java.lang.NoClassDefFoundError: org/apache/log/format/Formatter).  Falling back to next log system...
2020-04-23 12:07:40,090 - Trying to use logger class org.apache.velocity.runtime.log.Log4JLogChute
2020-04-23 12:07:40,090 - Trying to use logger class org.apache.velocity.runtime.log.Log4JLogChute
2020-04-23 12:07:40,090 - Trying to use logger class org.apache.velocity.runtime.log.Log4JLogChute
2020-04-23 12:07:40,090 - Trying to use logger class org.apache.velocity.runtime.log.Log4JLogChute
2020-04-23 12:07:40,090 - Trying to use logger class org.apache.velocity.runtime.log.Log4JLogChute
2020-04-23 12:07:40,090 - Using logger class org.apache.velocity.runtime.log.Log4JLogChute
2020-04-23 12:07:40,090 - Using logger class org.apache.velocity.runtime.log.Log4JLogChute
2020-04-23 12:07:40,090 - Using logger class org.apache.velocity.runtime.log.Log4JLogChute
2020-04-23 12:07:40,090 - Using logger class org.apache.velocity.runtime.log.Log4JLogChute
2020-04-23 12:07:40,090 - Using logger class org.apache.velocity.runtime.log.Log4JLogChute
2020-04-23 12:07:40,090 - ResourceLoader instantiated: org.apache.velocity.runtime.resource.loader.ClasspathResourceLoader
2020-04-23 12:07:40,090 - ResourceLoader instantiated: org.apache.velocity.runtime.resource.loader.ClasspathResourceLoader
2020-04-23 12:07:40,090 - ResourceLoader instantiated: org.apache.velocity.runtime.resource.loader.ClasspathResourceLoader
2020-04-23 12:07:40,090 - ResourceLoader instantiated: org.apache.velocity.runtime.resource.loader.ClasspathResourceLoader
2020-04-23 12:07:40,090 - ResourceLoader instantiated: org.apache.velocity.runtime.resource.loader.ClasspathResourceLoader
2020-04-23 12:07:40,090 - ResourceCache: initialized (class org.apache.velocity.runtime.resource.ResourceCacheImpl) with class java.util.Collections$SynchronizedMap cache map.
2020-04-23 12:07:40,090 - ResourceCache: initialized (class org.apache.velocity.runtime.resource.ResourceCacheImpl) with class java.util.Collections$SynchronizedMap cache map.
2020-04-23 12:07:40,090 - ResourceCache: initialized (class org.apache.velocity.runtime.resource.ResourceCacheImpl) with class java.util.Collections$SynchronizedMap cache map.
2020-04-23 12:07:40,090 - ResourceCache: initialized (class org.apache.velocity.runtime.resource.ResourceCacheImpl) with class java.util.Collections$SynchronizedMap cache map.
2020-04-23 12:07:40,090 - ResourceCache: initialized (class org.apache.velocity.runtime.resource.ResourceCacheImpl) with class java.util.Collections$SynchronizedMap cache map.
2020-04-23 12:07:40,091 - Loaded System Directive: org.apache.velocity.runtime.directive.Stop
2020-04-23 12:07:40,091 - Loaded System Directive: org.apache.velocity.runtime.directive.Stop
2020-04-23 12:07:40,091 - Loaded System Directive: org.apache.velocity.runtime.directive.Stop
2020-04-23 12:07:40,091 - Loaded System Directive: org.apache.velocity.runtime.directive.Stop
2020-04-23 12:07:40,091 - Loaded System Directive: org.apache.velocity.runtime.directive.Stop
2020-04-23 12:07:40,091 - Loaded System Directive: org.apache.velocity.runtime.directive.Define
2020-04-23 12:07:40,091 - Loaded System Directive: org.apache.velocity.runtime.directive.Define
2020-04-23 12:07:40,091 - Loaded System Directive: org.apache.velocity.runtime.directive.Define
2020-04-23 12:07:40,091 - Loaded System Directive: org.apache.velocity.runtime.directive.Define
2020-04-23 12:07:40,091 - Loaded System Directive: org.apache.velocity.runtime.directive.Define
2020-04-23 12:07:40,091 - Loaded System Directive: org.apache.velocity.runtime.directive.Break
2020-04-23 12:07:40,091 - Loaded System Directive: org.apache.velocity.runtime.directive.Break
2020-04-23 12:07:40,091 - Loaded System Directive: org.apache.velocity.runtime.directive.Break
2020-04-23 12:07:40,091 - Loaded System Directive: org.apache.velocity.runtime.directive.Break
2020-04-23 12:07:40,091 - Loaded System Directive: org.apache.velocity.runtime.directive.Break
2020-04-23 12:07:40,091 - Loaded System Directive: org.apache.velocity.runtime.directive.Evaluate
2020-04-23 12:07:40,091 - Loaded System Directive: org.apache.velocity.runtime.directive.Evaluate
2020-04-23 12:07:40,091 - Loaded System Directive: org.apache.velocity.runtime.directive.Evaluate
2020-04-23 12:07:40,091 - Loaded System Directive: org.apache.velocity.runtime.directive.Evaluate
2020-04-23 12:07:40,091 - Loaded System Directive: org.apache.velocity.runtime.directive.Evaluate
2020-04-23 12:07:40,091 - Loaded System Directive: org.apache.velocity.runtime.directive.Literal
2020-04-23 12:07:40,091 - Loaded System Directive: org.apache.velocity.runtime.directive.Literal
2020-04-23 12:07:40,091 - Loaded System Directive: org.apache.velocity.runtime.directive.Literal
2020-04-23 12:07:40,091 - Loaded System Directive: org.apache.velocity.runtime.directive.Literal
2020-04-23 12:07:40,091 - Loaded System Directive: org.apache.velocity.runtime.directive.Literal
2020-04-23 12:07:40,091 - Loaded System Directive: org.apache.velocity.runtime.directive.Macro
2020-04-23 12:07:40,091 - Loaded System Directive: org.apache.velocity.runtime.directive.Macro
2020-04-23 12:07:40,091 - Loaded System Directive: org.apache.velocity.runtime.directive.Macro
2020-04-23 12:07:40,091 - Loaded System Directive: org.apache.velocity.runtime.directive.Macro
2020-04-23 12:07:40,091 - Loaded System Directive: org.apache.velocity.runtime.directive.Macro
2020-04-23 12:07:40,091 - Loaded System Directive: org.apache.velocity.runtime.directive.Parse
2020-04-23 12:07:40,091 - Loaded System Directive: org.apache.velocity.runtime.directive.Parse
2020-04-23 12:07:40,091 - Loaded System Directive: org.apache.velocity.runtime.directive.Parse
2020-04-23 12:07:40,091 - Loaded System Directive: org.apache.velocity.runtime.directive.Parse
2020-04-23 12:07:40,091 - Loaded System Directive: org.apache.velocity.runtime.directive.Parse
2020-04-23 12:07:40,091 - Loaded System Directive: org.apache.velocity.runtime.directive.Include
2020-04-23 12:07:40,091 - Loaded System Directive: org.apache.velocity.runtime.directive.Include
2020-04-23 12:07:40,091 - Loaded System Directive: org.apache.velocity.runtime.directive.Include
2020-04-23 12:07:40,091 - Loaded System Directive: org.apache.velocity.runtime.directive.Include
2020-04-23 12:07:40,091 - Loaded System Directive: org.apache.velocity.runtime.directive.Include
2020-04-23 12:07:40,092 - Loaded System Directive: org.apache.velocity.runtime.directive.Foreach
2020-04-23 12:07:40,092 - Loaded System Directive: org.apache.velocity.runtime.directive.Foreach
2020-04-23 12:07:40,092 - Loaded System Directive: org.apache.velocity.runtime.directive.Foreach
2020-04-23 12:07:40,092 - Loaded System Directive: org.apache.velocity.runtime.directive.Foreach
2020-04-23 12:07:40,092 - Loaded System Directive: org.apache.velocity.runtime.directive.Foreach
2020-04-23 12:07:40,093 - Created '20' parsers.
2020-04-23 12:07:40,093 - Created '20' parsers.
2020-04-23 12:07:40,093 - Created '20' parsers.
2020-04-23 12:07:40,093 - Created '20' parsers.
2020-04-23 12:07:40,093 - Created '20' parsers.
2020-04-23 12:07:40,094 - Velocimacro : "velocimacro.library" is not set.  Trying default library: VM_global_library.vm
2020-04-23 12:07:40,094 - Velocimacro : "velocimacro.library" is not set.  Trying default library: VM_global_library.vm
2020-04-23 12:07:40,094 - Velocimacro : "velocimacro.library" is not set.  Trying default library: VM_global_library.vm
2020-04-23 12:07:40,094 - Velocimacro : "velocimacro.library" is not set.  Trying default library: VM_global_library.vm
2020-04-23 12:07:40,094 - Velocimacro : "velocimacro.library" is not set.  Trying default library: VM_global_library.vm
2020-04-23 12:07:40,094 - Could not load resource 'VM_global_library.vm' from ResourceLoader org.apache.velocity.runtime.resource.loader.ClasspathResourceLoader: ClasspathResourceLoader Error: cannot find resource VM_global_library.vm
2020-04-23 12:07:40,094 - Could not load resource 'VM_global_library.vm' from ResourceLoader org.apache.velocity.runtime.resource.loader.ClasspathResourceLoader: ClasspathResourceLoader Error: cannot find resource VM_global_library.vm
2020-04-23 12:07:40,094 - Could not load resource 'VM_global_library.vm' from ResourceLoader org.apache.velocity.runtime.resource.loader.ClasspathResourceLoader: ClasspathResourceLoader Error: cannot find resource VM_global_library.vm
2020-04-23 12:07:40,094 - Could not load resource 'VM_global_library.vm' from ResourceLoader org.apache.velocity.runtime.resource.loader.ClasspathResourceLoader: ClasspathResourceLoader Error: cannot find resource VM_global_library.vm
2020-04-23 12:07:40,094 - Could not load resource 'VM_global_library.vm' from ResourceLoader org.apache.velocity.runtime.resource.loader.ClasspathResourceLoader: ClasspathResourceLoader Error: cannot find resource VM_global_library.vm
2020-04-23 12:07:40,094 - Velocimacro : Default library not found.
2020-04-23 12:07:40,094 - Velocimacro : Default library not found.
2020-04-23 12:07:40,094 - Velocimacro : Default library not found.
2020-04-23 12:07:40,094 - Velocimacro : Default library not found.
2020-04-23 12:07:40,094 - Velocimacro : Default library not found.
2020-04-23 12:07:40,094 - Velocimacro : allowInline = true : VMs can be defined inline in templates
2020-04-23 12:07:40,094 - Velocimacro : allowInline = true : VMs can be defined inline in templates
2020-04-23 12:07:40,094 - Velocimacro : allowInline = true : VMs can be defined inline in templates
2020-04-23 12:07:40,094 - Velocimacro : allowInline = true : VMs can be defined inline in templates
2020-04-23 12:07:40,094 - Velocimacro : allowInline = true : VMs can be defined inline in templates
2020-04-23 12:07:40,094 - Velocimacro : allowInlineToOverride = false : VMs defined inline may NOT replace previous VM definitions
2020-04-23 12:07:40,094 - Velocimacro : allowInlineToOverride = false : VMs defined inline may NOT replace previous VM definitions
2020-04-23 12:07:40,094 - Velocimacro : allowInlineToOverride = false : VMs defined inline may NOT replace previous VM definitions
2020-04-23 12:07:40,094 - Velocimacro : allowInlineToOverride = false : VMs defined inline may NOT replace previous VM definitions
2020-04-23 12:07:40,094 - Velocimacro : allowInlineToOverride = false : VMs defined inline may NOT replace previous VM definitions
2020-04-23 12:07:40,094 - Velocimacro : allowInlineLocal = false : VMs defined inline will be global in scope if allowed.
2020-04-23 12:07:40,094 - Velocimacro : allowInlineLocal = false : VMs defined inline will be global in scope if allowed.
2020-04-23 12:07:40,094 - Velocimacro : allowInlineLocal = false : VMs defined inline will be global in scope if allowed.
2020-04-23 12:07:40,094 - Velocimacro : allowInlineLocal = false : VMs defined inline will be global in scope if allowed.
2020-04-23 12:07:40,094 - Velocimacro : allowInlineLocal = false : VMs defined inline will be global in scope if allowed.
2020-04-23 12:07:40,095 - Velocimacro : autoload off : VM system will not automatically reload global library macros
2020-04-23 12:07:40,095 - Velocimacro : autoload off : VM system will not automatically reload global library macros
2020-04-23 12:07:40,095 - Velocimacro : autoload off : VM system will not automatically reload global library macros
2020-04-23 12:07:40,095 - Velocimacro : autoload off : VM system will not automatically reload global library macros
2020-04-23 12:07:40,095 - Velocimacro : autoload off : VM system will not automatically reload global library macros
2020-04-23 12:07:40,099 - ResourceManager : found templates/entertainment.vtl with loader org.apache.velocity.runtime.resource.loader.ClasspathResourceLoader
2020-04-23 12:07:40,099 - ResourceManager : found templates/entertainment.vtl with loader org.apache.velocity.runtime.resource.loader.ClasspathResourceLoader
2020-04-23 12:07:40,099 - ResourceManager : found templates/entertainment.vtl with loader org.apache.velocity.runtime.resource.loader.ClasspathResourceLoader
2020-04-23 12:07:40,099 - ResourceManager : found templates/entertainment.vtl with loader org.apache.velocity.runtime.resource.loader.ClasspathResourceLoader
2020-04-23 12:07:40,099 - ResourceManager : found templates/entertainment.vtl with loader org.apache.velocity.runtime.resource.loader.ClasspathResourceLoader
2020-04-23 12:07:44,000 - Log4JLogChute initialized using file 'velocity.log'
2020-04-23 12:07:44,000 - Log4JLogChute initialized using file 'velocity.log'
2020-04-23 12:07:44,000 - Log4JLogChute initialized using file 'velocity.log'
2020-04-23 12:07:44,000 - Log4JLogChute initialized using file 'velocity.log'
2020-04-23 12:07:44,000 - Log4JLogChute initialized using file 'velocity.log'
2020-04-23 12:07:44,000 - Log4JLogChute initialized using file 'velocity.log'
2020-04-23 12:07:44,000 - Initializing Velocity, Calling init()...
2020-04-23 12:07:44,000 - Initializing Velocity, Calling init()...
2020-04-23 12:07:44,000 - Initializing Velocity, Calling init()...
2020-04-23 12:07:44,000 - Initializing Velocity, Calling init()...
2020-04-23 12:07:44,000 - Initializing Velocity, Calling init()...
2020-04-23 12:07:44,000 - Initializing Velocity, Calling init()...
2020-04-23 12:07:44,000 - Starting Apache Velocity v1.7 (compiled: 2010-11-19 12:14:37)
2020-04-23 12:07:44,000 - Starting Apache Velocity v1.7 (compiled: 2010-11-19 12:14:37)
2020-04-23 12:07:44,000 - Starting Apache Velocity v1.7 (compiled: 2010-11-19 12:14:37)
2020-04-23 12:07:44,000 - Starting Apache Velocity v1.7 (compiled: 2010-11-19 12:14:37)
2020-04-23 12:07:44,000 - Starting Apache Velocity v1.7 (compiled: 2010-11-19 12:14:37)
2020-04-23 12:07:44,000 - Starting Apache Velocity v1.7 (compiled: 2010-11-19 12:14:37)
2020-04-23 12:07:44,000 - Default Properties File: org/apache/velocity/runtime/defaults/velocity.properties
2020-04-23 12:07:44,000 - Default Properties File: org/apache/velocity/runtime/defaults/velocity.properties
2020-04-23 12:07:44,000 - Default Properties File: org/apache/velocity/runtime/defaults/velocity.properties
2020-04-23 12:07:44,000 - Default Properties File: org/apache/velocity/runtime/defaults/velocity.properties
2020-04-23 12:07:44,000 - Default Properties File: org/apache/velocity/runtime/defaults/velocity.properties
2020-04-23 12:07:44,000 - Default Properties File: org/apache/velocity/runtime/defaults/velocity.properties
2020-04-23 12:07:44,000 - Trying to use logger class org.apache.velocity.runtime.log.AvalonLogChute
2020-04-23 12:07:44,000 - Trying to use logger class org.apache.velocity.runtime.log.AvalonLogChute
2020-04-23 12:07:44,000 - Trying to use logger class org.apache.velocity.runtime.log.AvalonLogChute
2020-04-23 12:07:44,000 - Trying to use logger class org.apache.velocity.runtime.log.AvalonLogChute
2020-04-23 12:07:44,000 - Trying to use logger class org.apache.velocity.runtime.log.AvalonLogChute
2020-04-23 12:07:44,000 - Trying to use logger class org.apache.velocity.runtime.log.AvalonLogChute
2020-04-23 12:07:44,000 - Target log system for org.apache.velocity.runtime.log.AvalonLogChute is not available (java.lang.NoClassDefFoundError: org/apache/log/format/Formatter).  Falling back to next log system...
2020-04-23 12:07:44,000 - Target log system for org.apache.velocity.runtime.log.AvalonLogChute is not available (java.lang.NoClassDefFoundError: org/apache/log/format/Formatter).  Falling back to next log system...
2020-04-23 12:07:44,000 - Target log system for org.apache.velocity.runtime.log.AvalonLogChute is not available (java.lang.NoClassDefFoundError: org/apache/log/format/Formatter).  Falling back to next log system...
2020-04-23 12:07:44,000 - Target log system for org.apache.velocity.runtime.log.AvalonLogChute is not available (java.lang.NoClassDefFoundError: org/apache/log/format/Formatter).  Falling back to next log system...
2020-04-23 12:07:44,000 - Target log system for org.apache.velocity.runtime.log.AvalonLogChute is not available (java.lang.NoClassDefFoundError: org/apache/log/format/Formatter).  Falling back to next log system...
2020-04-23 12:07:44,000 - Target log system for org.apache.velocity.runtime.log.AvalonLogChute is not available (java.lang.NoClassDefFoundError: org/apache/log/format/Formatter).  Falling back to next log system...
2020-04-23 12:07:44,000 - Trying to use logger class org.apache.velocity.runtime.log.Log4JLogChute
2020-04-23 12:07:44,000 - Trying to use logger class org.apache.velocity.runtime.log.Log4JLogChute
2020-04-23 12:07:44,000 - Trying to use logger class org.apache.velocity.runtime.log.Log4JLogChute
2020-04-23 12:07:44,000 - Trying to use logger class org.apache.velocity.runtime.log.Log4JLogChute
2020-04-23 12:07:44,000 - Trying to use logger class org.apache.velocity.runtime.log.Log4JLogChute
2020-04-23 12:07:44,000 - Trying to use logger class org.apache.velocity.runtime.log.Log4JLogChute
2020-04-23 12:07:44,001 - Using logger class org.apache.velocity.runtime.log.Log4JLogChute
2020-04-23 12:07:44,001 - Using logger class org.apache.velocity.runtime.log.Log4JLogChute
2020-04-23 12:07:44,001 - Using logger class org.apache.velocity.runtime.log.Log4JLogChute
2020-04-23 12:07:44,001 - Using logger class org.apache.velocity.runtime.log.Log4JLogChute
2020-04-23 12:07:44,001 - Using logger class org.apache.velocity.runtime.log.Log4JLogChute
2020-04-23 12:07:44,001 - Using logger class org.apache.velocity.runtime.log.Log4JLogChute
2020-04-23 12:07:44,001 - ResourceLoader instantiated: org.apache.velocity.runtime.resource.loader.ClasspathResourceLoader
2020-04-23 12:07:44,001 - ResourceLoader instantiated: org.apache.velocity.runtime.resource.loader.ClasspathResourceLoader
2020-04-23 12:07:44,001 - ResourceLoader instantiated: org.apache.velocity.runtime.resource.loader.ClasspathResourceLoader
2020-04-23 12:07:44,001 - ResourceLoader instantiated: org.apache.velocity.runtime.resource.loader.ClasspathResourceLoader
2020-04-23 12:07:44,001 - ResourceLoader instantiated: org.apache.velocity.runtime.resource.loader.ClasspathResourceLoader
2020-04-23 12:07:44,001 - ResourceLoader instantiated: org.apache.velocity.runtime.resource.loader.ClasspathResourceLoader
2020-04-23 12:07:44,001 - ResourceCache: initialized (class org.apache.velocity.runtime.resource.ResourceCacheImpl) with class java.util.Collections$SynchronizedMap cache map.
2020-04-23 12:07:44,001 - ResourceCache: initialized (class org.apache.velocity.runtime.resource.ResourceCacheImpl) with class java.util.Collections$SynchronizedMap cache map.
2020-04-23 12:07:44,001 - ResourceCache: initialized (class org.apache.velocity.runtime.resource.ResourceCacheImpl) with class java.util.Collections$SynchronizedMap cache map.
2020-04-23 12:07:44,001 - ResourceCache: initialized (class org.apache.velocity.runtime.resource.ResourceCacheImpl) with class java.util.Collections$SynchronizedMap cache map.
2020-04-23 12:07:44,001 - ResourceCache: initialized (class org.apache.velocity.runtime.resource.ResourceCacheImpl) with class java.util.Collections$SynchronizedMap cache map.
2020-04-23 12:07:44,001 - ResourceCache: initialized (class org.apache.velocity.runtime.resource.ResourceCacheImpl) with class java.util.Collections$SynchronizedMap cache map.
2020-04-23 12:07:44,001 - Loaded System Directive: org.apache.velocity.runtime.directive.Stop
2020-04-23 12:07:44,001 - Loaded System Directive: org.apache.velocity.runtime.directive.Stop
2020-04-23 12:07:44,001 - Loaded System Directive: org.apache.velocity.runtime.directive.Stop
2020-04-23 12:07:44,001 - Loaded System Directive: org.apache.velocity.runtime.directive.Stop
2020-04-23 12:07:44,001 - Loaded System Directive: org.apache.velocity.runtime.directive.Stop
2020-04-23 12:07:44,001 - Loaded System Directive: org.apache.velocity.runtime.directive.Stop
2020-04-23 12:07:44,001 - Loaded System Directive: org.apache.velocity.runtime.directive.Define
2020-04-23 12:07:44,001 - Loaded System Directive: org.apache.velocity.runtime.directive.Define
2020-04-23 12:07:44,001 - Loaded System Directive: org.apache.velocity.runtime.directive.Define
2020-04-23 12:07:44,001 - Loaded System Directive: org.apache.velocity.runtime.directive.Define
2020-04-23 12:07:44,001 - Loaded System Directive: org.apache.velocity.runtime.directive.Define
2020-04-23 12:07:44,001 - Loaded System Directive: org.apache.velocity.runtime.directive.Define
2020-04-23 12:07:44,002 - Loaded System Directive: org.apache.velocity.runtime.directive.Break
2020-04-23 12:07:44,002 - Loaded System Directive: org.apache.velocity.runtime.directive.Break
2020-04-23 12:07:44,002 - Loaded System Directive: org.apache.velocity.runtime.directive.Break
2020-04-23 12:07:44,002 - Loaded System Directive: org.apache.velocity.runtime.directive.Break
2020-04-23 12:07:44,002 - Loaded System Directive: org.apache.velocity.runtime.directive.Break
2020-04-23 12:07:44,002 - Loaded System Directive: org.apache.velocity.runtime.directive.Break
2020-04-23 12:07:44,002 - Loaded System Directive: org.apache.velocity.runtime.directive.Evaluate
2020-04-23 12:07:44,002 - Loaded System Directive: org.apache.velocity.runtime.directive.Evaluate
2020-04-23 12:07:44,002 - Loaded System Directive: org.apache.velocity.runtime.directive.Evaluate
2020-04-23 12:07:44,002 - Loaded System Directive: org.apache.velocity.runtime.directive.Evaluate
2020-04-23 12:07:44,002 - Loaded System Directive: org.apache.velocity.runtime.directive.Evaluate
2020-04-23 12:07:44,002 - Loaded System Directive: org.apache.velocity.runtime.directive.Evaluate
2020-04-23 12:07:44,002 - Loaded System Directive: org.apache.velocity.runtime.directive.Literal
2020-04-23 12:07:44,002 - Loaded System Directive: org.apache.velocity.runtime.directive.Literal
2020-04-23 12:07:44,002 - Loaded System Directive: org.apache.velocity.runtime.directive.Literal
2020-04-23 12:07:44,002 - Loaded System Directive: org.apache.velocity.runtime.directive.Literal
2020-04-23 12:07:44,002 - Loaded System Directive: org.apache.velocity.runtime.directive.Literal
2020-04-23 12:07:44,002 - Loaded System Directive: org.apache.velocity.runtime.directive.Literal
2020-04-23 12:07:44,002 - Loaded System Directive: org.apache.velocity.runtime.directive.Macro
2020-04-23 12:07:44,002 - Loaded System Directive: org.apache.velocity.runtime.directive.Macro
2020-04-23 12:07:44,002 - Loaded System Directive: org.apache.velocity.runtime.directive.Macro
2020-04-23 12:07:44,002 - Loaded System Directive: org.apache.velocity.runtime.directive.Macro
2020-04-23 12:07:44,002 - Loaded System Directive: org.apache.velocity.runtime.directive.Macro
2020-04-23 12:07:44,002 - Loaded System Directive: org.apache.velocity.runtime.directive.Macro
2020-04-23 12:07:44,002 - Loaded System Directive: org.apache.velocity.runtime.directive.Parse
2020-04-23 12:07:44,002 - Loaded System Directive: org.apache.velocity.runtime.directive.Parse
2020-04-23 12:07:44,002 - Loaded System Directive: org.apache.velocity.runtime.directive.Parse
2020-04-23 12:07:44,002 - Loaded System Directive: org.apache.velocity.runtime.directive.Parse
2020-04-23 12:07:44,002 - Loaded System Directive: org.apache.velocity.runtime.directive.Parse
2020-04-23 12:07:44,002 - Loaded System Directive: org.apache.velocity.runtime.directive.Parse
2020-04-23 12:07:44,002 - Loaded System Directive: org.apache.velocity.runtime.directive.Include
2020-04-23 12:07:44,002 - Loaded System Directive: org.apache.velocity.runtime.directive.Include
2020-04-23 12:07:44,002 - Loaded System Directive: org.apache.velocity.runtime.directive.Include
2020-04-23 12:07:44,002 - Loaded System Directive: org.apache.velocity.runtime.directive.Include
2020-04-23 12:07:44,002 - Loaded System Directive: org.apache.velocity.runtime.directive.Include
2020-04-23 12:07:44,002 - Loaded System Directive: org.apache.velocity.runtime.directive.Include
2020-04-23 12:07:44,002 - Loaded System Directive: org.apache.velocity.runtime.directive.Foreach
2020-04-23 12:07:44,002 - Loaded System Directive: org.apache.velocity.runtime.directive.Foreach
2020-04-23 12:07:44,002 - Loaded System Directive: org.apache.velocity.runtime.directive.Foreach
2020-04-23 12:07:44,002 - Loaded System Directive: org.apache.velocity.runtime.directive.Foreach
2020-04-23 12:07:44,002 - Loaded System Directive: org.apache.velocity.runtime.directive.Foreach
2020-04-23 12:07:44,002 - Loaded System Directive: org.apache.velocity.runtime.directive.Foreach
2020-04-23 12:07:44,004 - Created '20' parsers.
2020-04-23 12:07:44,004 - Created '20' parsers.
2020-04-23 12:07:44,004 - Created '20' parsers.
2020-04-23 12:07:44,004 - Created '20' parsers.
2020-04-23 12:07:44,004 - Created '20' parsers.
2020-04-23 12:07:44,004 - Created '20' parsers.
2020-04-23 12:07:44,004 - Velocimacro : "velocimacro.library" is not set.  Trying default library: VM_global_library.vm
2020-04-23 12:07:44,004 - Velocimacro : "velocimacro.library" is not set.  Trying default library: VM_global_library.vm
2020-04-23 12:07:44,004 - Velocimacro : "velocimacro.library" is not set.  Trying default library: VM_global_library.vm
2020-04-23 12:07:44,004 - Velocimacro : "velocimacro.library" is not set.  Trying default library: VM_global_library.vm
2020-04-23 12:07:44,004 - Velocimacro : "velocimacro.library" is not set.  Trying default library: VM_global_library.vm
2020-04-23 12:07:44,004 - Velocimacro : "velocimacro.library" is not set.  Trying default library: VM_global_library.vm
2020-04-23 12:07:44,005 - Could not load resource 'VM_global_library.vm' from ResourceLoader org.apache.velocity.runtime.resource.loader.ClasspathResourceLoader: ClasspathResourceLoader Error: cannot find resource VM_global_library.vm
2020-04-23 12:07:44,005 - Could not load resource 'VM_global_library.vm' from ResourceLoader org.apache.velocity.runtime.resource.loader.ClasspathResourceLoader: ClasspathResourceLoader Error: cannot find resource VM_global_library.vm
2020-04-23 12:07:44,005 - Could not load resource 'VM_global_library.vm' from ResourceLoader org.apache.velocity.runtime.resource.loader.ClasspathResourceLoader: ClasspathResourceLoader Error: cannot find resource VM_global_library.vm
2020-04-23 12:07:44,005 - Could not load resource 'VM_global_library.vm' from ResourceLoader org.apache.velocity.runtime.resource.loader.ClasspathResourceLoader: ClasspathResourceLoader Error: cannot find resource VM_global_library.vm
2020-04-23 12:07:44,005 - Could not load resource 'VM_global_library.vm' from ResourceLoader org.apache.velocity.runtime.resource.loader.ClasspathResourceLoader: ClasspathResourceLoader Error: cannot find resource VM_global_library.vm
2020-04-23 12:07:44,005 - Could not load resource 'VM_global_library.vm' from ResourceLoader org.apache.velocity.runtime.resource.loader.ClasspathResourceLoader: ClasspathResourceLoader Error: cannot find resource VM_global_library.vm
2020-04-23 12:07:44,005 - Velocimacro : Default library not found.
2020-04-23 12:07:44,005 - Velocimacro : Default library not found.
2020-04-23 12:07:44,005 - Velocimacro : Default library not found.
2020-04-23 12:07:44,005 - Velocimacro : Default library not found.
2020-04-23 12:07:44,005 - Velocimacro : Default library not found.
2020-04-23 12:07:44,005 - Velocimacro : Default library not found.
2020-04-23 12:07:44,005 - Velocimacro : allowInline = true : VMs can be defined inline in templates
2020-04-23 12:07:44,005 - Velocimacro : allowInline = true : VMs can be defined inline in templates
2020-04-23 12:07:44,005 - Velocimacro : allowInline = true : VMs can be defined inline in templates
2020-04-23 12:07:44,005 - Velocimacro : allowInline = true : VMs can be defined inline in templates
2020-04-23 12:07:44,005 - Velocimacro : allowInline = true : VMs can be defined inline in templates
2020-04-23 12:07:44,005 - Velocimacro : allowInline = true : VMs can be defined inline in templates
2020-04-23 12:07:44,005 - Velocimacro : allowInlineToOverride = false : VMs defined inline may NOT replace previous VM definitions
2020-04-23 12:07:44,005 - Velocimacro : allowInlineToOverride = false : VMs defined inline may NOT replace previous VM definitions
2020-04-23 12:07:44,005 - Velocimacro : allowInlineToOverride = false : VMs defined inline may NOT replace previous VM definitions
2020-04-23 12:07:44,005 - Velocimacro : allowInlineToOverride = false : VMs defined inline may NOT replace previous VM definitions
2020-04-23 12:07:44,005 - Velocimacro : allowInlineToOverride = false : VMs defined inline may NOT replace previous VM definitions
2020-04-23 12:07:44,005 - Velocimacro : allowInlineToOverride = false : VMs defined inline may NOT replace previous VM definitions
2020-04-23 12:07:44,005 - Velocimacro : allowInlineLocal = false : VMs defined inline will be global in scope if allowed.
2020-04-23 12:07:44,005 - Velocimacro : allowInlineLocal = false : VMs defined inline will be global in scope if allowed.
2020-04-23 12:07:44,005 - Velocimacro : allowInlineLocal = false : VMs defined inline will be global in scope if allowed.
2020-04-23 12:07:44,005 - Velocimacro : allowInlineLocal = false : VMs defined inline will be global in scope if allowed.
2020-04-23 12:07:44,005 - Velocimacro : allowInlineLocal = false : VMs defined inline will be global in scope if allowed.
2020-04-23 12:07:44,005 - Velocimacro : allowInlineLocal = false : VMs defined inline will be global in scope if allowed.
2020-04-23 12:07:44,005 - Velocimacro : autoload off : VM system will not automatically reload global library macros
2020-04-23 12:07:44,005 - Velocimacro : autoload off : VM system will not automatically reload global library macros
2020-04-23 12:07:44,005 - Velocimacro : autoload off : VM system will not automatically reload global library macros
2020-04-23 12:07:44,005 - Velocimacro : autoload off : VM system will not automatically reload global library macros
2020-04-23 12:07:44,005 - Velocimacro : autoload off : VM system will not automatically reload global library macros
2020-04-23 12:07:44,005 - Velocimacro : autoload off : VM system will not automatically reload global library macros
2020-04-23 12:07:44,010 - ResourceManager : found templates/schedule.vtl with loader org.apache.velocity.runtime.resource.loader.ClasspathResourceLoader
2020-04-23 12:07:44,010 - ResourceManager : found templates/schedule.vtl with loader org.apache.velocity.runtime.resource.loader.ClasspathResourceLoader
2020-04-23 12:07:44,010 - ResourceManager : found templates/schedule.vtl with loader org.apache.velocity.runtime.resource.loader.ClasspathResourceLoader
2020-04-23 12:07:44,010 - ResourceManager : found templates/schedule.vtl with loader org.apache.velocity.runtime.resource.loader.ClasspathResourceLoader
2020-04-23 12:07:44,010 - ResourceManager : found templates/schedule.vtl with loader org.apache.velocity.runtime.resource.loader.ClasspathResourceLoader
2020-04-23 12:07:44,010 - ResourceManager : found templates/schedule.vtl with loader org.apache.velocity.runtime.resource.loader.ClasspathResourceLoader
2020-04-23 12:07:45,968 - ResourceManager : found templates/dashboard.vtl with loader org.apache.velocity.runtime.resource.loader.ClasspathResourceLoader
2020-04-23 12:07:45,968 - ResourceManager : found templates/dashboard.vtl with loader org.apache.velocity.runtime.resource.loader.ClasspathResourceLoader
2020-04-23 12:07:45,968 - ResourceManager : found templates/dashboard.vtl with loader org.apache.velocity.runtime.resource.loader.ClasspathResourceLoader
2020-04-23 12:07:45,968 - ResourceManager : found templates/dashboard.vtl with loader org.apache.velocity.runtime.resource.loader.ClasspathResourceLoader
2020-04-23 12:07:45,968 - ResourceManager : found templates/dashboard.vtl with loader org.apache.velocity.runtime.resource.loader.ClasspathResourceLoader
2020-04-23 12:07:45,968 - ResourceManager : found templates/dashboard.vtl with loader org.apache.velocity.runtime.resource.loader.ClasspathResourceLoader
2020-04-23 12:07:47,292 - Log4JLogChute initialized using file 'velocity.log'
2020-04-23 12:07:47,292 - Log4JLogChute initialized using file 'velocity.log'
2020-04-23 12:07:47,292 - Log4JLogChute initialized using file 'velocity.log'
2020-04-23 12:07:47,292 - Log4JLogChute initialized using file 'velocity.log'
2020-04-23 12:07:47,292 - Log4JLogChute initialized using file 'velocity.log'
2020-04-23 12:07:47,292 - Log4JLogChute initialized using file 'velocity.log'
2020-04-23 12:07:47,292 - Log4JLogChute initialized using file 'velocity.log'
2020-04-23 12:07:47,292 - Initializing Velocity, Calling init()...
2020-04-23 12:07:47,292 - Initializing Velocity, Calling init()...
2020-04-23 12:07:47,292 - Initializing Velocity, Calling init()...
2020-04-23 12:07:47,292 - Initializing Velocity, Calling init()...
2020-04-23 12:07:47,292 - Initializing Velocity, Calling init()...
2020-04-23 12:07:47,292 - Initializing Velocity, Calling init()...
2020-04-23 12:07:47,292 - Initializing Velocity, Calling init()...
2020-04-23 12:07:47,293 - Starting Apache Velocity v1.7 (compiled: 2010-11-19 12:14:37)
2020-04-23 12:07:47,293 - Starting Apache Velocity v1.7 (compiled: 2010-11-19 12:14:37)
2020-04-23 12:07:47,293 - Starting Apache Velocity v1.7 (compiled: 2010-11-19 12:14:37)
2020-04-23 12:07:47,293 - Starting Apache Velocity v1.7 (compiled: 2010-11-19 12:14:37)
2020-04-23 12:07:47,293 - Starting Apache Velocity v1.7 (compiled: 2010-11-19 12:14:37)
2020-04-23 12:07:47,293 - Starting Apache Velocity v1.7 (compiled: 2010-11-19 12:14:37)
2020-04-23 12:07:47,293 - Starting Apache Velocity v1.7 (compiled: 2010-11-19 12:14:37)
2020-04-23 12:07:47,293 - Default Properties File: org/apache/velocity/runtime/defaults/velocity.properties
2020-04-23 12:07:47,293 - Default Properties File: org/apache/velocity/runtime/defaults/velocity.properties
2020-04-23 12:07:47,293 - Default Properties File: org/apache/velocity/runtime/defaults/velocity.properties
2020-04-23 12:07:47,293 - Default Properties File: org/apache/velocity/runtime/defaults/velocity.properties
2020-04-23 12:07:47,293 - Default Properties File: org/apache/velocity/runtime/defaults/velocity.properties
2020-04-23 12:07:47,293 - Default Properties File: org/apache/velocity/runtime/defaults/velocity.properties
2020-04-23 12:07:47,293 - Default Properties File: org/apache/velocity/runtime/defaults/velocity.properties
2020-04-23 12:07:47,293 - Trying to use logger class org.apache.velocity.runtime.log.AvalonLogChute
2020-04-23 12:07:47,293 - Trying to use logger class org.apache.velocity.runtime.log.AvalonLogChute
2020-04-23 12:07:47,293 - Trying to use logger class org.apache.velocity.runtime.log.AvalonLogChute
2020-04-23 12:07:47,293 - Trying to use logger class org.apache.velocity.runtime.log.AvalonLogChute
2020-04-23 12:07:47,293 - Trying to use logger class org.apache.velocity.runtime.log.AvalonLogChute
2020-04-23 12:07:47,293 - Trying to use logger class org.apache.velocity.runtime.log.AvalonLogChute
2020-04-23 12:07:47,293 - Trying to use logger class org.apache.velocity.runtime.log.AvalonLogChute
2020-04-23 12:07:47,293 - Target log system for org.apache.velocity.runtime.log.AvalonLogChute is not available (java.lang.NoClassDefFoundError: org/apache/log/format/Formatter).  Falling back to next log system...
2020-04-23 12:07:47,293 - Target log system for org.apache.velocity.runtime.log.AvalonLogChute is not available (java.lang.NoClassDefFoundError: org/apache/log/format/Formatter).  Falling back to next log system...
2020-04-23 12:07:47,293 - Target log system for org.apache.velocity.runtime.log.AvalonLogChute is not available (java.lang.NoClassDefFoundError: org/apache/log/format/Formatter).  Falling back to next log system...
2020-04-23 12:07:47,293 - Target log system for org.apache.velocity.runtime.log.AvalonLogChute is not available (java.lang.NoClassDefFoundError: org/apache/log/format/Formatter).  Falling back to next log system...
2020-04-23 12:07:47,293 - Target log system for org.apache.velocity.runtime.log.AvalonLogChute is not available (java.lang.NoClassDefFoundError: org/apache/log/format/Formatter).  Falling back to next log system...
2020-04-23 12:07:47,293 - Target log system for org.apache.velocity.runtime.log.AvalonLogChute is not available (java.lang.NoClassDefFoundError: org/apache/log/format/Formatter).  Falling back to next log system...
2020-04-23 12:07:47,293 - Target log system for org.apache.velocity.runtime.log.AvalonLogChute is not available (java.lang.NoClassDefFoundError: org/apache/log/format/Formatter).  Falling back to next log system...
2020-04-23 12:07:47,293 - Trying to use logger class org.apache.velocity.runtime.log.Log4JLogChute
2020-04-23 12:07:47,293 - Trying to use logger class org.apache.velocity.runtime.log.Log4JLogChute
2020-04-23 12:07:47,293 - Trying to use logger class org.apache.velocity.runtime.log.Log4JLogChute
2020-04-23 12:07:47,293 - Trying to use logger class org.apache.velocity.runtime.log.Log4JLogChute
2020-04-23 12:07:47,293 - Trying to use logger class org.apache.velocity.runtime.log.Log4JLogChute
2020-04-23 12:07:47,293 - Trying to use logger class org.apache.velocity.runtime.log.Log4JLogChute
2020-04-23 12:07:47,293 - Trying to use logger class org.apache.velocity.runtime.log.Log4JLogChute
2020-04-23 12:07:47,293 - Using logger class org.apache.velocity.runtime.log.Log4JLogChute
2020-04-23 12:07:47,293 - Using logger class org.apache.velocity.runtime.log.Log4JLogChute
2020-04-23 12:07:47,293 - Using logger class org.apache.velocity.runtime.log.Log4JLogChute
2020-04-23 12:07:47,293 - Using logger class org.apache.velocity.runtime.log.Log4JLogChute
2020-04-23 12:07:47,293 - Using logger class org.apache.velocity.runtime.log.Log4JLogChute
2020-04-23 12:07:47,293 - Using logger class org.apache.velocity.runtime.log.Log4JLogChute
2020-04-23 12:07:47,293 - Using logger class org.apache.velocity.runtime.log.Log4JLogChute
2020-04-23 12:07:47,294 - ResourceLoader instantiated: org.apache.velocity.runtime.resource.loader.ClasspathResourceLoader
2020-04-23 12:07:47,294 - ResourceLoader instantiated: org.apache.velocity.runtime.resource.loader.ClasspathResourceLoader
2020-04-23 12:07:47,294 - ResourceLoader instantiated: org.apache.velocity.runtime.resource.loader.ClasspathResourceLoader
2020-04-23 12:07:47,294 - ResourceLoader instantiated: org.apache.velocity.runtime.resource.loader.ClasspathResourceLoader
2020-04-23 12:07:47,294 - ResourceLoader instantiated: org.apache.velocity.runtime.resource.loader.ClasspathResourceLoader
2020-04-23 12:07:47,294 - ResourceLoader instantiated: org.apache.velocity.runtime.resource.loader.ClasspathResourceLoader
2020-04-23 12:07:47,294 - ResourceLoader instantiated: org.apache.velocity.runtime.resource.loader.ClasspathResourceLoader
2020-04-23 12:07:47,294 - ResourceCache: initialized (class org.apache.velocity.runtime.resource.ResourceCacheImpl) with class java.util.Collections$SynchronizedMap cache map.
2020-04-23 12:07:47,294 - ResourceCache: initialized (class org.apache.velocity.runtime.resource.ResourceCacheImpl) with class java.util.Collections$SynchronizedMap cache map.
2020-04-23 12:07:47,294 - ResourceCache: initialized (class org.apache.velocity.runtime.resource.ResourceCacheImpl) with class java.util.Collections$SynchronizedMap cache map.
2020-04-23 12:07:47,294 - ResourceCache: initialized (class org.apache.velocity.runtime.resource.ResourceCacheImpl) with class java.util.Collections$SynchronizedMap cache map.
2020-04-23 12:07:47,294 - ResourceCache: initialized (class org.apache.velocity.runtime.resource.ResourceCacheImpl) with class java.util.Collections$SynchronizedMap cache map.
2020-04-23 12:07:47,294 - ResourceCache: initialized (class org.apache.velocity.runtime.resource.ResourceCacheImpl) with class java.util.Collections$SynchronizedMap cache map.
2020-04-23 12:07:47,294 - ResourceCache: initialized (class org.apache.velocity.runtime.resource.ResourceCacheImpl) with class java.util.Collections$SynchronizedMap cache map.
2020-04-23 12:07:47,294 - Loaded System Directive: org.apache.velocity.runtime.directive.Stop
2020-04-23 12:07:47,294 - Loaded System Directive: org.apache.velocity.runtime.directive.Stop
2020-04-23 12:07:47,294 - Loaded System Directive: org.apache.velocity.runtime.directive.Stop
2020-04-23 12:07:47,294 - Loaded System Directive: org.apache.velocity.runtime.directive.Stop
2020-04-23 12:07:47,294 - Loaded System Directive: org.apache.velocity.runtime.directive.Stop
2020-04-23 12:07:47,294 - Loaded System Directive: org.apache.velocity.runtime.directive.Stop
2020-04-23 12:07:47,294 - Loaded System Directive: org.apache.velocity.runtime.directive.Stop
2020-04-23 12:07:47,295 - Loaded System Directive: org.apache.velocity.runtime.directive.Define
2020-04-23 12:07:47,295 - Loaded System Directive: org.apache.velocity.runtime.directive.Define
2020-04-23 12:07:47,295 - Loaded System Directive: org.apache.velocity.runtime.directive.Define
2020-04-23 12:07:47,295 - Loaded System Directive: org.apache.velocity.runtime.directive.Define
2020-04-23 12:07:47,295 - Loaded System Directive: org.apache.velocity.runtime.directive.Define
2020-04-23 12:07:47,295 - Loaded System Directive: org.apache.velocity.runtime.directive.Define
2020-04-23 12:07:47,295 - Loaded System Directive: org.apache.velocity.runtime.directive.Define
2020-04-23 12:07:47,295 - Loaded System Directive: org.apache.velocity.runtime.directive.Break
2020-04-23 12:07:47,295 - Loaded System Directive: org.apache.velocity.runtime.directive.Break
2020-04-23 12:07:47,295 - Loaded System Directive: org.apache.velocity.runtime.directive.Break
2020-04-23 12:07:47,295 - Loaded System Directive: org.apache.velocity.runtime.directive.Break
2020-04-23 12:07:47,295 - Loaded System Directive: org.apache.velocity.runtime.directive.Break
2020-04-23 12:07:47,295 - Loaded System Directive: org.apache.velocity.runtime.directive.Break
2020-04-23 12:07:47,295 - Loaded System Directive: org.apache.velocity.runtime.directive.Break
2020-04-23 12:07:47,295 - Loaded System Directive: org.apache.velocity.runtime.directive.Evaluate
2020-04-23 12:07:47,295 - Loaded System Directive: org.apache.velocity.runtime.directive.Evaluate
2020-04-23 12:07:47,295 - Loaded System Directive: org.apache.velocity.runtime.directive.Evaluate
2020-04-23 12:07:47,295 - Loaded System Directive: org.apache.velocity.runtime.directive.Evaluate
2020-04-23 12:07:47,295 - Loaded System Directive: org.apache.velocity.runtime.directive.Evaluate
2020-04-23 12:07:47,295 - Loaded System Directive: org.apache.velocity.runtime.directive.Evaluate
2020-04-23 12:07:47,295 - Loaded System Directive: org.apache.velocity.runtime.directive.Evaluate
2020-04-23 12:07:47,295 - Loaded System Directive: org.apache.velocity.runtime.directive.Literal
2020-04-23 12:07:47,295 - Loaded System Directive: org.apache.velocity.runtime.directive.Literal
2020-04-23 12:07:47,295 - Loaded System Directive: org.apache.velocity.runtime.directive.Literal
2020-04-23 12:07:47,295 - Loaded System Directive: org.apache.velocity.runtime.directive.Literal
2020-04-23 12:07:47,295 - Loaded System Directive: org.apache.velocity.runtime.directive.Literal
2020-04-23 12:07:47,295 - Loaded System Directive: org.apache.velocity.runtime.directive.Literal
2020-04-23 12:07:47,295 - Loaded System Directive: org.apache.velocity.runtime.directive.Literal
2020-04-23 12:07:47,295 - Loaded System Directive: org.apache.velocity.runtime.directive.Macro
2020-04-23 12:07:47,295 - Loaded System Directive: org.apache.velocity.runtime.directive.Macro
2020-04-23 12:07:47,295 - Loaded System Directive: org.apache.velocity.runtime.directive.Macro
2020-04-23 12:07:47,295 - Loaded System Directive: org.apache.velocity.runtime.directive.Macro
2020-04-23 12:07:47,295 - Loaded System Directive: org.apache.velocity.runtime.directive.Macro
2020-04-23 12:07:47,295 - Loaded System Directive: org.apache.velocity.runtime.directive.Macro
2020-04-23 12:07:47,295 - Loaded System Directive: org.apache.velocity.runtime.directive.Macro
2020-04-23 12:07:47,295 - Loaded System Directive: org.apache.velocity.runtime.directive.Parse
2020-04-23 12:07:47,295 - Loaded System Directive: org.apache.velocity.runtime.directive.Parse
2020-04-23 12:07:47,295 - Loaded System Directive: org.apache.velocity.runtime.directive.Parse
2020-04-23 12:07:47,295 - Loaded System Directive: org.apache.velocity.runtime.directive.Parse
2020-04-23 12:07:47,295 - Loaded System Directive: org.apache.velocity.runtime.directive.Parse
2020-04-23 12:07:47,295 - Loaded System Directive: org.apache.velocity.runtime.directive.Parse
2020-04-23 12:07:47,295 - Loaded System Directive: org.apache.velocity.runtime.directive.Parse
2020-04-23 12:07:47,295 - Loaded System Directive: org.apache.velocity.runtime.directive.Include
2020-04-23 12:07:47,295 - Loaded System Directive: org.apache.velocity.runtime.directive.Include
2020-04-23 12:07:47,295 - Loaded System Directive: org.apache.velocity.runtime.directive.Include
2020-04-23 12:07:47,295 - Loaded System Directive: org.apache.velocity.runtime.directive.Include
2020-04-23 12:07:47,295 - Loaded System Directive: org.apache.velocity.runtime.directive.Include
2020-04-23 12:07:47,295 - Loaded System Directive: org.apache.velocity.runtime.directive.Include
2020-04-23 12:07:47,295 - Loaded System Directive: org.apache.velocity.runtime.directive.Include
2020-04-23 12:07:47,295 - Loaded System Directive: org.apache.velocity.runtime.directive.Foreach
2020-04-23 12:07:47,295 - Loaded System Directive: org.apache.velocity.runtime.directive.Foreach
2020-04-23 12:07:47,295 - Loaded System Directive: org.apache.velocity.runtime.directive.Foreach
2020-04-23 12:07:47,295 - Loaded System Directive: org.apache.velocity.runtime.directive.Foreach
2020-04-23 12:07:47,295 - Loaded System Directive: org.apache.velocity.runtime.directive.Foreach
2020-04-23 12:07:47,295 - Loaded System Directive: org.apache.velocity.runtime.directive.Foreach
2020-04-23 12:07:47,295 - Loaded System Directive: org.apache.velocity.runtime.directive.Foreach
2020-04-23 12:07:47,298 - Created '20' parsers.
2020-04-23 12:07:47,298 - Created '20' parsers.
2020-04-23 12:07:47,298 - Created '20' parsers.
2020-04-23 12:07:47,298 - Created '20' parsers.
2020-04-23 12:07:47,298 - Created '20' parsers.
2020-04-23 12:07:47,298 - Created '20' parsers.
2020-04-23 12:07:47,298 - Created '20' parsers.
2020-04-23 12:07:47,298 - Velocimacro : "velocimacro.library" is not set.  Trying default library: VM_global_library.vm
2020-04-23 12:07:47,298 - Velocimacro : "velocimacro.library" is not set.  Trying default library: VM_global_library.vm
2020-04-23 12:07:47,298 - Velocimacro : "velocimacro.library" is not set.  Trying default library: VM_global_library.vm
2020-04-23 12:07:47,298 - Velocimacro : "velocimacro.library" is not set.  Trying default library: VM_global_library.vm
2020-04-23 12:07:47,298 - Velocimacro : "velocimacro.library" is not set.  Trying default library: VM_global_library.vm
2020-04-23 12:07:47,298 - Velocimacro : "velocimacro.library" is not set.  Trying default library: VM_global_library.vm
2020-04-23 12:07:47,298 - Velocimacro : "velocimacro.library" is not set.  Trying default library: VM_global_library.vm
2020-04-23 12:07:47,299 - Could not load resource 'VM_global_library.vm' from ResourceLoader org.apache.velocity.runtime.resource.loader.ClasspathResourceLoader: ClasspathResourceLoader Error: cannot find resource VM_global_library.vm
2020-04-23 12:07:47,299 - Could not load resource 'VM_global_library.vm' from ResourceLoader org.apache.velocity.runtime.resource.loader.ClasspathResourceLoader: ClasspathResourceLoader Error: cannot find resource VM_global_library.vm
2020-04-23 12:07:47,299 - Could not load resource 'VM_global_library.vm' from ResourceLoader org.apache.velocity.runtime.resource.loader.ClasspathResourceLoader: ClasspathResourceLoader Error: cannot find resource VM_global_library.vm
2020-04-23 12:07:47,299 - Could not load resource 'VM_global_library.vm' from ResourceLoader org.apache.velocity.runtime.resource.loader.ClasspathResourceLoader: ClasspathResourceLoader Error: cannot find resource VM_global_library.vm
2020-04-23 12:07:47,299 - Could not load resource 'VM_global_library.vm' from ResourceLoader org.apache.velocity.runtime.resource.loader.ClasspathResourceLoader: ClasspathResourceLoader Error: cannot find resource VM_global_library.vm
2020-04-23 12:07:47,299 - Could not load resource 'VM_global_library.vm' from ResourceLoader org.apache.velocity.runtime.resource.loader.ClasspathResourceLoader: ClasspathResourceLoader Error: cannot find resource VM_global_library.vm
2020-04-23 12:07:47,299 - Could not load resource 'VM_global_library.vm' from ResourceLoader org.apache.velocity.runtime.resource.loader.ClasspathResourceLoader: ClasspathResourceLoader Error: cannot find resource VM_global_library.vm
2020-04-23 12:07:47,299 - Velocimacro : Default library not found.
2020-04-23 12:07:47,299 - Velocimacro : Default library not found.
2020-04-23 12:07:47,299 - Velocimacro : Default library not found.
2020-04-23 12:07:47,299 - Velocimacro : Default library not found.
2020-04-23 12:07:47,299 - Velocimacro : Default library not found.
2020-04-23 12:07:47,299 - Velocimacro : Default library not found.
2020-04-23 12:07:47,299 - Velocimacro : Default library not found.
2020-04-23 12:07:47,299 - Velocimacro : allowInline = true : VMs can be defined inline in templates
2020-04-23 12:07:47,299 - Velocimacro : allowInline = true : VMs can be defined inline in templates
2020-04-23 12:07:47,299 - Velocimacro : allowInline = true : VMs can be defined inline in templates
2020-04-23 12:07:47,299 - Velocimacro : allowInline = true : VMs can be defined inline in templates
2020-04-23 12:07:47,299 - Velocimacro : allowInline = true : VMs can be defined inline in templates
2020-04-23 12:07:47,299 - Velocimacro : allowInline = true : VMs can be defined inline in templates
2020-04-23 12:07:47,299 - Velocimacro : allowInline = true : VMs can be defined inline in templates
2020-04-23 12:07:47,299 - Velocimacro : allowInlineToOverride = false : VMs defined inline may NOT replace previous VM definitions
2020-04-23 12:07:47,299 - Velocimacro : allowInlineToOverride = false : VMs defined inline may NOT replace previous VM definitions
2020-04-23 12:07:47,299 - Velocimacro : allowInlineToOverride = false : VMs defined inline may NOT replace previous VM definitions
2020-04-23 12:07:47,299 - Velocimacro : allowInlineToOverride = false : VMs defined inline may NOT replace previous VM definitions
2020-04-23 12:07:47,299 - Velocimacro : allowInlineToOverride = false : VMs defined inline may NOT replace previous VM definitions
2020-04-23 12:07:47,299 - Velocimacro : allowInlineToOverride = false : VMs defined inline may NOT replace previous VM definitions
2020-04-23 12:07:47,299 - Velocimacro : allowInlineToOverride = false : VMs defined inline may NOT replace previous VM definitions
2020-04-23 12:07:47,299 - Velocimacro : allowInlineLocal = false : VMs defined inline will be global in scope if allowed.
2020-04-23 12:07:47,299 - Velocimacro : allowInlineLocal = false : VMs defined inline will be global in scope if allowed.
2020-04-23 12:07:47,299 - Velocimacro : allowInlineLocal = false : VMs defined inline will be global in scope if allowed.
2020-04-23 12:07:47,299 - Velocimacro : allowInlineLocal = false : VMs defined inline will be global in scope if allowed.
2020-04-23 12:07:47,299 - Velocimacro : allowInlineLocal = false : VMs defined inline will be global in scope if allowed.
2020-04-23 12:07:47,299 - Velocimacro : allowInlineLocal = false : VMs defined inline will be global in scope if allowed.
2020-04-23 12:07:47,299 - Velocimacro : allowInlineLocal = false : VMs defined inline will be global in scope if allowed.
2020-04-23 12:07:47,300 - Velocimacro : autoload off : VM system will not automatically reload global library macros
2020-04-23 12:07:47,300 - Velocimacro : autoload off : VM system will not automatically reload global library macros
2020-04-23 12:07:47,300 - Velocimacro : autoload off : VM system will not automatically reload global library macros
2020-04-23 12:07:47,300 - Velocimacro : autoload off : VM system will not automatically reload global library macros
2020-04-23 12:07:47,300 - Velocimacro : autoload off : VM system will not automatically reload global library macros
2020-04-23 12:07:47,300 - Velocimacro : autoload off : VM system will not automatically reload global library macros
2020-04-23 12:07:47,300 - Velocimacro : autoload off : VM system will not automatically reload global library macros
2020-04-23 12:07:47,304 - ResourceManager : found templates/yourtrips.vtl with loader org.apache.velocity.runtime.resource.loader.ClasspathResourceLoader
2020-04-23 12:07:47,304 - ResourceManager : found templates/yourtrips.vtl with loader org.apache.velocity.runtime.resource.loader.ClasspathResourceLoader
2020-04-23 12:07:47,304 - ResourceManager : found templates/yourtrips.vtl with loader org.apache.velocity.runtime.resource.loader.ClasspathResourceLoader
2020-04-23 12:07:47,304 - ResourceManager : found templates/yourtrips.vtl with loader org.apache.velocity.runtime.resource.loader.ClasspathResourceLoader
2020-04-23 12:07:47,304 - ResourceManager : found templates/yourtrips.vtl with loader org.apache.velocity.runtime.resource.loader.ClasspathResourceLoader
2020-04-23 12:07:47,304 - ResourceManager : found templates/yourtrips.vtl with loader org.apache.velocity.runtime.resource.loader.ClasspathResourceLoader
2020-04-23 12:07:47,304 - ResourceManager : found templates/yourtrips.vtl with loader org.apache.velocity.runtime.resource.loader.ClasspathResourceLoader
